#
# A fatal error has been detected by the Java Runtime Environment:
#
#  EXCEPTION_ACCESS_VIOLATION (0xc0000005) at pc=0x00000000623478b0, pid=2064, tid=0x0000000000003564
#
# JRE version: Java(TM) SE Runtime Environment (8.0_161-b12) (build 1.8.0_161-b12)
# Java VM: Java HotSpot(TM) 64-Bit Server VM (25.161-b12 mixed mode windows-amd64 compressed oops)
# Problematic frame:
# C  [glass.dll+0x278b0]
#
# Failed to write core dump. Minidumps are not enabled by default on client versions of Windows
#
# If you would like to submit a bug report, please visit:
#   http://bugreport.java.com/bugreport/crash.jsp
#

---------------  T H R E A D  ---------------

Current thread (0x000000001bfb7800):  VMThread [stack: 0x000000001d040000,0x000000001d140000] [id=13668]

siginfo: ExceptionCode=0xc0000005, reading address 0x0000000000000000

Registers:
RAX=0x0000000000000000, RBX=0x000000001e2b2460, RCX=0x000000001bfb7800, RDX=0x000000006378dc78
RSP=0x000000001d13f230, RBP=0x00000000008d6678, RSI=0x00000000008d6650, RDI=0x00003f407abcdb86
R8 =0x0000000000010002, R9 =0x0000000000000006, R10=0x00003f407abcdb86, R11=0x000000001d13f140
R12=0x0000000000000000, R13=0x0000000000000040, R14=0x000000001d13f348, R15=0x00000000008d6650
RIP=0x00000000623478b0, EFLAGS=0x0000000000010206

Top of Stack: (sp=0x000000001d13f230)
0x000000001d13f230:   0000000000000000 00007ffdeb80e52b
0x000000001d13f240:   00000000008d6660 00000000008d6660
0x000000001d13f250:   fffffffffffffffe 00000000008d6678
0x000000001d13f260:   00000000008d6658 00007ffdeb807013
0x000000001d13f270:   000000006235c1b0 00007ffd00000000
0x000000001d13f280:   0000685efebe4dff 0000000000000000
0x000000001d13f290:   fffffffffffffffe 00007ffdeb8072ad
0x000000001d13f2a0:   0000000000000001 0000000062320000
0x000000001d13f2b0:   0000000002721638 00000000623448dc
0x000000001d13f2c0:   000000001d13f338 00007ffdeb80da67
0x000000001d13f2d0:   0000000000000000 000000001d13f348
0x000000001d13f2e0:   000000001bec5400 00007ffdeb8eb090
0x000000001d13f2f0:   0000000000000000 00007ffdeb807204
0x000000001d13f300:   0000000000000000 0000000000000001
0x000000001d13f310:   000000001e1e9cf0 000000001d13f338
0x000000001d13f320:   0000000000000000 0000000062344752 

Instructions: (pc=0x00000000623478b0)
0x0000000062347890:   40 53 48 83 ec 30 48 c7 44 24 20 fe ff ff ff 48
0x00000000623478a0:   8b 1d 7a 72 01 00 48 85 db 74 16 e8 00 81 ff ff
0x00000000623478b0:   4c 8b 00 48 8b d3 48 8b c8 41 ff 90 b0 00 00 00
0x00000000623478c0:   90 48 83 c4 30 5b c3 cc cc cc cc cc cc cc cc cc 


Register to memory mapping:

RAX=0x0000000000000000 is an unknown value
RBX=0x000000001e2b2460 is a global jni handle
RCX=0x000000001bfb7800 is an unknown value
RDX=0x000000006378dc78 is an unknown value
RSP=0x000000001d13f230 is an unknown value
RBP=0x00000000008d6678 is an unknown value
RSI=0x00000000008d6650 is an unknown value
RDI=0x00003f407abcdb86 is an unknown value
R8 =0x0000000000010002 is an unknown value
R9 =0x0000000000000006 is an unknown value
R10=0x00003f407abcdb86 is an unknown value
R11=0x000000001d13f140 is an unknown value
R12=0x0000000000000000 is an unknown value
R13=0x0000000000000040 is an unknown value
R14=0x000000001d13f348 is an unknown value
R15=0x00000000008d6650 is an unknown value


Stack: [0x000000001d040000,0x000000001d140000],  sp=0x000000001d13f230,  free space=1020k
Native frames: (J=compiled Java code, j=interpreted, Vv=VM code, C=native code)
C  [glass.dll+0x278b0]
C  [ucrtbase.dll+0x7013]
C  [ucrtbase.dll+0xda67]
C  [ucrtbase.dll+0x7204]
C  [glass.dll+0x24752]
C  [glass.dll+0x24850]
C  [ntdll.dll+0x34143]
C  [ntdll.dll+0x40af5]
C  [ntdll.dll+0x409b8]
C  [KERNEL32.DLL+0x1b19a]
C  [msvcr100.dll+0x20ccd]
V  [jvm.dll+0x212e95]
V  [jvm.dll+0x24c227]
V  [jvm.dll+0x24b4c6]
V  [jvm.dll+0x24b961]
V  [jvm.dll+0x24bb7e]
V  [jvm.dll+0x29cc4a]
C  [msvcr100.dll+0x21d9f]
C  [msvcr100.dll+0x21e3b]
C  [KERNEL32.DLL+0x13034]
C  [ntdll.dll+0x71551]

VM_Operation (0x000000001f75aa90): Exit, mode: safepoint, requested by thread 0x000000001e1ca800


---------------  P R O C E S S  ---------------

Java Threads: ( => current thread )
  0x00000000270ed800 JavaThread "Prism Font Disposer" daemon [_thread_blocked, id=8944, stack(0x0000000028af0000,0x0000000028bf0000)]
  0x000000001e2c4800 JavaThread "JavaFX-Launcher" [_thread_blocked, id=7700, stack(0x00000000264d0000,0x00000000265d0000)]
  0x000000001e232000 JavaThread "Thread-2" daemon [_thread_in_native, id=14792, stack(0x00000000263d0000,0x00000000264d0000)]
  0x000000001e1ca800 JavaThread "JavaFX Application Thread" [_thread_blocked, id=14296, stack(0x000000001f660000,0x000000001f760000)]
  0x000000001e1e0000 JavaThread "Thread-1" daemon [_thread_blocked, id=18864, stack(0x000000001f560000,0x000000001f660000)]
  0x000000001e16c800 JavaThread "QuantumRenderer-0" daemon [_thread_blocked, id=4420, stack(0x000000001ea00000,0x000000001eb00000)]
  0x000000001d831800 JavaThread "Service Thread" daemon [_thread_blocked, id=18716, stack(0x000000001de30000,0x000000001df30000)]
  0x000000001d7a6000 JavaThread "C1 CompilerThread2" daemon [_thread_blocked, id=17812, stack(0x000000001dd30000,0x000000001de30000)]
  0x000000001d7a4000 JavaThread "C2 CompilerThread1" daemon [_thread_blocked, id=9200, stack(0x000000001dc30000,0x000000001dd30000)]
  0x000000001d79d800 JavaThread "C2 CompilerThread0" daemon [_thread_blocked, id=13120, stack(0x000000001db30000,0x000000001dc30000)]
  0x000000001d794800 JavaThread "Monitor Ctrl-Break" daemon [_thread_in_native, id=11596, stack(0x000000001da30000,0x000000001db30000)]
  0x000000001bff0000 JavaThread "Attach Listener" daemon [_thread_blocked, id=16984, stack(0x000000001d530000,0x000000001d630000)]
  0x000000001bfef000 JavaThread "Signal Dispatcher" daemon [_thread_blocked, id=9664, stack(0x000000001d430000,0x000000001d530000)]
  0x0000000002a1e800 JavaThread "Finalizer" daemon [_thread_blocked, id=12724, stack(0x000000001d240000,0x000000001d340000)]
  0x0000000002a15000 JavaThread "Reference Handler" daemon [_thread_blocked, id=9636, stack(0x000000001d140000,0x000000001d240000)]
  0x0000000002924000 JavaThread "main" [_thread_blocked, id=10032, stack(0x0000000002590000,0x0000000002690000)]

Other Threads:
=>0x000000001bfb7800 VMThread [stack: 0x000000001d040000,0x000000001d140000] [id=13668]

VM state:at safepoint (shutting down)

VM Mutex/Monitor currently owned by a thread:  ([mutex/lock_event])
[0x0000000002920550] Threads_lock - owner thread: 0x000000001bfb7800

Heap:
 PSYoungGen      total 76288K, used 46363K [0x000000076b400000, 0x0000000774900000, 0x00000007c0000000)
  eden space 65536K, 70% used [0x000000076b400000,0x000000076e146d08,0x000000076f400000)
  from space 10752K, 0% used [0x000000076fe80000,0x000000076fe80000,0x0000000770900000)
  to   space 10752K, 0% used [0x000000076f400000,0x000000076f400000,0x000000076fe80000)
 ParOldGen       total 98816K, used 9053K [0x00000006c1c00000, 0x00000006c7c80000, 0x000000076b400000)
  object space 98816K, 9% used [0x00000006c1c00000,0x00000006c24d74c8,0x00000006c7c80000)
 Metaspace       used 29754K, capacity 31210K, committed 31408K, reserved 1077248K
  class space    used 4143K, capacity 4420K, committed 4528K, reserved 1048576K

Card table byte_map: [0x0000000011de0000,0x00000000125e0000] byte_map_base: 0x000000000e7d2000

Marking Bits: (ParMarkBitMap*) 0x000000006397f860
 Begin Bits: [0x0000000012f30000, 0x0000000016ec0000)
 End Bits:   [0x0000000016ec0000, 0x000000001ae50000)

Polling page: 0x0000000002690000

CodeCache: size=245760Kb used=10182Kb max_used=10182Kb free=235577Kb
 bounds [0x0000000002a20000, 0x0000000003420000, 0x0000000011a20000]
 total_blobs=3979 nmethods=3237 adapters=654
 compilation: enabled

Compilation events (10 events):
Event: 96.269 Thread 0x000000001d79d800 nmethod 3243 0x0000000003412a90 code [0x0000000003412be0, 0x0000000003412c98]
Event: 96.275 Thread 0x000000001d7a6000 3245       3       java.lang.invoke.Invokers::checkCustomized (20 bytes)
Event: 96.275 Thread 0x000000001d7a6000 nmethod 3245 0x0000000003412590 code [0x0000000003412700, 0x00000000034129a8]
Event: 96.275 Thread 0x000000001d7a6000 3247       3       java.lang.invoke.LambdaForm$DMH/1915318863::invokeStatic_L6_L (24 bytes)
Event: 96.276 Thread 0x000000001d7a6000 nmethod 3247 0x0000000003418810 code [0x00000000034189a0, 0x0000000003418f58]
Event: 96.276 Thread 0x000000001d7a6000 3246       3       java.lang.invoke.LambdaForm$BMH/926968216::reinvoke (89 bytes)
Event: 96.277 Thread 0x000000001d7a6000 nmethod 3246 0x0000000003416610 code [0x00000000034168a0, 0x0000000003417f08]
Event: 96.278 Thread 0x000000001d7a6000 3248       1       java.util.concurrent.CopyOnWriteArrayList::getArray (5 bytes)
Event: 96.278 Thread 0x000000001d7a6000 nmethod 3248 0x000000000340e2d0 code [0x000000000340e420, 0x000000000340e530]
Event: 96.278 Thread 0x000000001d7a6000 3249       3       java.util.logging.LogManager$LoggerContext::ensureDefaultLogger (70 bytes)

GC Heap History (6 events):
Event: 2.169 GC heap before
{Heap before GC invocations=1 (full 0):
 PSYoungGen      total 76288K, used 65536K [0x000000076b400000, 0x0000000770900000, 0x00000007c0000000)
  eden space 65536K, 100% used [0x000000076b400000,0x000000076f400000,0x000000076f400000)
  from space 10752K, 0% used [0x000000076fe80000,0x000000076fe80000,0x0000000770900000)
  to   space 10752K, 0% used [0x000000076f400000,0x000000076f400000,0x000000076fe80000)
 ParOldGen       total 175104K, used 0K [0x00000006c1c00000, 0x00000006cc700000, 0x000000076b400000)
  object space 175104K, 0% used [0x00000006c1c00000,0x00000006c1c00000,0x00000006cc700000)
 Metaspace       used 16196K, capacity 16662K, committed 16896K, reserved 1064960K
  class space    used 2075K, capacity 2187K, committed 2304K, reserved 1048576K
Event: 2.182 GC heap after
Heap after GC invocations=1 (full 0):
 PSYoungGen      total 76288K, used 9092K [0x000000076b400000, 0x0000000770900000, 0x00000007c0000000)
  eden space 65536K, 0% used [0x000000076b400000,0x000000076b400000,0x000000076f400000)
  from space 10752K, 84% used [0x000000076f400000,0x000000076fce1218,0x000000076fe80000)
  to   space 10752K, 0% used [0x000000076fe80000,0x000000076fe80000,0x0000000770900000)
 ParOldGen       total 175104K, used 16K [0x00000006c1c00000, 0x00000006cc700000, 0x000000076b400000)
  object space 175104K, 0% used [0x00000006c1c00000,0x00000006c1c04000,0x00000006cc700000)
 Metaspace       used 16196K, capacity 16662K, committed 16896K, reserved 1064960K
  class space    used 2075K, capacity 2187K, committed 2304K, reserved 1048576K
}
Event: 2.490 GC heap before
{Heap before GC invocations=2 (full 0):
 PSYoungGen      total 76288K, used 35501K [0x000000076b400000, 0x0000000770900000, 0x00000007c0000000)
  eden space 65536K, 40% used [0x000000076b400000,0x000000076cdca2e0,0x000000076f400000)
  from space 10752K, 84% used [0x000000076f400000,0x000000076fce1218,0x000000076fe80000)
  to   space 10752K, 0% used [0x000000076fe80000,0x000000076fe80000,0x0000000770900000)
 ParOldGen       total 175104K, used 16K [0x00000006c1c00000, 0x00000006cc700000, 0x000000076b400000)
  object space 175104K, 0% used [0x00000006c1c00000,0x00000006c1c04000,0x00000006cc700000)
 Metaspace       used 20776K, capacity 21180K, committed 21296K, reserved 1067008K
  class space    used 2687K, capacity 2835K, committed 2864K, reserved 1048576K
Event: 2.505 GC heap after
Heap after GC invocations=2 (full 0):
 PSYoungGen      total 76288K, used 9295K [0x000000076b400000, 0x0000000774900000, 0x00000007c0000000)
  eden space 65536K, 0% used [0x000000076b400000,0x000000076b400000,0x000000076f400000)
  from space 10752K, 86% used [0x000000076fe80000,0x0000000770793e90,0x0000000770900000)
  to   space 10752K, 0% used [0x000000076f400000,0x000000076f400000,0x000000076fe80000)
 ParOldGen       total 175104K, used 88K [0x00000006c1c00000, 0x00000006cc700000, 0x000000076b400000)
  object space 175104K, 0% used [0x00000006c1c00000,0x00000006c1c16010,0x00000006cc700000)
 Metaspace       used 20776K, capacity 21180K, committed 21296K, reserved 1067008K
  class space    used 2687K, capacity 2835K, committed 2864K, reserved 1048576K
}
Event: 2.505 GC heap before
{Heap before GC invocations=3 (full 1):
 PSYoungGen      total 76288K, used 9295K [0x000000076b400000, 0x0000000774900000, 0x00000007c0000000)
  eden space 65536K, 0% used [0x000000076b400000,0x000000076b400000,0x000000076f400000)
  from space 10752K, 86% used [0x000000076fe80000,0x0000000770793e90,0x0000000770900000)
  to   space 10752K, 0% used [0x000000076f400000,0x000000076f400000,0x000000076fe80000)
 ParOldGen       total 175104K, used 88K [0x00000006c1c00000, 0x00000006cc700000, 0x000000076b400000)
  object space 175104K, 0% used [0x00000006c1c00000,0x00000006c1c16010,0x00000006cc700000)
 Metaspace       used 20776K, capacity 21180K, committed 21296K, reserved 1067008K
  class space    used 2687K, capacity 2835K, committed 2864K, reserved 1048576K
Event: 2.543 GC heap after
Heap after GC invocations=3 (full 1):
 PSYoungGen      total 76288K, used 0K [0x000000076b400000, 0x0000000774900000, 0x00000007c0000000)
  eden space 65536K, 0% used [0x000000076b400000,0x000000076b400000,0x000000076f400000)
  from space 10752K, 0% used [0x000000076fe80000,0x000000076fe80000,0x0000000770900000)
  to   space 10752K, 0% used [0x000000076f400000,0x000000076f400000,0x000000076fe80000)
 ParOldGen       total 98816K, used 9053K [0x00000006c1c00000, 0x00000006c7c80000, 0x000000076b400000)
  object space 98816K, 9% used [0x00000006c1c00000,0x00000006c24d74c8,0x00000006c7c80000)
 Metaspace       used 20776K, capacity 21180K, committed 21296K, reserved 1067008K
  class space    used 2687K, capacity 2835K, committed 2864K, reserved 1048576K
}

Deoptimization events (10 events):
Event: 3.356 Thread 0x000000001e1ca800 Uncommon trap: reason=array_check action=maybe_recompile pc=0x000000000318b014 method=com.sun.javafx.css.SimpleSelector.applies(Ljavafx/css/Styleable;[Ljava/util/Set;I)Z @ 37
Event: 3.366 Thread 0x000000001e1ca800 Uncommon trap: reason=unstable_if action=reinterpret pc=0x00000000031a0b24 method=com.sun.javafx.css.StyleManager.getStyleMap(Ljavafx/css/Styleable;Ljavafx/scene/SubScene;I)Lcom/sun/javafx/css/StyleMap; @ 2
Event: 3.434 Thread 0x000000001e1ca800 Uncommon trap: reason=unstable_if action=reinterpret pc=0x0000000002f902e8 method=jdk.internal.org.objectweb.asm.Type.getArgumentsAndReturnSizes(Ljava/lang/String;)I @ 47
Event: 3.438 Thread 0x000000001e1ca800 Uncommon trap: reason=class_check action=maybe_recompile pc=0x0000000003165a5c method=com.sun.javafx.css.ParsedValueImpl.hashCode()I @ 226
Event: 3.438 Thread 0x000000001e1ca800 Uncommon trap: reason=class_check action=maybe_recompile pc=0x0000000003165a5c method=com.sun.javafx.css.ParsedValueImpl.hashCode()I @ 226
Event: 3.550 Thread 0x000000001e16c800 Uncommon trap: reason=unstable_if action=reinterpret pc=0x00000000031ff840 method=java.util.WeakHashMap.eq(Ljava/lang/Object;Ljava/lang/Object;)Z @ 2
Event: 95.901 Thread 0x000000001e16c800 Uncommon trap: reason=unstable_if action=reinterpret pc=0x00000000032e5a84 method=com.sun.javafx.geom.RectBounds.isEmpty()Z @ 21
Event: 96.180 Thread 0x000000001e16c800 Uncommon trap: reason=unstable_if action=reinterpret pc=0x00000000033b4814 method=com.sun.javafx.geom.transform.AffineBase.updateState2D()V @ 51
Event: 96.224 Thread 0x000000001e1ca800 Uncommon trap: reason=unstable_if action=reinterpret pc=0x0000000003192ebc method=jdk.internal.org.objectweb.asm.Item.isEqualTo(Ljdk/internal/org/objectweb/asm/Item;)Z @ 331
Event: 96.275 Thread 0x000000002768a000 Uncommon trap: reason=unstable_if action=reinterpret pc=0x00000000033c7c44 method=java.util.concurrent.locks.ReentrantLock$Sync.tryRelease(I)Z @ 28

Classes redefined (0 events):
No events

Internal exceptions (10 events):
Event: 1.070 Thread 0x000000001e1ca800 Exception <a 'java/lang/ArrayIndexOutOfBoundsException'> (0x000000076dac4910) thrown at [C:\re\workspace\8-2-build-windows-amd64-cygwin\jdk8u161\10277\hotspot\src\share\vm\runtime\sharedRuntime.cpp, line 605]
Event: 1.205 Thread 0x000000001e1ca800 Exception <a 'java/lang/ArrayIndexOutOfBoundsException'> (0x000000076e17e948) thrown at [C:\re\workspace\8-2-build-windows-amd64-cygwin\jdk8u161\10277\hotspot\src\share\vm\runtime\sharedRuntime.cpp, line 605]
Event: 1.503 Thread 0x000000001e1ca800 Exception <a 'java/lang/NoClassDefFoundError': org/apache/log4j/Priority> (0x000000076e825940) thrown at [C:\re\workspace\8-2-build-windows-amd64-cygwin\jdk8u161\10277\hotspot\src\share\vm\classfile\systemDictionary.cpp, line 199]
Event: 2.398 Thread 0x000000001e1ca800 Exception <a 'java/lang/ArrayIndexOutOfBoundsException': 84> (0x000000076c6d1160) thrown at [C:\re\workspace\8-2-build-windows-amd64-cygwin\jdk8u161\10277\hotspot\src\share\vm\interpreter\interpreterRuntime.cpp, line 366]
Event: 2.399 Thread 0x000000001e1ca800 Exception <a 'java/lang/ArrayIndexOutOfBoundsException': 67> (0x000000076c6d3090) thrown at [C:\re\workspace\8-2-build-windows-amd64-cygwin\jdk8u161\10277\hotspot\src\share\vm\interpreter\interpreterRuntime.cpp, line 366]
Event: 2.794 Thread 0x000000001e1ca800 Implicit null exception at 0x0000000002f570d4 to 0x0000000002f574d1
Event: 2.801 Thread 0x000000001e1ca800 Implicit null exception at 0x0000000002ca13f5 to 0x0000000002ca15e5
Event: 2.801 Thread 0x000000001e1ca800 Implicit null exception at 0x0000000002ddeebb to 0x0000000002ddf395
Event: 3.039 Thread 0x000000001e1ca800 Implicit null exception at 0x000000000302a930 to 0x000000000302a991
Event: 96.276 Thread 0x000000002768a000 Exception <a 'java/lang/IllegalStateException'> (0x000000076e0a98b8) thrown at [C:\re\workspace\8-2-build-windows-amd64-cygwin\jdk8u161\10277\hotspot\src\share\vm\prims\jvm.cpp, line 1394]

Events (10 events):
Event: 96.275 loading class com/sun/javafx/tk/quantum/QuantumRenderer
Event: 96.275 loading class com/sun/javafx/tk/quantum/QuantumRenderer done
Event: 96.275 Thread 0x000000002768a000 Uncommon trap: trap_request=0xffffff65 fr.pc=0x00000000033c7c44
Event: 96.275 Thread 0x000000002768a000 DEOPT PACKING pc=0x00000000033c7c44 sp=0x000000002b51dfb0
Event: 96.275 Thread 0x000000002768a000 DEOPT UNPACKING pc=0x0000000002a6583b sp=0x000000002b51df38 mode 2
Event: 96.275 loading class com/sun/javafx/tk/quantum/QuantumToolkit
Event: 96.275 loading class com/sun/javafx/tk/quantum/QuantumToolkit done
Event: 96.276 Thread 0x000000002768a000 Thread exited: 0x000000002768a000
Event: 96.278 Thread 0x0000000027690000 Thread exited: 0x0000000027690000
Event: 96.278 Executing VM operation: Exit


Dynamic libraries:
0x00007ff60f750000 - 0x00007ff60f787000 	C:\Program Files\Java\jdk1.8.0_161\bin\java.exe
0x00007ffdeea40000 - 0x00007ffdeec21000 	C:\WINDOWS\SYSTEM32\ntdll.dll
0x00007ffdec310000 - 0x00007ffdec3c2000 	C:\WINDOWS\System32\KERNEL32.DLL
0x00007ffdeb580000 - 0x00007ffdeb7f3000 	C:\WINDOWS\System32\KERNELBASE.dll
0x00007ffdec120000 - 0x00007ffdec1c1000 	C:\WINDOWS\System32\ADVAPI32.dll
0x00007ffdece40000 - 0x00007ffdecede000 	C:\WINDOWS\System32\msvcrt.dll
0x00007ffdec440000 - 0x00007ffdec49b000 	C:\WINDOWS\System32\sechost.dll
0x00007ffded440000 - 0x00007ffded564000 	C:\WINDOWS\System32\RPCRT4.dll
0x00007ffdec500000 - 0x00007ffdec690000 	C:\WINDOWS\System32\USER32.dll
0x00007ffdebd10000 - 0x00007ffdebd30000 	C:\WINDOWS\System32\win32u.dll
0x00007ffded570000 - 0x00007ffded598000 	C:\WINDOWS\System32\GDI32.dll
0x00007ffdebd30000 - 0x00007ffdebec2000 	C:\WINDOWS\System32\gdi32full.dll
0x00007ffdebb40000 - 0x00007ffdebbdf000 	C:\WINDOWS\System32\msvcp_win.dll
0x00007ffdeb800000 - 0x00007ffdeb8fa000 	C:\WINDOWS\System32\ucrtbase.dll
0x00007ffdd8190000 - 0x00007ffdd83f9000 	C:\WINDOWS\WinSxS\amd64_microsoft.windows.common-controls_6595b64144ccf1df_6.0.17134.81_none_b4b229fe3cb4cfa3\COMCTL32.dll
0x00007ffded040000 - 0x00007ffded363000 	C:\WINDOWS\System32\combase.dll
0x00007ffdebbe0000 - 0x00007ffdebc5a000 	C:\WINDOWS\System32\bcryptPrimitives.dll
0x00007ffdee9e0000 - 0x00007ffdeea0d000 	C:\WINDOWS\System32\IMM32.DLL
0x0000000063a00000 - 0x0000000063ad2000 	C:\Program Files\Java\jdk1.8.0_161\jre\bin\msvcr100.dll
0x0000000063160000 - 0x00000000639ff000 	C:\Program Files\Java\jdk1.8.0_161\jre\bin\server\jvm.dll
0x00007ffdec1d0000 - 0x00007ffdec1d8000 	C:\WINDOWS\System32\PSAPI.DLL
0x00007ffddc240000 - 0x00007ffddc263000 	C:\WINDOWS\SYSTEM32\WINMM.dll
0x00007ffde9960000 - 0x00007ffde9969000 	C:\WINDOWS\SYSTEM32\WSOCK32.dll
0x00007ffdec2a0000 - 0x00007ffdec30c000 	C:\WINDOWS\System32\WS2_32.dll
0x00007ffddc1b0000 - 0x00007ffddc1da000 	C:\WINDOWS\SYSTEM32\WINMMBASE.dll
0x00007ffdeb900000 - 0x00007ffdeb949000 	C:\WINDOWS\System32\cfgmgr32.dll
0x00007ffde2380000 - 0x00007ffde238a000 	C:\WINDOWS\SYSTEM32\VERSION.dll
0x0000000063150000 - 0x000000006315f000 	C:\Program Files\Java\jdk1.8.0_161\jre\bin\verify.dll
0x0000000063120000 - 0x0000000063149000 	C:\Program Files\Java\jdk1.8.0_161\jre\bin\java.dll
0x00000000623a0000 - 0x00000000623c3000 	C:\Program Files\Java\jdk1.8.0_161\jre\bin\instrument.dll
0x0000000063100000 - 0x0000000063116000 	C:\Program Files\Java\jdk1.8.0_161\jre\bin\zip.dll
0x00007ffded5a0000 - 0x00007ffdee9e0000 	C:\WINDOWS\System32\SHELL32.dll
0x00007ffdec070000 - 0x00007ffdec119000 	C:\WINDOWS\System32\shcore.dll
0x00007ffdeae10000 - 0x00007ffdeb51d000 	C:\WINDOWS\System32\windows.storage.dll
0x00007ffdec4a0000 - 0x00007ffdec4f1000 	C:\WINDOWS\System32\shlwapi.dll
0x00007ffdeadf0000 - 0x00007ffdeae01000 	C:\WINDOWS\System32\kernel.appcore.dll
0x00007ffdeadb0000 - 0x00007ffdeadcf000 	C:\WINDOWS\System32\profapi.dll
0x00007ffdead60000 - 0x00007ffdeadac000 	C:\WINDOWS\System32\powrprof.dll
0x00007ffdead50000 - 0x00007ffdead5a000 	C:\WINDOWS\System32\FLTLIB.DLL
0x00007ffde07a0000 - 0x00007ffde07ba000 	C:\Program Files\JetBrains\IntelliJ IDEA Community Edition 2017.3.4\bin\breakgen64.dll
0x00000000630e0000 - 0x00000000630fa000 	C:\Program Files\Java\jdk1.8.0_161\jre\bin\net.dll
0x00007ffdea570000 - 0x00007ffdea5d6000 	C:\WINDOWS\system32\mswsock.dll
0x0000000002700000 - 0x0000000002703000 	C:\Program Files\Java\jdk1.8.0_161\jre\bin\api-ms-win-core-console-l1-1-0.dll
0x0000000002710000 - 0x0000000002713000 	C:\Program Files\Java\jdk1.8.0_161\jre\bin\api-ms-win-core-datetime-l1-1-0.dll
0x0000000002780000 - 0x0000000002783000 	C:\Program Files\Java\jdk1.8.0_161\jre\bin\api-ms-win-core-debug-l1-1-0.dll
0x0000000002790000 - 0x0000000002793000 	C:\Program Files\Java\jdk1.8.0_161\jre\bin\api-ms-win-core-errorhandling-l1-1-0.dll
0x00000000027a0000 - 0x00000000027a4000 	C:\Program Files\Java\jdk1.8.0_161\jre\bin\api-ms-win-core-file-l1-1-0.dll
0x00000000027b0000 - 0x00000000027b3000 	C:\Program Files\Java\jdk1.8.0_161\jre\bin\api-ms-win-core-file-l1-2-0.dll
0x00000000027c0000 - 0x00000000027c3000 	C:\Program Files\Java\jdk1.8.0_161\jre\bin\api-ms-win-core-file-l2-1-0.dll
0x00000000027d0000 - 0x00000000027d3000 	C:\Program Files\Java\jdk1.8.0_161\jre\bin\api-ms-win-core-handle-l1-1-0.dll
0x00000000027e0000 - 0x00000000027e3000 	C:\Program Files\Java\jdk1.8.0_161\jre\bin\api-ms-win-core-heap-l1-1-0.dll
0x00000000027f0000 - 0x00000000027f3000 	C:\Program Files\Java\jdk1.8.0_161\jre\bin\api-ms-win-core-interlocked-l1-1-0.dll
0x0000000002800000 - 0x0000000002803000 	C:\Program Files\Java\jdk1.8.0_161\jre\bin\api-ms-win-core-libraryloader-l1-1-0.dll
0x000000001e830000 - 0x000000001e833000 	C:\Program Files\Java\jdk1.8.0_161\jre\bin\api-ms-win-core-localization-l1-2-0.dll
0x000000001e840000 - 0x000000001e843000 	C:\Program Files\Java\jdk1.8.0_161\jre\bin\api-ms-win-core-memory-l1-1-0.dll
0x000000001e850000 - 0x000000001e853000 	C:\Program Files\Java\jdk1.8.0_161\jre\bin\api-ms-win-core-namedpipe-l1-1-0.dll
0x000000001e860000 - 0x000000001e863000 	C:\Program Files\Java\jdk1.8.0_161\jre\bin\api-ms-win-core-processenvironment-l1-1-0.dll
0x000000001e870000 - 0x000000001e873000 	C:\Program Files\Java\jdk1.8.0_161\jre\bin\api-ms-win-core-processthreads-l1-1-0.dll
0x000000001e880000 - 0x000000001e883000 	C:\Program Files\Java\jdk1.8.0_161\jre\bin\api-ms-win-core-processthreads-l1-1-1.dll
0x000000001e890000 - 0x000000001e893000 	C:\Program Files\Java\jdk1.8.0_161\jre\bin\api-ms-win-core-profile-l1-1-0.dll
0x000000001e8a0000 - 0x000000001e8a3000 	C:\Program Files\Java\jdk1.8.0_161\jre\bin\api-ms-win-core-rtlsupport-l1-1-0.dll
0x000000001e8b0000 - 0x000000001e8b3000 	C:\Program Files\Java\jdk1.8.0_161\jre\bin\api-ms-win-core-string-l1-1-0.dll
0x000000001e8c0000 - 0x000000001e8c3000 	C:\Program Files\Java\jdk1.8.0_161\jre\bin\api-ms-win-core-synch-l1-1-0.dll
0x000000001e8d0000 - 0x000000001e8d3000 	C:\Program Files\Java\jdk1.8.0_161\jre\bin\api-ms-win-core-synch-l1-2-0.dll
0x000000001e8e0000 - 0x000000001e8e3000 	C:\Program Files\Java\jdk1.8.0_161\jre\bin\api-ms-win-core-sysinfo-l1-1-0.dll
0x000000001e8f0000 - 0x000000001e8f3000 	C:\Program Files\Java\jdk1.8.0_161\jre\bin\api-ms-win-core-timezone-l1-1-0.dll
0x000000001e900000 - 0x000000001e903000 	C:\Program Files\Java\jdk1.8.0_161\jre\bin\api-ms-win-core-util-l1-1-0.dll
0x000000001e910000 - 0x000000001e913000 	C:\Program Files\Java\jdk1.8.0_161\jre\bin\api-ms-win-crt-conio-l1-1-0.dll
0x000000001e920000 - 0x000000001e924000 	C:\Program Files\Java\jdk1.8.0_161\jre\bin\api-ms-win-crt-convert-l1-1-0.dll
0x000000001e930000 - 0x000000001e933000 	C:\Program Files\Java\jdk1.8.0_161\jre\bin\api-ms-win-crt-environment-l1-1-0.dll
0x000000001e940000 - 0x000000001e943000 	C:\Program Files\Java\jdk1.8.0_161\jre\bin\api-ms-win-crt-filesystem-l1-1-0.dll
0x000000001e950000 - 0x000000001e953000 	C:\Program Files\Java\jdk1.8.0_161\jre\bin\api-ms-win-crt-heap-l1-1-0.dll
0x000000001e960000 - 0x000000001e963000 	C:\Program Files\Java\jdk1.8.0_161\jre\bin\api-ms-win-crt-locale-l1-1-0.dll
0x000000001e970000 - 0x000000001e975000 	C:\Program Files\Java\jdk1.8.0_161\jre\bin\api-ms-win-crt-math-l1-1-0.dll
0x000000001e980000 - 0x000000001e985000 	C:\Program Files\Java\jdk1.8.0_161\jre\bin\api-ms-win-crt-multibyte-l1-1-0.dll
0x000000001e990000 - 0x000000001e9a0000 	C:\Program Files\Java\jdk1.8.0_161\jre\bin\api-ms-win-crt-private-l1-1-0.dll
0x000000001e9a0000 - 0x000000001e9a3000 	C:\Program Files\Java\jdk1.8.0_161\jre\bin\api-ms-win-crt-process-l1-1-0.dll
0x000000001e9b0000 - 0x000000001e9b4000 	C:\Program Files\Java\jdk1.8.0_161\jre\bin\api-ms-win-crt-runtime-l1-1-0.dll
0x000000001e9c0000 - 0x000000001e9c4000 	C:\Program Files\Java\jdk1.8.0_161\jre\bin\api-ms-win-crt-stdio-l1-1-0.dll
0x000000001e9d0000 - 0x000000001e9d4000 	C:\Program Files\Java\jdk1.8.0_161\jre\bin\api-ms-win-crt-string-l1-1-0.dll
0x000000001e9e0000 - 0x000000001e9e3000 	C:\Program Files\Java\jdk1.8.0_161\jre\bin\api-ms-win-crt-time-l1-1-0.dll
0x000000001e9f0000 - 0x000000001e9f3000 	C:\Program Files\Java\jdk1.8.0_161\jre\bin\api-ms-win-crt-utility-l1-1-0.dll
0x00007ffdd4920000 - 0x00007ffdd4a16000 	C:\Program Files\Java\jdk1.8.0_161\jre\bin\ucrtbase.dll
0x00007ffdd47f0000 - 0x00007ffdd4841000 	C:\Program Files\Java\jdk1.8.0_161\jre\bin\concrt140.dll
0x00007ffdd8a20000 - 0x00007ffdd8a36000 	C:\WINDOWS\SYSTEM32\VCRUNTIME140.dll
0x00007ffdd87b0000 - 0x00007ffdd884f000 	C:\WINDOWS\SYSTEM32\MSVCP140.dll
0x00007ffdde3a0000 - 0x00007ffdde3b6000 	C:\Program Files\Java\jdk1.8.0_161\jre\bin\vcruntime140.dll
0x00007ffdc3f40000 - 0x00007ffdc3fdc000 	C:\Program Files\Java\jdk1.8.0_161\jre\bin\msvcp140.dll
0x0000000062370000 - 0x0000000062393000 	C:\Program Files\Java\jdk1.8.0_161\jre\bin\prism_d3d.dll
0x00007ffda1270000 - 0x00007ffda1407000 	C:\WINDOWS\system32\d3d9.dll
0x00007ffde9470000 - 0x00007ffde9499000 	C:\WINDOWS\SYSTEM32\dwmapi.dll
0x00007ffde93a0000 - 0x00007ffde9438000 	C:\WINDOWS\system32\uxtheme.dll
0x00007ffdecee0000 - 0x00007ffded031000 	C:\WINDOWS\System32\ole32.dll
0x00007ffded370000 - 0x00007ffded432000 	C:\WINDOWS\System32\OLEAUT32.dll
0x0000000062320000 - 0x0000000062369000 	C:\Program Files\Java\jdk1.8.0_161\jre\bin\glass.dll
0x00007ffdecd50000 - 0x00007ffdece3d000 	C:\WINDOWS\System32\COMDLG32.dll
0x00007ffdecb60000 - 0x00007ffdeccd5000 	C:\WINDOWS\System32\MSCTF.dll
0x0000000062300000 - 0x0000000062314000 	C:\Program Files\Java\jdk1.8.0_161\jre\bin\javafx_font.dll
0x0000000063040000 - 0x0000000063064000 	C:\Program Files\Java\jdk1.8.0_161\jre\bin\sunec.dll
0x00007ffdea2f0000 - 0x00007ffdea328000 	C:\WINDOWS\SYSTEM32\IPHLPAPI.DLL
0x00007ffdecd40000 - 0x00007ffdecd48000 	C:\WINDOWS\System32\NSI.dll
0x00007ffddeca0000 - 0x00007ffddecb6000 	C:\WINDOWS\SYSTEM32\dhcpcsvc6.DLL
0x00007ffddec00000 - 0x00007ffddec1a000 	C:\WINDOWS\SYSTEM32\dhcpcsvc.DLL
0x00000000630c0000 - 0x00000000630d1000 	C:\Program Files\Java\jdk1.8.0_161\jre\bin\nio.dll
0x00007ffdea720000 - 0x00007ffdea737000 	C:\WINDOWS\SYSTEM32\CRYPTSP.dll
0x00007ffdea150000 - 0x00007ffdea183000 	C:\WINDOWS\system32\rsaenh.dll
0x00007ffdea8b0000 - 0x00007ffdea8d5000 	C:\WINDOWS\SYSTEM32\bcrypt.dll
0x00007ffdeac50000 - 0x00007ffdeac78000 	C:\WINDOWS\SYSTEM32\USERENV.dll
0x00007ffdea740000 - 0x00007ffdea74b000 	C:\WINDOWS\SYSTEM32\CRYPTBASE.dll
0x00007ffdea330000 - 0x00007ffdea3ee000 	C:\WINDOWS\SYSTEM32\DNSAPI.dll
0x00007ffddfcd0000 - 0x00007ffddfcda000 	C:\Windows\System32\rasadhlp.dll
0x00007ffddf810000 - 0x00007ffddf882000 	C:\WINDOWS\System32\fwpuclnt.dll
0x00007ffdc9a30000 - 0x00007ffdc9d4c000 	C:\WINDOWS\SYSTEM32\dwrite.dll
0x00007ffdec200000 - 0x00007ffdec2a0000 	C:\WINDOWS\System32\clbcatq.dll
0x00007ffde91b0000 - 0x00007ffde935e000 	C:\WINDOWS\SYSTEM32\WindowsCodecs.dll
0x00007ffde2540000 - 0x00007ffde2598000 	C:\WINDOWS\system32\dataexchange.dll
0x00007ffde7d10000 - 0x00007ffde7eac000 	C:\WINDOWS\system32\dcomp.dll
0x00007ffde7000000 - 0x00007ffde730b000 	C:\WINDOWS\system32\d3d11.dll
0x00007ffde9b40000 - 0x00007ffde9bfb000 	C:\WINDOWS\system32\dxgi.dll
0x00007ffde65a0000 - 0x00007ffde6758000 	C:\WINDOWS\system32\twinapi.appcore.dll
0x00007ffde8520000 - 0x00007ffde8541000 	C:\WINDOWS\system32\RMCLIENT.dll
0x00007ffdc33f0000 - 0x00007ffdc3424000 	C:\Program Files\Common Files\Microsoft Shared\Ink\rtscom.dll
0x00007ffdcef10000 - 0x00007ffdcefa8000 	C:\WINDOWS\System32\TextInputFramework.dll
0x00007ffde83a0000 - 0x00007ffde847a000 	C:\WINDOWS\System32\CoreMessaging.dll
0x00007ffde69d0000 - 0x00007ffde6cee000 	C:\WINDOWS\System32\CoreUIComponents.dll
0x00007ffde9ef0000 - 0x00007ffde9f21000 	C:\WINDOWS\SYSTEM32\ntmarta.dll
0x00007ffde6880000 - 0x00007ffde69cd000 	C:\WINDOWS\SYSTEM32\wintypes.dll
0x0000000062290000 - 0x00000000622a2000 	C:\Program Files\Java\jdk1.8.0_161\jre\bin\prism_common.dll

VM Arguments:
jvm_args: -javaagent:C:\Program Files\JetBrains\IntelliJ IDEA Community Edition 2017.3.4\lib\idea_rt.jar=50134:C:\Program Files\JetBrains\IntelliJ IDEA Community Edition 2017.3.4\bin -Dfile.encoding=UTF-8 
java_command: com.zeiss.gui.Main
java_class_path (initial): C:\Program Files\Java\jdk1.8.0_161\jre\lib\charsets.jar;C:\Program Files\Java\jdk1.8.0_161\jre\lib\deploy.jar;C:\Program Files\Java\jdk1.8.0_161\jre\lib\ext\access-bridge-64.jar;C:\Program Files\Java\jdk1.8.0_161\jre\lib\ext\cldrdata.jar;C:\Program Files\Java\jdk1.8.0_161\jre\lib\ext\dnsns.jar;C:\Program Files\Java\jdk1.8.0_161\jre\lib\ext\jaccess.jar;C:\Program Files\Java\jdk1.8.0_161\jre\lib\ext\jfxrt.jar;C:\Program Files\Java\jdk1.8.0_161\jre\lib\ext\localedata.jar;C:\Program Files\Java\jdk1.8.0_161\jre\lib\ext\nashorn.jar;C:\Program Files\Java\jdk1.8.0_161\jre\lib\ext\sunec.jar;C:\Program Files\Java\jdk1.8.0_161\jre\lib\ext\sunjce_provider.jar;C:\Program Files\Java\jdk1.8.0_161\jre\lib\ext\sunmscapi.jar;C:\Program Files\Java\jdk1.8.0_161\jre\lib\ext\sunpkcs11.jar;C:\Program Files\Java\jdk1.8.0_161\jre\lib\ext\zipfs.jar;C:\Program Files\Java\jdk1.8.0_161\jre\lib\javaws.jar;C:\Program Files\Java\jdk1.8.0_161\jre\lib\jce.jar;C:\Program Files\Java\jdk1.8.0_161\jre\lib\jfr.jar;C:\Program Files\Java\jdk1.8.0_161\jre\lib\jfxswt.jar;C:\Program Files\Java\jdk1.8.0_161\jre\lib\jsse.jar;C:\Program Files\Java\jdk1.8.0_161\jre\lib\management-agent.jar;C:\Program Files\Java\jdk1.8.0_161\jre\lib\plugin.jar;C:\Program Files\Java\jdk1.8.0_161\jre\lib\resources.jar;C:\Program Files\Java\jdk1.8.0_161\jre\lib\rt.jar;C:\Project\patientrepository\patientapplication\client\target\classes;C:\Users\sbal\Downloads\controlsfx-8.0.1.jar;C:\Users\sbal\.m2\repository\io\github\openfeign\feign-core\9.4.0\feign-core-9.4.0.jar;C:\Users\sbal\.m2\repository\org\jvnet\animal-sniffer-annotation\1.0\animal-sniffer-annotation-1.0.jar;C:\Users\sbal\.m2\repository\io\github\openfeign\feign-jackson\9.4.0\feign-jackson-9.4.0.jar;C:\Users\sbal\.m2\repository\com\fasterxml\jackson\core\jackson-databind\2.6.4\jackson-databind-2.6.4.jar;C:\Users\sbal\.m2\repository\com\fasterxml\jackson\core\jackson-annotations\2.6.0\jackson-annotations-2.6.0.jar;C:\Users\sbal\.m2\repository\com\
Launcher Type: SUN_STANDARD

Environment Variables:
JAVA_HOME=C:\Program Files\Java\jdk1.8.0_161
PATH=C:\ProgramData\Oracle\Java\javapath;C:\Program Files (x86)\Intel\iCLS Client\;C:\Program Files\Intel\iCLS Client\;C:\WINDOWS\system32;C:\WINDOWS;C:\WINDOWS\System32\Wbem;C:\WINDOWS\System32\WindowsPowerShell\v1.0\;C:\Program Files\OpenVPN\bin;C:\Program Files (x86)\Intel\Intel(R) Management Engine Components\DAL;C:\Program Files\Intel\Intel(R) Management Engine Components\DAL;C:\Program Files (x86)\Intel\Intel(R) Management Engine Components\IPT;C:\Program Files\Intel\Intel(R) Management Engine Components\IPT;C:\Program Files\Intel\WiFi\bin\;C:\Program Files\Common Files\Intel\WirelessCommon\;C:\WINDOWS\System32\OpenSSH\;C:\Program Files\Git\cmd;C:\Users\sbal\AppData\Local\Microsoft\WindowsApps;C:\software\apache-maven-3.5.3\bin;
USERNAME=sbal
OS=Windows_NT
PROCESSOR_IDENTIFIER=Intel64 Family 6 Model 78 Stepping 3, GenuineIntel



---------------  S Y S T E M  ---------------

OS: Windows 10.0 , 64 bit Build 17134 (10.0.17134.1)

CPU:total 4 (initial active 4) (2 cores per cpu, 2 threads per core) family 6 model 78 stepping 3, cmov, cx8, fxsr, mmx, sse, sse2, sse3, ssse3, sse4.1, sse4.2, popcnt, avx, avx2, aes, clmul, erms, rtm, 3dnowpref, lzcnt, ht, tsc, tscinvbit, bmi1, bmi2, adx

Memory: 4k page, physical 16657356k(8337780k free), swap 19672012k(5006112k free)

vm_info: Java HotSpot(TM) 64-Bit Server VM (25.161-b12) for windows-amd64 JRE (1.8.0_161-b12), built on Dec 19 2017 17:52:25 by "java_re" with MS VC++ 10.0 (VS2010)

time: Sun Jun 17 11:51:18 2018
elapsed time: 96 seconds (0d 0h 1m 36s)

