#
# A fatal error has been detected by the Java Runtime Environment:
#
#  EXCEPTION_ACCESS_VIOLATION (0xc0000005) at pc=0x00000000623478b0, pid=1116, tid=0x0000000000002548
#
# JRE version: Java(TM) SE Runtime Environment (8.0_161-b12) (build 1.8.0_161-b12)
# Java VM: Java HotSpot(TM) 64-Bit Server VM (25.161-b12 mixed mode windows-amd64 compressed oops)
# Problematic frame:
# C  [glass.dll+0x278b0]
#
# Failed to write core dump. Minidumps are not enabled by default on client versions of Windows
#
# If you would like to submit a bug report, please visit:
#   http://bugreport.java.com/bugreport/crash.jsp
#

---------------  T H R E A D  ---------------

Current thread (0x000000001bdb7000):  VMThread [stack: 0x000000001ce50000,0x000000001cf50000] [id=9544]

siginfo: ExceptionCode=0xc0000005, reading address 0x0000000000000000

Registers:
RAX=0x0000000000000000, RBX=0x00000000027eeda8, RCX=0x000000001bdb7000, RDX=0x000000006378dc78
RSP=0x000000001cf4f470, RBP=0x000000000071cd38, RSI=0x000000000071cd10, RDI=0x00002a9472d86939
R8 =0x0000000000010002, R9 =0x0000000000000039, R10=0x00002a9472d86939, R11=0x000000001cf4f380
R12=0x0000000000000000, R13=0x0000000000000040, R14=0x000000001cf4f588, R15=0x000000000071cd10
RIP=0x00000000623478b0, EFLAGS=0x0000000000010202

Top of Stack: (sp=0x000000001cf4f470)
0x000000001cf4f470:   0000000000000000 00007ffdeb80e52b
0x000000001cf4f480:   000000000071cd20 000000000071cd20
0x000000001cf4f490:   fffffffffffffffe 000000000071cd38
0x000000001cf4f4a0:   000000000071cd18 00007ffdeb807013
0x000000001cf4f4b0:   000000006235c1b0 00007ffd00000000
0x000000001cf4f4c0:   0000ee9f54057e35 0000000000000000
0x000000001cf4f4d0:   fffffffffffffffe 00007ffdeb8072ad
0x000000001cf4f4e0:   0000000000000001 0000000062320000
0x000000001cf4f4f0:   0000000002351638 00000000623448dc
0x000000001cf4f500:   000000001cf4f578 00007ffdeb80da67
0x000000001cf4f510:   0000000000000000 000000001cf4f588
0x000000001cf4f520:   000000001bcc5500 00007ffdeb8eb090
0x000000001cf4f530:   0000000000000000 00007ffdeb807204
0x000000001cf4f540:   0000000000000000 0000000000000001
0x000000001cf4f550:   000000001dfeffe0 000000001cf4f578
0x000000001cf4f560:   0000000000000000 0000000062344752 

Instructions: (pc=0x00000000623478b0)
0x0000000062347890:   40 53 48 83 ec 30 48 c7 44 24 20 fe ff ff ff 48
0x00000000623478a0:   8b 1d 7a 72 01 00 48 85 db 74 16 e8 00 81 ff ff
0x00000000623478b0:   4c 8b 00 48 8b d3 48 8b c8 41 ff 90 b0 00 00 00
0x00000000623478c0:   90 48 83 c4 30 5b c3 cc cc cc cc cc cc cc cc cc 


Register to memory mapping:

RAX=0x0000000000000000 is an unknown value
RBX=0x00000000027eeda8 is a global jni handle
RCX=0x000000001bdb7000 is an unknown value
RDX=0x000000006378dc78 is an unknown value
RSP=0x000000001cf4f470 is an unknown value
RBP=0x000000000071cd38 is an unknown value
RSI=0x000000000071cd10 is an unknown value
RDI=0x00002a9472d86939 is an unknown value
R8 =0x0000000000010002 is an unknown value
R9 =0x0000000000000039 is an unknown value
R10=0x00002a9472d86939 is an unknown value
R11=0x000000001cf4f380 is an unknown value
R12=0x0000000000000000 is an unknown value
R13=0x0000000000000040 is an unknown value
R14=0x000000001cf4f588 is an unknown value
R15=0x000000000071cd10 is an unknown value


Stack: [0x000000001ce50000,0x000000001cf50000],  sp=0x000000001cf4f470,  free space=1021k
Native frames: (J=compiled Java code, j=interpreted, Vv=VM code, C=native code)
C  [glass.dll+0x278b0]
C  [ucrtbase.dll+0x7013]
C  [ucrtbase.dll+0xda67]
C  [ucrtbase.dll+0x7204]
C  [glass.dll+0x24752]
C  [glass.dll+0x24850]
C  [ntdll.dll+0x34143]
C  [ntdll.dll+0x40af5]
C  [ntdll.dll+0x409b8]
C  [KERNEL32.DLL+0x1b19a]
C  [msvcr100.dll+0x20ccd]
V  [jvm.dll+0x212e95]
V  [jvm.dll+0x24c227]
V  [jvm.dll+0x24b4c6]
V  [jvm.dll+0x24b961]
V  [jvm.dll+0x24bb7e]
V  [jvm.dll+0x29cc4a]
C  [msvcr100.dll+0x21d9f]
C  [msvcr100.dll+0x21e3b]
C  [KERNEL32.DLL+0x13034]
C  [ntdll.dll+0x71551]

VM_Operation (0x000000001f5eaa70): Exit, mode: safepoint, requested by thread 0x000000001dfd7800


---------------  P R O C E S S  ---------------

Java Threads: ( => current thread )
  0x0000000026c38800 JavaThread "Thread-4" [_thread_blocked, id=17152, stack(0x000000002ae20000,0x000000002af20000)]
  0x0000000026a74000 JavaThread "Prism Font Disposer" daemon [_thread_blocked, id=15788, stack(0x000000002a220000,0x000000002a320000)]
  0x000000001e0a6000 JavaThread "JavaFX-Launcher" [_thread_blocked, id=13152, stack(0x0000000026220000,0x0000000026320000)]
  0x000000001e01c000 JavaThread "Thread-2" daemon [_thread_in_native, id=4280, stack(0x0000000026120000,0x0000000026220000)]
  0x000000001dfd7800 JavaThread "JavaFX Application Thread" [_thread_blocked, id=12556, stack(0x000000001f4f0000,0x000000001f5f0000)]
  0x000000001dfd5800 JavaThread "Thread-1" daemon [_thread_blocked, id=14372, stack(0x000000001f3f0000,0x000000001f4f0000)]
  0x000000001df5c000 JavaThread "QuantumRenderer-0" daemon [_thread_blocked, id=15568, stack(0x000000001e700000,0x000000001e800000)]
  0x000000001d62b000 JavaThread "Service Thread" daemon [_thread_blocked, id=5680, stack(0x000000001dc40000,0x000000001dd40000)]
  0x000000001d60c000 JavaThread "C1 CompilerThread2" daemon [_thread_blocked, id=5116, stack(0x000000001db40000,0x000000001dc40000)]
  0x000000001d54d800 JavaThread "C2 CompilerThread1" daemon [_thread_blocked, id=14060, stack(0x000000001da40000,0x000000001db40000)]
  0x000000001d4f7000 JavaThread "C2 CompilerThread0" daemon [_thread_blocked, id=18708, stack(0x000000001d940000,0x000000001da40000)]
  0x000000001d513800 JavaThread "Monitor Ctrl-Break" daemon [_thread_in_native, id=14872, stack(0x000000001d840000,0x000000001d940000)]
  0x000000001bdee800 JavaThread "Attach Listener" daemon [_thread_blocked, id=18320, stack(0x000000001d340000,0x000000001d440000)]
  0x000000001bdd9000 JavaThread "Finalizer" daemon [_thread_blocked, id=18856, stack(0x000000001d050000,0x000000001d150000)]
  0x0000000002814000 JavaThread "Reference Handler" daemon [_thread_blocked, id=16544, stack(0x000000001cf50000,0x000000001d050000)]
  0x0000000002724000 JavaThread "main" [_thread_blocked, id=15072, stack(0x0000000002520000,0x0000000002620000)]

Other Threads:
=>0x000000001bdb7000 VMThread [stack: 0x000000001ce50000,0x000000001cf50000] [id=9544]

VM state:at safepoint (shutting down)

VM Mutex/Monitor currently owned by a thread:  ([mutex/lock_event])
[0x0000000002720c50] Threads_lock - owner thread: 0x000000001bdb7000

Heap:
 PSYoungGen      total 76288K, used 44780K [0x000000076b400000, 0x0000000774900000, 0x00000007c0000000)
  eden space 65536K, 68% used [0x000000076b400000,0x000000076dfbb318,0x000000076f400000)
  from space 10752K, 0% used [0x000000076fe80000,0x000000076fe80000,0x0000000770900000)
  to   space 10752K, 0% used [0x000000076f400000,0x000000076f400000,0x000000076fe80000)
 ParOldGen       total 100352K, used 9058K [0x00000006c1c00000, 0x00000006c7e00000, 0x000000076b400000)
  object space 100352K, 9% used [0x00000006c1c00000,0x00000006c24d8b08,0x00000006c7e00000)
 Metaspace       used 29616K, capacity 31054K, committed 31408K, reserved 1077248K
  class space    used 4140K, capacity 4410K, committed 4528K, reserved 1048576K

Card table byte_map: [0x0000000011be0000,0x00000000123e0000] byte_map_base: 0x000000000e5d2000

Marking Bits: (ParMarkBitMap*) 0x000000006397f860
 Begin Bits: [0x0000000012d30000, 0x0000000016cc0000)
 End Bits:   [0x0000000016cc0000, 0x000000001ac50000)

Polling page: 0x00000000001f0000

CodeCache: size=245760Kb used=9612Kb max_used=9616Kb free=236147Kb
 bounds [0x0000000002820000, 0x0000000003190000, 0x0000000011820000]
 total_blobs=3838 nmethods=3099 adapters=651
 compilation: enabled

Compilation events (10 events):
Event: 28.180 Thread 0x000000001d60c000 nmethod 3094 0x0000000003188490 code [0x00000000031885e0, 0x0000000003188730]
Event: 28.182 Thread 0x000000001d60c000 3095       1       com.sun.javafx.tk.quantum.GlassViewEventHandler::access$200 (5 bytes)
Event: 28.182 Thread 0x000000001d60c000 nmethod 3095 0x00000000031820d0 code [0x0000000003182220, 0x0000000003182310]
Event: 28.182 Thread 0x000000001d60c000 3096       3       java.util.ArrayList::remove (77 bytes)
Event: 28.183 Thread 0x000000001d60c000 nmethod 3096 0x0000000003187b50 code [0x0000000003187d00, 0x0000000003188248]
Event: 28.193 Thread 0x000000001d60c000 3097       1       java.util.concurrent.CopyOnWriteArrayList::getArray (5 bytes)
Event: 28.193 Thread 0x000000001d60c000 nmethod 3097 0x0000000003187890 code [0x00000000031879e0, 0x0000000003187af0]
Event: 28.193 Thread 0x000000001d60c000 3098       3       jdk.internal.org.objectweb.asm.ClassWriter::visitEnd (1 bytes)
Event: 28.194 Thread 0x000000001d60c000 nmethod 3098 0x0000000003187590 code [0x00000000031876e0, 0x0000000003187830]
Event: 28.197 Thread 0x000000001d60c000 3099       3       java.util.logging.LogManager$LoggerContext::ensureDefaultLogger (70 bytes)

GC Heap History (6 events):
Event: 2.136 GC heap before
{Heap before GC invocations=1 (full 0):
 PSYoungGen      total 76288K, used 65536K [0x000000076b400000, 0x0000000770900000, 0x00000007c0000000)
  eden space 65536K, 100% used [0x000000076b400000,0x000000076f400000,0x000000076f400000)
  from space 10752K, 0% used [0x000000076fe80000,0x000000076fe80000,0x0000000770900000)
  to   space 10752K, 0% used [0x000000076f400000,0x000000076f400000,0x000000076fe80000)
 ParOldGen       total 175104K, used 0K [0x00000006c1c00000, 0x00000006cc700000, 0x000000076b400000)
  object space 175104K, 0% used [0x00000006c1c00000,0x00000006c1c00000,0x00000006cc700000)
 Metaspace       used 16204K, capacity 16598K, committed 16896K, reserved 1064960K
  class space    used 2081K, capacity 2187K, committed 2304K, reserved 1048576K
Event: 2.144 GC heap after
Heap after GC invocations=1 (full 0):
 PSYoungGen      total 76288K, used 9102K [0x000000076b400000, 0x0000000770900000, 0x00000007c0000000)
  eden space 65536K, 0% used [0x000000076b400000,0x000000076b400000,0x000000076f400000)
  from space 10752K, 84% used [0x000000076f400000,0x000000076fce3ae0,0x000000076fe80000)
  to   space 10752K, 0% used [0x000000076fe80000,0x000000076fe80000,0x0000000770900000)
 ParOldGen       total 175104K, used 16K [0x00000006c1c00000, 0x00000006cc700000, 0x000000076b400000)
  object space 175104K, 0% used [0x00000006c1c00000,0x00000006c1c04000,0x00000006cc700000)
 Metaspace       used 16204K, capacity 16598K, committed 16896K, reserved 1064960K
  class space    used 2081K, capacity 2187K, committed 2304K, reserved 1048576K
}
Event: 2.404 GC heap before
{Heap before GC invocations=2 (full 0):
 PSYoungGen      total 76288K, used 35359K [0x000000076b400000, 0x0000000770900000, 0x00000007c0000000)
  eden space 65536K, 40% used [0x000000076b400000,0x000000076cda4210,0x000000076f400000)
  from space 10752K, 84% used [0x000000076f400000,0x000000076fce3ae0,0x000000076fe80000)
  to   space 10752K, 0% used [0x000000076fe80000,0x000000076fe80000,0x0000000770900000)
 ParOldGen       total 175104K, used 16K [0x00000006c1c00000, 0x00000006cc700000, 0x000000076b400000)
  object space 175104K, 0% used [0x00000006c1c00000,0x00000006c1c04000,0x00000006cc700000)
 Metaspace       used 20780K, capacity 21180K, committed 21296K, reserved 1067008K
  class space    used 2697K, capacity 2835K, committed 2864K, reserved 1048576K
Event: 2.415 GC heap after
Heap after GC invocations=2 (full 0):
 PSYoungGen      total 76288K, used 9237K [0x000000076b400000, 0x0000000774900000, 0x00000007c0000000)
  eden space 65536K, 0% used [0x000000076b400000,0x000000076b400000,0x000000076f400000)
  from space 10752K, 85% used [0x000000076fe80000,0x0000000770785770,0x0000000770900000)
  to   space 10752K, 0% used [0x000000076f400000,0x000000076f400000,0x000000076fe80000)
 ParOldGen       total 175104K, used 88K [0x00000006c1c00000, 0x00000006cc700000, 0x000000076b400000)
  object space 175104K, 0% used [0x00000006c1c00000,0x00000006c1c16010,0x00000006cc700000)
 Metaspace       used 20780K, capacity 21180K, committed 21296K, reserved 1067008K
  class space    used 2697K, capacity 2835K, committed 2864K, reserved 1048576K
}
Event: 2.415 GC heap before
{Heap before GC invocations=3 (full 1):
 PSYoungGen      total 76288K, used 9237K [0x000000076b400000, 0x0000000774900000, 0x00000007c0000000)
  eden space 65536K, 0% used [0x000000076b400000,0x000000076b400000,0x000000076f400000)
  from space 10752K, 85% used [0x000000076fe80000,0x0000000770785770,0x0000000770900000)
  to   space 10752K, 0% used [0x000000076f400000,0x000000076f400000,0x000000076fe80000)
 ParOldGen       total 175104K, used 88K [0x00000006c1c00000, 0x00000006cc700000, 0x000000076b400000)
  object space 175104K, 0% used [0x00000006c1c00000,0x00000006c1c16010,0x00000006cc700000)
 Metaspace       used 20780K, capacity 21180K, committed 21296K, reserved 1067008K
  class space    used 2697K, capacity 2835K, committed 2864K, reserved 1048576K
Event: 2.449 GC heap after
Heap after GC invocations=3 (full 1):
 PSYoungGen      total 76288K, used 0K [0x000000076b400000, 0x0000000774900000, 0x00000007c0000000)
  eden space 65536K, 0% used [0x000000076b400000,0x000000076b400000,0x000000076f400000)
  from space 10752K, 0% used [0x000000076fe80000,0x000000076fe80000,0x0000000770900000)
  to   space 10752K, 0% used [0x000000076f400000,0x000000076f400000,0x000000076fe80000)
 ParOldGen       total 100352K, used 9058K [0x00000006c1c00000, 0x00000006c7e00000, 0x000000076b400000)
  object space 100352K, 9% used [0x00000006c1c00000,0x00000006c24d8b08,0x00000006c7e00000)
 Metaspace       used 20780K, capacity 21180K, committed 21296K, reserved 1067008K
  class space    used 2697K, capacity 2835K, committed 2864K, reserved 1048576K
}

Deoptimization events (10 events):
Event: 3.194 Thread 0x000000001dfd7800 Uncommon trap: reason=unstable_if action=reinterpret pc=0x0000000002ed7e00 method=com.sun.javafx.css.SimpleSelector.applies(Ljavafx/css/Styleable;)Z @ 7
Event: 3.211 Thread 0x000000001dfd7800 Uncommon trap: reason=unstable_if action=reinterpret pc=0x0000000002f04b50 method=com.sun.javafx.css.StyleManager$CacheContainer.getStyleMap(I)Lcom/sun/javafx/css/StyleMap; @ 9
Event: 3.213 Thread 0x000000001dfd7800 Uncommon trap: reason=unstable_if action=reinterpret pc=0x0000000002f5f974 method=javafx.scene.CssStyleHelper.lookup(Ljavafx/css/Styleable;Ljavafx/css/CssMetaData;Lcom/sun/javafx/css/StyleMap;Ljava/util/Set;Ljavafx/css/Styleable;Lcom/sun/javafx/css/Calcul
Event: 3.239 Thread 0x000000001dfd7800 Uncommon trap: reason=unstable_if action=reinterpret pc=0x0000000002d49f34 method=java.net.URL.<init>(Ljava/net/URL;Ljava/lang/String;Ljava/net/URLStreamHandler;)V @ 347
Event: 3.338 Thread 0x000000001dfd7800 Uncommon trap: reason=unstable_if action=reinterpret pc=0x0000000002d40c68 method=jdk.internal.org.objectweb.asm.Type.getArgumentsAndReturnSizes(Ljava/lang/String;)I @ 47
Event: 3.341 Thread 0x000000001dfd7800 Uncommon trap: reason=class_check action=maybe_recompile pc=0x0000000002ff41e4 method=com.sun.javafx.css.ParsedValueImpl.hashCode()I @ 226
Event: 3.341 Thread 0x000000001dfd7800 Uncommon trap: reason=class_check action=maybe_recompile pc=0x0000000002ff41e4 method=com.sun.javafx.css.ParsedValueImpl.hashCode()I @ 226
Event: 3.421 Thread 0x000000001df5c000 Uncommon trap: reason=class_check action=maybe_recompile pc=0x0000000002eec458 method=java.util.WeakHashMap.eq(Ljava/lang/Object;Ljava/lang/Object;)Z @ 7
Event: 27.836 Thread 0x000000001df5c000 Uncommon trap: reason=unstable_if action=reinterpret pc=0x0000000003121d04 method=com.sun.javafx.geom.RectBounds.isEmpty()Z @ 21
Event: 28.083 Thread 0x000000001df5c000 Uncommon trap: reason=class_check action=maybe_recompile pc=0x0000000002eec458 method=java.util.WeakHashMap.eq(Ljava/lang/Object;Ljava/lang/Object;)Z @ 7

Classes redefined (0 events):
No events

Internal exceptions (10 events):
Event: 1.108 Thread 0x000000001dfd7800 Exception <a 'java/lang/ArrayIndexOutOfBoundsException'> (0x000000076dac3538) thrown at [C:\re\workspace\8-2-build-windows-amd64-cygwin\jdk8u161\10277\hotspot\src\share\vm\runtime\sharedRuntime.cpp, line 605]
Event: 1.247 Thread 0x000000001dfd7800 Exception <a 'java/lang/ArrayIndexOutOfBoundsException'> (0x000000076e17d550) thrown at [C:\re\workspace\8-2-build-windows-amd64-cygwin\jdk8u161\10277\hotspot\src\share\vm\runtime\sharedRuntime.cpp, line 605]
Event: 1.512 Thread 0x000000001dfd7800 Exception <a 'java/lang/NoClassDefFoundError': org/apache/log4j/Priority> (0x000000076e824520) thrown at [C:\re\workspace\8-2-build-windows-amd64-cygwin\jdk8u161\10277\hotspot\src\share\vm\classfile\systemDictionary.cpp, line 199]
Event: 2.328 Thread 0x000000001dfd7800 Exception <a 'java/lang/ArrayIndexOutOfBoundsException': 48> (0x000000076c6d69a8) thrown at [C:\re\workspace\8-2-build-windows-amd64-cygwin\jdk8u161\10277\hotspot\src\share\vm\interpreter\interpreterRuntime.cpp, line 366]
Event: 2.328 Thread 0x000000001dfd7800 Exception <a 'java/lang/ArrayIndexOutOfBoundsException': 67> (0x000000076c6d88d8) thrown at [C:\re\workspace\8-2-build-windows-amd64-cygwin\jdk8u161\10277\hotspot\src\share\vm\interpreter\interpreterRuntime.cpp, line 366]
Event: 2.328 Thread 0x000000001dfd7800 Exception <a 'java/lang/ArrayIndexOutOfBoundsException': 84> (0x000000076c6dab18) thrown at [C:\re\workspace\8-2-build-windows-amd64-cygwin\jdk8u161\10277\hotspot\src\share\vm\interpreter\interpreterRuntime.cpp, line 366]
Event: 2.695 Thread 0x000000001dfd7800 Implicit null exception at 0x0000000002d4b9d4 to 0x0000000002d4bdd1
Event: 2.705 Thread 0x000000001dfd7800 Implicit null exception at 0x0000000002aa6eb5 to 0x0000000002aa70a5
Event: 2.705 Thread 0x000000001dfd7800 Implicit null exception at 0x0000000002bdab7b to 0x0000000002bdb055
Event: 28.194 Thread 0x0000000026c37000 Exception <a 'java/lang/IllegalStateException'> (0x000000076df1dec8) thrown at [C:\re\workspace\8-2-build-windows-amd64-cygwin\jdk8u161\10277\hotspot\src\share\vm\prims\jvm.cpp, line 1394]

Events (10 events):
Event: 28.191 loading class java/util/IdentityHashMap$KeyIterator done
Event: 28.192 Thread 0x0000000026c38800 Thread added: 0x0000000026c38800
Event: 28.192 Thread 0x0000000026c37000 Thread added: 0x0000000026c37000
Event: 28.193 loading class com/sun/javafx/tk/quantum/QuantumRenderer
Event: 28.193 loading class com/sun/javafx/tk/quantum/QuantumRenderer done
Event: 28.193 loading class com/sun/javafx/tk/quantum/QuantumToolkit
Event: 28.193 loading class com/sun/javafx/tk/quantum/QuantumToolkit done
Event: 28.194 Thread 0x0000000026c37000 Thread exited: 0x0000000026c37000
Event: 28.198 Thread 0x000000001bded000 Thread exited: 0x000000001bded000
Event: 28.198 Executing VM operation: Exit


Dynamic libraries:
0x00007ff60f750000 - 0x00007ff60f787000 	C:\Program Files\Java\jdk1.8.0_161\bin\java.exe
0x00007ffdeea40000 - 0x00007ffdeec21000 	C:\WINDOWS\SYSTEM32\ntdll.dll
0x00007ffdec310000 - 0x00007ffdec3c2000 	C:\WINDOWS\System32\KERNEL32.DLL
0x00007ffdeb580000 - 0x00007ffdeb7f3000 	C:\WINDOWS\System32\KERNELBASE.dll
0x00007ffdec120000 - 0x00007ffdec1c1000 	C:\WINDOWS\System32\ADVAPI32.dll
0x00007ffdece40000 - 0x00007ffdecede000 	C:\WINDOWS\System32\msvcrt.dll
0x00007ffdec440000 - 0x00007ffdec49b000 	C:\WINDOWS\System32\sechost.dll
0x00007ffded440000 - 0x00007ffded564000 	C:\WINDOWS\System32\RPCRT4.dll
0x00007ffdec500000 - 0x00007ffdec690000 	C:\WINDOWS\System32\USER32.dll
0x00007ffdebd10000 - 0x00007ffdebd30000 	C:\WINDOWS\System32\win32u.dll
0x00007ffded570000 - 0x00007ffded598000 	C:\WINDOWS\System32\GDI32.dll
0x00007ffdebd30000 - 0x00007ffdebec2000 	C:\WINDOWS\System32\gdi32full.dll
0x00007ffdebb40000 - 0x00007ffdebbdf000 	C:\WINDOWS\System32\msvcp_win.dll
0x00007ffdeb800000 - 0x00007ffdeb8fa000 	C:\WINDOWS\System32\ucrtbase.dll
0x00007ffdd8190000 - 0x00007ffdd83f9000 	C:\WINDOWS\WinSxS\amd64_microsoft.windows.common-controls_6595b64144ccf1df_6.0.17134.81_none_b4b229fe3cb4cfa3\COMCTL32.dll
0x00007ffded040000 - 0x00007ffded363000 	C:\WINDOWS\System32\combase.dll
0x00007ffdebbe0000 - 0x00007ffdebc5a000 	C:\WINDOWS\System32\bcryptPrimitives.dll
0x00007ffdee9e0000 - 0x00007ffdeea0d000 	C:\WINDOWS\System32\IMM32.DLL
0x0000000063a00000 - 0x0000000063ad2000 	C:\Program Files\Java\jdk1.8.0_161\jre\bin\msvcr100.dll
0x0000000063160000 - 0x00000000639ff000 	C:\Program Files\Java\jdk1.8.0_161\jre\bin\server\jvm.dll
0x00007ffdec1d0000 - 0x00007ffdec1d8000 	C:\WINDOWS\System32\PSAPI.DLL
0x00007ffde9960000 - 0x00007ffde9969000 	C:\WINDOWS\SYSTEM32\WSOCK32.dll
0x00007ffdec2a0000 - 0x00007ffdec30c000 	C:\WINDOWS\System32\WS2_32.dll
0x00007ffddc240000 - 0x00007ffddc263000 	C:\WINDOWS\SYSTEM32\WINMM.dll
0x00007ffde2380000 - 0x00007ffde238a000 	C:\WINDOWS\SYSTEM32\VERSION.dll
0x00007ffddc1b0000 - 0x00007ffddc1da000 	C:\WINDOWS\SYSTEM32\WINMMBASE.dll
0x00007ffdeb900000 - 0x00007ffdeb949000 	C:\WINDOWS\System32\cfgmgr32.dll
0x0000000063150000 - 0x000000006315f000 	C:\Program Files\Java\jdk1.8.0_161\jre\bin\verify.dll
0x0000000063120000 - 0x0000000063149000 	C:\Program Files\Java\jdk1.8.0_161\jre\bin\java.dll
0x00000000623a0000 - 0x00000000623c3000 	C:\Program Files\Java\jdk1.8.0_161\jre\bin\instrument.dll
0x0000000063100000 - 0x0000000063116000 	C:\Program Files\Java\jdk1.8.0_161\jre\bin\zip.dll
0x00007ffded5a0000 - 0x00007ffdee9e0000 	C:\WINDOWS\System32\SHELL32.dll
0x00007ffdec070000 - 0x00007ffdec119000 	C:\WINDOWS\System32\shcore.dll
0x00007ffdeae10000 - 0x00007ffdeb51d000 	C:\WINDOWS\System32\windows.storage.dll
0x00007ffdec4a0000 - 0x00007ffdec4f1000 	C:\WINDOWS\System32\shlwapi.dll
0x00007ffdeadf0000 - 0x00007ffdeae01000 	C:\WINDOWS\System32\kernel.appcore.dll
0x00007ffdeadb0000 - 0x00007ffdeadcf000 	C:\WINDOWS\System32\profapi.dll
0x00007ffdead60000 - 0x00007ffdeadac000 	C:\WINDOWS\System32\powrprof.dll
0x00007ffdead50000 - 0x00007ffdead5a000 	C:\WINDOWS\System32\FLTLIB.DLL
0x00007ffde07a0000 - 0x00007ffde07ba000 	C:\Program Files\JetBrains\IntelliJ IDEA Community Edition 2017.3.4\bin\breakgen64.dll
0x00000000630e0000 - 0x00000000630fa000 	C:\Program Files\Java\jdk1.8.0_161\jre\bin\net.dll
0x00007ffdea570000 - 0x00007ffdea5d6000 	C:\WINDOWS\system32\mswsock.dll
0x0000000000640000 - 0x0000000000643000 	C:\Program Files\Java\jdk1.8.0_161\jre\bin\api-ms-win-core-console-l1-1-0.dll
0x0000000000650000 - 0x0000000000653000 	C:\Program Files\Java\jdk1.8.0_161\jre\bin\api-ms-win-core-datetime-l1-1-0.dll
0x0000000000660000 - 0x0000000000663000 	C:\Program Files\Java\jdk1.8.0_161\jre\bin\api-ms-win-core-debug-l1-1-0.dll
0x0000000002270000 - 0x0000000002273000 	C:\Program Files\Java\jdk1.8.0_161\jre\bin\api-ms-win-core-errorhandling-l1-1-0.dll
0x0000000002280000 - 0x0000000002284000 	C:\Program Files\Java\jdk1.8.0_161\jre\bin\api-ms-win-core-file-l1-1-0.dll
0x0000000002290000 - 0x0000000002293000 	C:\Program Files\Java\jdk1.8.0_161\jre\bin\api-ms-win-core-file-l1-2-0.dll
0x00000000022a0000 - 0x00000000022a3000 	C:\Program Files\Java\jdk1.8.0_161\jre\bin\api-ms-win-core-file-l2-1-0.dll
0x00000000022b0000 - 0x00000000022b3000 	C:\Program Files\Java\jdk1.8.0_161\jre\bin\api-ms-win-core-handle-l1-1-0.dll
0x00000000022c0000 - 0x00000000022c3000 	C:\Program Files\Java\jdk1.8.0_161\jre\bin\api-ms-win-core-heap-l1-1-0.dll
0x00000000022d0000 - 0x00000000022d3000 	C:\Program Files\Java\jdk1.8.0_161\jre\bin\api-ms-win-core-interlocked-l1-1-0.dll
0x00000000022e0000 - 0x00000000022e3000 	C:\Program Files\Java\jdk1.8.0_161\jre\bin\api-ms-win-core-libraryloader-l1-1-0.dll
0x00000000022f0000 - 0x00000000022f3000 	C:\Program Files\Java\jdk1.8.0_161\jre\bin\api-ms-win-core-localization-l1-2-0.dll
0x0000000002300000 - 0x0000000002303000 	C:\Program Files\Java\jdk1.8.0_161\jre\bin\api-ms-win-core-memory-l1-1-0.dll
0x0000000002310000 - 0x0000000002313000 	C:\Program Files\Java\jdk1.8.0_161\jre\bin\api-ms-win-core-namedpipe-l1-1-0.dll
0x0000000002320000 - 0x0000000002323000 	C:\Program Files\Java\jdk1.8.0_161\jre\bin\api-ms-win-core-processenvironment-l1-1-0.dll
0x0000000002330000 - 0x0000000002333000 	C:\Program Files\Java\jdk1.8.0_161\jre\bin\api-ms-win-core-processthreads-l1-1-0.dll
0x0000000002340000 - 0x0000000002343000 	C:\Program Files\Java\jdk1.8.0_161\jre\bin\api-ms-win-core-processthreads-l1-1-1.dll
0x0000000002360000 - 0x0000000002363000 	C:\Program Files\Java\jdk1.8.0_161\jre\bin\api-ms-win-core-profile-l1-1-0.dll
0x0000000002370000 - 0x0000000002373000 	C:\Program Files\Java\jdk1.8.0_161\jre\bin\api-ms-win-core-rtlsupport-l1-1-0.dll
0x0000000002380000 - 0x0000000002383000 	C:\Program Files\Java\jdk1.8.0_161\jre\bin\api-ms-win-core-string-l1-1-0.dll
0x0000000002390000 - 0x0000000002393000 	C:\Program Files\Java\jdk1.8.0_161\jre\bin\api-ms-win-core-synch-l1-1-0.dll
0x00000000023a0000 - 0x00000000023a3000 	C:\Program Files\Java\jdk1.8.0_161\jre\bin\api-ms-win-core-synch-l1-2-0.dll
0x00000000023b0000 - 0x00000000023b3000 	C:\Program Files\Java\jdk1.8.0_161\jre\bin\api-ms-win-core-sysinfo-l1-1-0.dll
0x00000000023c0000 - 0x00000000023c3000 	C:\Program Files\Java\jdk1.8.0_161\jre\bin\api-ms-win-core-timezone-l1-1-0.dll
0x00000000023d0000 - 0x00000000023d3000 	C:\Program Files\Java\jdk1.8.0_161\jre\bin\api-ms-win-core-util-l1-1-0.dll
0x00000000023e0000 - 0x00000000023e3000 	C:\Program Files\Java\jdk1.8.0_161\jre\bin\api-ms-win-crt-conio-l1-1-0.dll
0x00000000023f0000 - 0x00000000023f4000 	C:\Program Files\Java\jdk1.8.0_161\jre\bin\api-ms-win-crt-convert-l1-1-0.dll
0x0000000002400000 - 0x0000000002403000 	C:\Program Files\Java\jdk1.8.0_161\jre\bin\api-ms-win-crt-environment-l1-1-0.dll
0x000000001e640000 - 0x000000001e643000 	C:\Program Files\Java\jdk1.8.0_161\jre\bin\api-ms-win-crt-filesystem-l1-1-0.dll
0x000000001e650000 - 0x000000001e653000 	C:\Program Files\Java\jdk1.8.0_161\jre\bin\api-ms-win-crt-heap-l1-1-0.dll
0x000000001e660000 - 0x000000001e663000 	C:\Program Files\Java\jdk1.8.0_161\jre\bin\api-ms-win-crt-locale-l1-1-0.dll
0x000000001e670000 - 0x000000001e675000 	C:\Program Files\Java\jdk1.8.0_161\jre\bin\api-ms-win-crt-math-l1-1-0.dll
0x000000001e680000 - 0x000000001e685000 	C:\Program Files\Java\jdk1.8.0_161\jre\bin\api-ms-win-crt-multibyte-l1-1-0.dll
0x000000001e690000 - 0x000000001e6a0000 	C:\Program Files\Java\jdk1.8.0_161\jre\bin\api-ms-win-crt-private-l1-1-0.dll
0x000000001e6a0000 - 0x000000001e6a3000 	C:\Program Files\Java\jdk1.8.0_161\jre\bin\api-ms-win-crt-process-l1-1-0.dll
0x000000001e6b0000 - 0x000000001e6b4000 	C:\Program Files\Java\jdk1.8.0_161\jre\bin\api-ms-win-crt-runtime-l1-1-0.dll
0x000000001e6c0000 - 0x000000001e6c4000 	C:\Program Files\Java\jdk1.8.0_161\jre\bin\api-ms-win-crt-stdio-l1-1-0.dll
0x000000001e6d0000 - 0x000000001e6d4000 	C:\Program Files\Java\jdk1.8.0_161\jre\bin\api-ms-win-crt-string-l1-1-0.dll
0x000000001e6e0000 - 0x000000001e6e3000 	C:\Program Files\Java\jdk1.8.0_161\jre\bin\api-ms-win-crt-time-l1-1-0.dll
0x000000001e6f0000 - 0x000000001e6f3000 	C:\Program Files\Java\jdk1.8.0_161\jre\bin\api-ms-win-crt-utility-l1-1-0.dll
0x00007ffdd4920000 - 0x00007ffdd4a16000 	C:\Program Files\Java\jdk1.8.0_161\jre\bin\ucrtbase.dll
0x00007ffdd47f0000 - 0x00007ffdd4841000 	C:\Program Files\Java\jdk1.8.0_161\jre\bin\concrt140.dll
0x00007ffdd8a20000 - 0x00007ffdd8a36000 	C:\WINDOWS\SYSTEM32\VCRUNTIME140.dll
0x00007ffdd87b0000 - 0x00007ffdd884f000 	C:\WINDOWS\SYSTEM32\MSVCP140.dll
0x00007ffdde3a0000 - 0x00007ffdde3b6000 	C:\Program Files\Java\jdk1.8.0_161\jre\bin\vcruntime140.dll
0x00007ffdc3f40000 - 0x00007ffdc3fdc000 	C:\Program Files\Java\jdk1.8.0_161\jre\bin\msvcp140.dll
0x0000000062370000 - 0x0000000062393000 	C:\Program Files\Java\jdk1.8.0_161\jre\bin\prism_d3d.dll
0x00007ffda1270000 - 0x00007ffda1407000 	C:\WINDOWS\system32\d3d9.dll
0x00007ffde9470000 - 0x00007ffde9499000 	C:\WINDOWS\SYSTEM32\dwmapi.dll
0x00007ffde93a0000 - 0x00007ffde9438000 	C:\WINDOWS\system32\uxtheme.dll
0x00007ffdecee0000 - 0x00007ffded031000 	C:\WINDOWS\System32\ole32.dll
0x00007ffded370000 - 0x00007ffded432000 	C:\WINDOWS\System32\OLEAUT32.dll
0x0000000062320000 - 0x0000000062369000 	C:\Program Files\Java\jdk1.8.0_161\jre\bin\glass.dll
0x00007ffdecd50000 - 0x00007ffdece3d000 	C:\WINDOWS\System32\COMDLG32.dll
0x00007ffdecb60000 - 0x00007ffdeccd5000 	C:\WINDOWS\System32\MSCTF.dll
0x0000000062300000 - 0x0000000062314000 	C:\Program Files\Java\jdk1.8.0_161\jre\bin\javafx_font.dll
0x0000000063040000 - 0x0000000063064000 	C:\Program Files\Java\jdk1.8.0_161\jre\bin\sunec.dll
0x00007ffdea2f0000 - 0x00007ffdea328000 	C:\WINDOWS\SYSTEM32\IPHLPAPI.DLL
0x00007ffdecd40000 - 0x00007ffdecd48000 	C:\WINDOWS\System32\NSI.dll
0x00007ffddeca0000 - 0x00007ffddecb6000 	C:\WINDOWS\SYSTEM32\dhcpcsvc6.DLL
0x00007ffddec00000 - 0x00007ffddec1a000 	C:\WINDOWS\SYSTEM32\dhcpcsvc.DLL
0x00000000630c0000 - 0x00000000630d1000 	C:\Program Files\Java\jdk1.8.0_161\jre\bin\nio.dll
0x00007ffdea720000 - 0x00007ffdea737000 	C:\WINDOWS\SYSTEM32\CRYPTSP.dll
0x00007ffdea150000 - 0x00007ffdea183000 	C:\WINDOWS\system32\rsaenh.dll
0x00007ffdea8b0000 - 0x00007ffdea8d5000 	C:\WINDOWS\SYSTEM32\bcrypt.dll
0x00007ffdeac50000 - 0x00007ffdeac78000 	C:\WINDOWS\SYSTEM32\USERENV.dll
0x00007ffdea740000 - 0x00007ffdea74b000 	C:\WINDOWS\SYSTEM32\CRYPTBASE.dll
0x00007ffdea330000 - 0x00007ffdea3ee000 	C:\WINDOWS\SYSTEM32\DNSAPI.dll
0x00007ffddfcd0000 - 0x00007ffddfcda000 	C:\Windows\System32\rasadhlp.dll
0x00007ffddf810000 - 0x00007ffddf882000 	C:\WINDOWS\System32\fwpuclnt.dll
0x00007ffdc9a30000 - 0x00007ffdc9d4c000 	C:\WINDOWS\SYSTEM32\dwrite.dll
0x00007ffdec200000 - 0x00007ffdec2a0000 	C:\WINDOWS\System32\clbcatq.dll
0x00007ffde91b0000 - 0x00007ffde935e000 	C:\WINDOWS\SYSTEM32\WindowsCodecs.dll
0x00007ffde2540000 - 0x00007ffde2598000 	C:\WINDOWS\system32\dataexchange.dll
0x00007ffde7d10000 - 0x00007ffde7eac000 	C:\WINDOWS\system32\dcomp.dll
0x00007ffde7000000 - 0x00007ffde730b000 	C:\WINDOWS\system32\d3d11.dll
0x00007ffde9b40000 - 0x00007ffde9bfb000 	C:\WINDOWS\system32\dxgi.dll
0x00007ffde65a0000 - 0x00007ffde6758000 	C:\WINDOWS\system32\twinapi.appcore.dll
0x00007ffde8520000 - 0x00007ffde8541000 	C:\WINDOWS\system32\RMCLIENT.dll
0x00007ffdc33f0000 - 0x00007ffdc3424000 	C:\Program Files\Common Files\Microsoft Shared\Ink\rtscom.dll
0x00007ffdcef10000 - 0x00007ffdcefa8000 	C:\WINDOWS\System32\TextInputFramework.dll
0x00007ffde69d0000 - 0x00007ffde6cee000 	C:\WINDOWS\System32\CoreUIComponents.dll
0x00007ffde83a0000 - 0x00007ffde847a000 	C:\WINDOWS\System32\CoreMessaging.dll
0x00007ffde9ef0000 - 0x00007ffde9f21000 	C:\WINDOWS\SYSTEM32\ntmarta.dll
0x00007ffde6880000 - 0x00007ffde69cd000 	C:\WINDOWS\SYSTEM32\wintypes.dll
0x0000000062290000 - 0x00000000622a2000 	C:\Program Files\Java\jdk1.8.0_161\jre\bin\prism_common.dll

VM Arguments:
jvm_args: -javaagent:C:\Program Files\JetBrains\IntelliJ IDEA Community Edition 2017.3.4\lib\idea_rt.jar=50086:C:\Program Files\JetBrains\IntelliJ IDEA Community Edition 2017.3.4\bin -Dfile.encoding=UTF-8 
java_command: com.zeiss.gui.Main
java_class_path (initial): C:\Program Files\Java\jdk1.8.0_161\jre\lib\charsets.jar;C:\Program Files\Java\jdk1.8.0_161\jre\lib\deploy.jar;C:\Program Files\Java\jdk1.8.0_161\jre\lib\ext\access-bridge-64.jar;C:\Program Files\Java\jdk1.8.0_161\jre\lib\ext\cldrdata.jar;C:\Program Files\Java\jdk1.8.0_161\jre\lib\ext\dnsns.jar;C:\Program Files\Java\jdk1.8.0_161\jre\lib\ext\jaccess.jar;C:\Program Files\Java\jdk1.8.0_161\jre\lib\ext\jfxrt.jar;C:\Program Files\Java\jdk1.8.0_161\jre\lib\ext\localedata.jar;C:\Program Files\Java\jdk1.8.0_161\jre\lib\ext\nashorn.jar;C:\Program Files\Java\jdk1.8.0_161\jre\lib\ext\sunec.jar;C:\Program Files\Java\jdk1.8.0_161\jre\lib\ext\sunjce_provider.jar;C:\Program Files\Java\jdk1.8.0_161\jre\lib\ext\sunmscapi.jar;C:\Program Files\Java\jdk1.8.0_161\jre\lib\ext\sunpkcs11.jar;C:\Program Files\Java\jdk1.8.0_161\jre\lib\ext\zipfs.jar;C:\Program Files\Java\jdk1.8.0_161\jre\lib\javaws.jar;C:\Program Files\Java\jdk1.8.0_161\jre\lib\jce.jar;C:\Program Files\Java\jdk1.8.0_161\jre\lib\jfr.jar;C:\Program Files\Java\jdk1.8.0_161\jre\lib\jfxswt.jar;C:\Program Files\Java\jdk1.8.0_161\jre\lib\jsse.jar;C:\Program Files\Java\jdk1.8.0_161\jre\lib\management-agent.jar;C:\Program Files\Java\jdk1.8.0_161\jre\lib\plugin.jar;C:\Program Files\Java\jdk1.8.0_161\jre\lib\resources.jar;C:\Program Files\Java\jdk1.8.0_161\jre\lib\rt.jar;C:\Project\patientrepository\patientapplication\client\target\classes;C:\Users\sbal\Downloads\controlsfx-8.0.1.jar;C:\Users\sbal\.m2\repository\io\github\openfeign\feign-core\9.4.0\feign-core-9.4.0.jar;C:\Users\sbal\.m2\repository\org\jvnet\animal-sniffer-annotation\1.0\animal-sniffer-annotation-1.0.jar;C:\Users\sbal\.m2\repository\io\github\openfeign\feign-jackson\9.4.0\feign-jackson-9.4.0.jar;C:\Users\sbal\.m2\repository\com\fasterxml\jackson\core\jackson-databind\2.6.4\jackson-databind-2.6.4.jar;C:\Users\sbal\.m2\repository\com\fasterxml\jackson\core\jackson-annotations\2.6.0\jackson-annotations-2.6.0.jar;C:\Users\sbal\.m2\repository\com\
Launcher Type: SUN_STANDARD

Environment Variables:
JAVA_HOME=C:\Program Files\Java\jdk1.8.0_161
PATH=C:\ProgramData\Oracle\Java\javapath;C:\Program Files (x86)\Intel\iCLS Client\;C:\Program Files\Intel\iCLS Client\;C:\WINDOWS\system32;C:\WINDOWS;C:\WINDOWS\System32\Wbem;C:\WINDOWS\System32\WindowsPowerShell\v1.0\;C:\Program Files\OpenVPN\bin;C:\Program Files (x86)\Intel\Intel(R) Management Engine Components\DAL;C:\Program Files\Intel\Intel(R) Management Engine Components\DAL;C:\Program Files (x86)\Intel\Intel(R) Management Engine Components\IPT;C:\Program Files\Intel\Intel(R) Management Engine Components\IPT;C:\Program Files\Intel\WiFi\bin\;C:\Program Files\Common Files\Intel\WirelessCommon\;C:\WINDOWS\System32\OpenSSH\;C:\Program Files\Git\cmd;C:\Users\sbal\AppData\Local\Microsoft\WindowsApps;C:\software\apache-maven-3.5.3\bin;
USERNAME=sbal
OS=Windows_NT
PROCESSOR_IDENTIFIER=Intel64 Family 6 Model 78 Stepping 3, GenuineIntel



---------------  S Y S T E M  ---------------

OS: Windows 10.0 , 64 bit Build 17134 (10.0.17134.1)

CPU:total 4 (initial active 4) (2 cores per cpu, 2 threads per core) family 6 model 78 stepping 3, cmov, cx8, fxsr, mmx, sse, sse2, sse3, ssse3, sse4.1, sse4.2, popcnt, avx, avx2, aes, clmul, erms, rtm, 3dnowpref, lzcnt, ht, tsc, tscinvbit, bmi1, bmi2, adx

Memory: 4k page, physical 16657356k(8366416k free), swap 19672012k(4993836k free)

vm_info: Java HotSpot(TM) 64-Bit Server VM (25.161-b12) for windows-amd64 JRE (1.8.0_161-b12), built on Dec 19 2017 17:52:25 by "java_re" with MS VC++ 10.0 (VS2010)

time: Sun Jun 17 11:45:12 2018
elapsed time: 28 seconds (0d 0h 0m 28s)

