#
# A fatal error has been detected by the Java Runtime Environment:
#
#  EXCEPTION_ACCESS_VIOLATION (0xc0000005) at pc=0x00000000607878b0, pid=21444, tid=0x00000000000041a8
#
# JRE version: Java(TM) SE Runtime Environment (8.0_161-b12) (build 1.8.0_161-b12)
# Java VM: Java HotSpot(TM) 64-Bit Server VM (25.161-b12 mixed mode windows-amd64 compressed oops)
# Problematic frame:
# C  [glass.dll+0x278b0]
#
# Failed to write core dump. Minidumps are not enabled by default on client versions of Windows
#
# If you would like to submit a bug report, please visit:
#   http://bugreport.java.com/bugreport/crash.jsp
#

---------------  T H R E A D  ---------------

Current thread (0x000000001c887000):  VMThread [stack: 0x000000001d930000,0x000000001da30000] [id=16808]

siginfo: ExceptionCode=0xc0000005, reading address 0x0000000000000000

Registers:
RAX=0x0000000000000000, RBX=0x000000001c8aa170, RCX=0x000000001c887000, RDX=0x000000006106dc78
RSP=0x000000001da2f400, RBP=0x00000000013f6fb8, RSI=0x00000000013f6f90, RDI=0x0000e7a3007192c2
R8 =0x0000000000010002, R9 =0x0000000000000002, R10=0x0000e7a3007192c2, R11=0x000000001da2f310
R12=0x0000000000000000, R13=0x0000000000000040, R14=0x000000001da2f518, R15=0x00000000013f6f90
RIP=0x00000000607878b0, EFLAGS=0x0000000000010202

Top of Stack: (sp=0x000000001da2f400)
0x000000001da2f400:   0000000000000000 00007ffccd24d92b
0x000000001da2f410:   00000000013f6fa0 00000000013f6fa0
0x000000001da2f420:   fffffffffffffffe 00000000013f6fb8
0x000000001da2f430:   00000000013f6f98 00007ffccd251243
0x000000001da2f440:   000000006079c1b0 00007ffc00000000
0x000000001da2f450:   0000260e4efa5b73 0000000000000000
0x000000001da2f460:   fffffffffffffffe 00007ffccd250f0d
0x000000001da2f470:   0000000000000001 0000000060760000
0x000000001da2f480:   0000000003061638 00000000607848dc
0x000000001da2f490:   000000001da2f508 00007ffccd251017
0x000000001da2f4a0:   0000000000000000 000000001da2f518
0x000000001da2f4b0:   000000001c795500 00007ffccd32b080
0x000000001da2f4c0:   0000000000000000 00007ffccd250fd4
0x000000001da2f4d0:   0000000000000000 0000000000000001
0x000000001da2f4e0:   000000001eb94b20 000000001da2f508
0x000000001da2f4f0:   0000000000000000 0000000060784752 

Instructions: (pc=0x00000000607878b0)
0x0000000060787890:   40 53 48 83 ec 30 48 c7 44 24 20 fe ff ff ff 48
0x00000000607878a0:   8b 1d 7a 72 01 00 48 85 db 74 16 e8 00 81 ff ff
0x00000000607878b0:   4c 8b 00 48 8b d3 48 8b c8 41 ff 90 b0 00 00 00
0x00000000607878c0:   90 48 83 c4 30 5b c3 cc cc cc cc cc cc cc cc cc 


Register to memory mapping:

RAX=0x0000000000000000 is an unknown value
RBX=0x000000001c8aa170 is a global jni handle
RCX=0x000000001c887000 is an unknown value
RDX=0x000000006106dc78 is an unknown value
RSP=0x000000001da2f400 is an unknown value
RBP=0x00000000013f6fb8 is an unknown value
RSI=0x00000000013f6f90 is an unknown value
RDI=0x0000e7a3007192c2 is an unknown value
R8 =0x0000000000010002 is an unknown value
R9 =0x0000000000000002 is an unknown value
R10=0x0000e7a3007192c2 is an unknown value
R11=0x000000001da2f310 is an unknown value
R12=0x0000000000000000 is an unknown value
R13=0x0000000000000040 is an unknown value
R14=0x000000001da2f518 is an unknown value
R15=0x00000000013f6f90 is an unknown value


Stack: [0x000000001d930000,0x000000001da30000],  sp=0x000000001da2f400,  free space=1021k
Native frames: (J=compiled Java code, j=interpreted, Vv=VM code, C=native code)
C  [glass.dll+0x278b0]
C  [ucrtbase.dll+0x11243]
C  [ucrtbase.dll+0x11017]
C  [ucrtbase.dll+0x10fd4]
C  [glass.dll+0x24752]
C  [glass.dll+0x24850]
C  [ntdll.dll+0x34053]
C  [ntdll.dll+0x40a05]
C  [ntdll.dll+0x408c8]
C  [KERNEL32.DLL+0x1b19a]
C  [msvcr100.dll+0x20ccd]
V  [jvm.dll+0x212e95]
V  [jvm.dll+0x24c227]
V  [jvm.dll+0x24b4c6]
V  [jvm.dll+0x24b961]
V  [jvm.dll+0x24bb7e]
V  [jvm.dll+0x29cc4a]
C  [msvcr100.dll+0x21d9f]
C  [msvcr100.dll+0x21e3b]
C  [KERNEL32.DLL+0x13034]
C  [ntdll.dll+0x71461]

VM_Operation (0x00000000202ea810): Exit, mode: safepoint, requested by thread 0x000000001ea94800


---------------  P R O C E S S  ---------------

Java Threads: ( => current thread )
  0x00000000278f8800 JavaThread "Prism Font Disposer" daemon [_thread_blocked, id=10564, stack(0x0000000029810000,0x0000000029910000)]
  0x000000001eb14800 JavaThread "Thread-3" daemon [_thread_in_native, id=17800, stack(0x0000000026fc0000,0x00000000270c0000)]
  0x000000001eb36800 JavaThread "JavaFX-Launcher" [_thread_blocked, id=20052, stack(0x00000000270c0000,0x00000000271c0000)]
  0x000000001ea94800 JavaThread "JavaFX Application Thread" [_thread_blocked, id=11892, stack(0x00000000201f0000,0x00000000202f0000)]
  0x000000001ea92800 JavaThread "Thread-1" daemon [_thread_blocked, id=17872, stack(0x000000001f640000,0x000000001f740000)]
  0x000000001ea6f000 JavaThread "QuantumRenderer-0" daemon [_thread_blocked, id=20832, stack(0x000000001f500000,0x000000001f600000)]
  0x000000001c8f5000 JavaThread "Service Thread" daemon [_thread_blocked, id=6304, stack(0x000000001e830000,0x000000001e930000)]
  0x000000001c8f4800 JavaThread "C1 CompilerThread2" daemon [_thread_blocked, id=2512, stack(0x000000001e330000,0x000000001e430000)]
  0x000000001c8ef000 JavaThread "C2 CompilerThread1" daemon [_thread_blocked, id=10672, stack(0x000000001e230000,0x000000001e330000)]
  0x000000001c8fb800 JavaThread "C2 CompilerThread0" daemon [_thread_blocked, id=17300, stack(0x000000001e130000,0x000000001e230000)]
  0x000000001c8dd800 JavaThread "JDWP Event Helper Thread" daemon [_thread_blocked, id=8520, stack(0x000000001df30000,0x000000001e030000)]
  0x000000001c8c8000 JavaThread "JDWP Transport Listener: dt_socket" daemon [_thread_blocked, id=19692, stack(0x000000001de30000,0x000000001df30000)]
  0x000000001c8d1800 JavaThread "Attach Listener" daemon [_thread_blocked, id=13072, stack(0x000000001dd30000,0x000000001de30000)]
  0x000000001c8aa800 JavaThread "Finalizer" daemon [_thread_blocked, id=3688, stack(0x000000001db30000,0x000000001dc30000)]
  0x00000000032e5000 JavaThread "Reference Handler" daemon [_thread_blocked, id=20660, stack(0x000000001da30000,0x000000001db30000)]
  0x00000000031f6000 JavaThread "main" [_thread_blocked, id=5444, stack(0x00000000030f0000,0x00000000031f0000)]

Other Threads:
=>0x000000001c887000 VMThread [stack: 0x000000001d930000,0x000000001da30000] [id=16808]

VM state:at safepoint (shutting down)

VM Mutex/Monitor currently owned by a thread:  ([mutex/lock_event])
[0x00000000031f2e30] Threads_lock - owner thread: 0x000000001c887000

Heap:
 PSYoungGen      total 76288K, used 57626K [0x000000076b400000, 0x0000000774900000, 0x00000007c0000000)
  eden space 65536K, 87% used [0x000000076b400000,0x000000076ec46be8,0x000000076f400000)
  from space 10752K, 0% used [0x000000076fe80000,0x000000076fe80000,0x0000000770900000)
  to   space 10752K, 0% used [0x000000076f400000,0x000000076f400000,0x000000076fe80000)
 ParOldGen       total 105472K, used 9591K [0x00000006c1c00000, 0x00000006c8300000, 0x000000076b400000)
  object space 105472K, 9% used [0x00000006c1c00000,0x00000006c255dea0,0x00000006c8300000)
 Metaspace       used 31258K, capacity 32652K, committed 32768K, reserved 1077248K
  class space    used 4232K, capacity 4543K, committed 4608K, reserved 1048576K

Card table byte_map: [0x00000000126b0000,0x0000000012eb0000] byte_map_base: 0x000000000f0a2000

Marking Bits: (ParMarkBitMap*) 0x000000006125f860
 Begin Bits: [0x0000000013800000, 0x0000000017790000)
 End Bits:   [0x0000000017790000, 0x000000001b720000)

Polling page: 0x00000000012f0000

CodeCache: size=245760Kb used=11489Kb max_used=11489Kb free=234270Kb
 bounds [0x00000000032f0000, 0x0000000003e30000, 0x00000000122f0000]
 total_blobs=4128 nmethods=3390 adapters=658
 compilation: enabled

Compilation events (10 events):
Event: 10.564 Thread 0x000000001c8f4800 3419       3       com.sun.javafx.geom.transform.GeneralTransform3D::get (29 bytes)
Event: 10.564 Thread 0x000000001c8f4800 nmethod 3419 0x0000000003e16590 code [0x0000000003e16700, 0x0000000003e16a28]
Event: 10.564 Thread 0x000000001c8f4800 3420       3       com.sun.javafx.geom.transform.GeneralTransform3D::set (21 bytes)
Event: 10.564 Thread 0x000000001c8f4800 nmethod 3420 0x0000000003e16110 code [0x0000000003e16280, 0x0000000003e164b8]
Event: 10.577 Thread 0x000000001c8f4800 3422       3       com.sun.javafx.geom.Rectangle::<init> (26 bytes)
Event: 10.577 Thread 0x000000001c8f4800 nmethod 3422 0x0000000003e2e910 code [0x0000000003e2ea60, 0x0000000003e2ec10]
Event: 10.695 Thread 0x000000001c8f4800 3423       1       java.util.concurrent.CopyOnWriteArrayList::getArray (5 bytes)
Event: 10.695 Thread 0x000000001c8f4800 nmethod 3423 0x0000000003e19e50 code [0x0000000003e19fa0, 0x0000000003e1a0b0]
Event: 10.695 Thread 0x000000001c8f4800 3424       3       java.util.logging.LogManager$LoggerContext::ensureDefaultLogger (70 bytes)
Event: 10.696 Thread 0x000000001c8f4800 nmethod 3424 0x0000000003e2ecd0 code [0x0000000003e2ee80, 0x0000000003e2f748]

GC Heap History (6 events):
Event: 3.794 GC heap before
{Heap before GC invocations=1 (full 0):
 PSYoungGen      total 76288K, used 65536K [0x000000076b400000, 0x0000000770900000, 0x00000007c0000000)
  eden space 65536K, 100% used [0x000000076b400000,0x000000076f400000,0x000000076f400000)
  from space 10752K, 0% used [0x000000076fe80000,0x000000076fe80000,0x0000000770900000)
  to   space 10752K, 0% used [0x000000076f400000,0x000000076f400000,0x000000076fe80000)
 ParOldGen       total 175104K, used 0K [0x00000006c1c00000, 0x00000006cc700000, 0x000000076b400000)
  object space 175104K, 0% used [0x00000006c1c00000,0x00000006c1c00000,0x00000006cc700000)
 Metaspace       used 16628K, capacity 16990K, committed 17408K, reserved 1064960K
  class space    used 2070K, capacity 2177K, committed 2304K, reserved 1048576K
Event: 3.804 GC heap after
Heap after GC invocations=1 (full 0):
 PSYoungGen      total 76288K, used 8809K [0x000000076b400000, 0x0000000770900000, 0x00000007c0000000)
  eden space 65536K, 0% used [0x000000076b400000,0x000000076b400000,0x000000076f400000)
  from space 10752K, 81% used [0x000000076f400000,0x000000076fc9a570,0x000000076fe80000)
  to   space 10752K, 0% used [0x000000076fe80000,0x000000076fe80000,0x0000000770900000)
 ParOldGen       total 175104K, used 16K [0x00000006c1c00000, 0x00000006cc700000, 0x000000076b400000)
  object space 175104K, 0% used [0x00000006c1c00000,0x00000006c1c04000,0x00000006cc700000)
 Metaspace       used 16628K, capacity 16990K, committed 17408K, reserved 1064960K
  class space    used 2070K, capacity 2177K, committed 2304K, reserved 1048576K
}
Event: 4.467 GC heap before
{Heap before GC invocations=2 (full 0):
 PSYoungGen      total 76288K, used 42839K [0x000000076b400000, 0x0000000770900000, 0x00000007c0000000)
  eden space 65536K, 51% used [0x000000076b400000,0x000000076d53b708,0x000000076f400000)
  from space 10752K, 81% used [0x000000076f400000,0x000000076fc9a570,0x000000076fe80000)
  to   space 10752K, 0% used [0x000000076fe80000,0x000000076fe80000,0x0000000770900000)
 ParOldGen       total 175104K, used 16K [0x00000006c1c00000, 0x00000006cc700000, 0x000000076b400000)
  object space 175104K, 0% used [0x00000006c1c00000,0x00000006c1c04000,0x00000006cc700000)
 Metaspace       used 20607K, capacity 21050K, committed 21296K, reserved 1069056K
  class space    used 2512K, capacity 2643K, committed 2688K, reserved 1048576K
Event: 4.483 GC heap after
Heap after GC invocations=2 (full 0):
 PSYoungGen      total 76288K, used 9838K [0x000000076b400000, 0x0000000774900000, 0x00000007c0000000)
  eden space 65536K, 0% used [0x000000076b400000,0x000000076b400000,0x000000076f400000)
  from space 10752K, 91% used [0x000000076fe80000,0x000000077081b948,0x0000000770900000)
  to   space 10752K, 0% used [0x000000076f400000,0x000000076f400000,0x000000076fe80000)
 ParOldGen       total 175104K, used 24K [0x00000006c1c00000, 0x00000006cc700000, 0x000000076b400000)
  object space 175104K, 0% used [0x00000006c1c00000,0x00000006c1c06000,0x00000006cc700000)
 Metaspace       used 20607K, capacity 21050K, committed 21296K, reserved 1069056K
  class space    used 2512K, capacity 2643K, committed 2688K, reserved 1048576K
}
Event: 4.483 GC heap before
{Heap before GC invocations=3 (full 1):
 PSYoungGen      total 76288K, used 9838K [0x000000076b400000, 0x0000000774900000, 0x00000007c0000000)
  eden space 65536K, 0% used [0x000000076b400000,0x000000076b400000,0x000000076f400000)
  from space 10752K, 91% used [0x000000076fe80000,0x000000077081b948,0x0000000770900000)
  to   space 10752K, 0% used [0x000000076f400000,0x000000076f400000,0x000000076fe80000)
 ParOldGen       total 175104K, used 24K [0x00000006c1c00000, 0x00000006cc700000, 0x000000076b400000)
  object space 175104K, 0% used [0x00000006c1c00000,0x00000006c1c06000,0x00000006cc700000)
 Metaspace       used 20607K, capacity 21050K, committed 21296K, reserved 1069056K
  class space    used 2512K, capacity 2643K, committed 2688K, reserved 1048576K
Event: 4.529 GC heap after
Heap after GC invocations=3 (full 1):
 PSYoungGen      total 76288K, used 0K [0x000000076b400000, 0x0000000774900000, 0x00000007c0000000)
  eden space 65536K, 0% used [0x000000076b400000,0x000000076b400000,0x000000076f400000)
  from space 10752K, 0% used [0x000000076fe80000,0x000000076fe80000,0x0000000770900000)
  to   space 10752K, 0% used [0x000000076f400000,0x000000076f400000,0x000000076fe80000)
 ParOldGen       total 105472K, used 9591K [0x00000006c1c00000, 0x00000006c8300000, 0x000000076b400000)
  object space 105472K, 9% used [0x00000006c1c00000,0x00000006c255dea0,0x00000006c8300000)
 Metaspace       used 20607K, capacity 21050K, committed 21296K, reserved 1069056K
  class space    used 2512K, capacity 2643K, committed 2688K, reserved 1048576K
}

Deoptimization events (10 events):
Event: 5.962 Thread 0x000000001ea94800 Uncommon trap: reason=bimorphic action=maybe_recompile pc=0x0000000003c06044 method=com.sun.javafx.binding.ExpressionHelper.fireValueChangedEvent(Lcom/sun/javafx/binding/ExpressionHelper;)V @ 5
Event: 5.962 Thread 0x000000001ea94800 Uncommon trap: reason=bimorphic action=maybe_recompile pc=0x0000000003c06044 method=com.sun.javafx.binding.ExpressionHelper.fireValueChangedEvent(Lcom/sun/javafx/binding/ExpressionHelper;)V @ 5
Event: 5.963 Thread 0x000000001ea94800 Uncommon trap: reason=bimorphic action=maybe_recompile pc=0x0000000003c06044 method=com.sun.javafx.binding.ExpressionHelper.fireValueChangedEvent(Lcom/sun/javafx/binding/ExpressionHelper;)V @ 5
Event: 6.013 Thread 0x000000001ea94800 Uncommon trap: reason=unstable_if action=reinterpret pc=0x0000000003852d00 method=java.lang.CharacterDataLatin1.digit(II)I @ 82
Event: 6.022 Thread 0x000000001ea94800 Uncommon trap: reason=unstable_if action=reinterpret pc=0x0000000003c80428 method=java.io.BufferedReader.read()I @ 19
Event: 6.025 Thread 0x000000001ea94800 Uncommon trap: reason=unstable_if action=reinterpret pc=0x0000000003c82a8c method=java.io.BufferedReader.read()I @ 19
Event: 6.083 Thread 0x000000001ea94800 Uncommon trap: reason=unstable_if action=reinterpret pc=0x0000000003c2e8e4 method=java.lang.ClassLoader.checkName(Ljava/lang/String;)Z @ 20
Event: 6.083 Thread 0x000000001ea94800 Uncommon trap: reason=unstable_if action=reinterpret pc=0x00000000037cbf54 method=java.lang.ClassLoader.checkName(Ljava/lang/String;)Z @ 20
Event: 6.118 Thread 0x000000001ea94800 Uncommon trap: reason=unstable_if action=reinterpret pc=0x0000000003936b28 method=java.net.URL.<init>(Ljava/net/URL;Ljava/lang/String;Ljava/net/URLStreamHandler;)V @ 347
Event: 6.252 Thread 0x000000001ea94800 Uncommon trap: reason=unstable_if action=reinterpret pc=0x00000000039bdb0c method=jdk.internal.org.objectweb.asm.Type.getArgumentsAndReturnSizes(Ljava/lang/String;)I @ 47

Classes redefined (0 events):
No events

Internal exceptions (10 events):
Event: 1.783 Thread 0x000000001ea94800 Exception <a 'java/lang/ArrayIndexOutOfBoundsException': 40> (0x000000076d31d8f0) thrown at [C:\re\workspace\8-2-build-windows-amd64-cygwin\jdk8u161\10277\hotspot\src\share\vm\interpreter\interpreterRuntime.cpp, line 366]
Event: 2.977 Thread 0x000000001ea94800 Exception <a 'java/lang/NullPointerException'> (0x000000076e939910) thrown at [C:\re\workspace\8-2-build-windows-amd64-cygwin\jdk8u161\10277\hotspot\src\share\vm\interpreter\linkResolver.cpp, line 1185]
Event: 2.977 Thread 0x000000001ea94800 Exception <a 'java/lang/NullPointerException'> (0x000000076e939910) thrown at [C:\re\workspace\8-2-build-windows-amd64-cygwin\jdk8u161\10277\hotspot\src\share\vm\prims\jvm.cpp, line 1394]
Event: 3.417 Thread 0x000000001ea94800 Exception <a 'java/lang/NoClassDefFoundError': org/apache/log4j/Priority> (0x000000076f14fd68) thrown at [C:\re\workspace\8-2-build-windows-amd64-cygwin\jdk8u161\10277\hotspot\src\share\vm\classfile\systemDictionary.cpp, line 199]
Event: 5.131 Thread 0x000000001ea94800 Implicit null exception at 0x00000000036f4758 to 0x00000000036f47e6
Event: 5.267 Thread 0x000000001ea94800 Implicit null exception at 0x0000000003ad85b6 to 0x0000000003ad8dad
Event: 5.268 Thread 0x000000001ea94800 Implicit null exception at 0x0000000003ac6dcc to 0x0000000003ac74a1
Event: 5.554 Thread 0x000000001ea94800 Implicit null exception at 0x0000000003a1e997 to 0x0000000003a1eeed
Event: 5.566 Thread 0x000000001ea94800 Implicit null exception at 0x0000000003909934 to 0x0000000003909c75
Event: 10.698 Thread 0x00000000278fe000 Exception <a 'java/lang/IllegalStateException'> (0x000000076ebfb108) thrown at [C:\re\workspace\8-2-build-windows-amd64-cygwin\jdk8u161\10277\hotspot\src\share\vm\prims\jvm.cpp, line 1394]

Events (10 events):
Event: 10.691 Thread 0x00000000278fc800 Thread added: 0x00000000278fc800
Event: 10.695 Thread 0x00000000278fc800 Thread exited: 0x00000000278fc800
Event: 10.696 loading class com/sun/javafx/tk/quantum/QuantumRenderer
Event: 10.696 loading class com/sun/javafx/tk/quantum/QuantumRenderer done
Event: 10.697 loading class com/sun/javafx/tk/quantum/QuantumToolkit
Event: 10.697 loading class com/sun/javafx/tk/quantum/QuantumToolkit done
Event: 10.698 Thread 0x00000000278fe000 Thread exited: 0x00000000278fe000
Event: 10.702 Thread 0x000000001c8e1000 Thread exited: 0x000000001c8e1000
Event: 10.704 Thread 0x000000001c8d0800 Thread exited: 0x000000001c8d0800
Event: 10.704 Executing VM operation: Exit


Dynamic libraries:
0x00007ff790a80000 - 0x00007ff790ab7000 	C:\Program Files\Java\jdk1.8.0_161\bin\java.exe
0x00007ffcd05c0000 - 0x00007ffcd07a1000 	C:\WINDOWS\SYSTEM32\ntdll.dll
0x00007ffccf960000 - 0x00007ffccfa12000 	C:\WINDOWS\System32\KERNEL32.DLL
0x00007ffccc990000 - 0x00007ffcccc03000 	C:\WINDOWS\System32\KERNELBASE.dll
0x00007ffccfd50000 - 0x00007ffccfdf1000 	C:\WINDOWS\System32\ADVAPI32.dll
0x00007ffccfcb0000 - 0x00007ffccfd4e000 	C:\WINDOWS\System32\msvcrt.dll
0x00007ffccf500000 - 0x00007ffccf55b000 	C:\WINDOWS\System32\sechost.dll
0x00007ffccf560000 - 0x00007ffccf684000 	C:\WINDOWS\System32\RPCRT4.dll
0x00007ffccdae0000 - 0x00007ffccdc70000 	C:\WINDOWS\System32\USER32.dll
0x00007ffccd220000 - 0x00007ffccd240000 	C:\WINDOWS\System32\win32u.dll
0x00007ffccfc80000 - 0x00007ffccfca8000 	C:\WINDOWS\System32\GDI32.dll
0x00007ffcccd80000 - 0x00007ffcccf12000 	C:\WINDOWS\System32\gdi32full.dll
0x00007ffcccc60000 - 0x00007ffccccff000 	C:\WINDOWS\System32\msvcp_win.dll
0x00007ffccd240000 - 0x00007ffccd33a000 	C:\WINDOWS\System32\ucrtbase.dll
0x00007ffcc04b0000 - 0x00007ffcc0719000 	C:\WINDOWS\WinSxS\amd64_microsoft.windows.common-controls_6595b64144ccf1df_6.0.17134.285_none_fb4297e330656775\COMCTL32.dll
0x00007ffccff90000 - 0x00007ffcd02b3000 	C:\WINDOWS\System32\combase.dll
0x00007ffcccd00000 - 0x00007ffcccd7a000 	C:\WINDOWS\System32\bcryptPrimitives.dll
0x00007ffccdab0000 - 0x00007ffccdadd000 	C:\WINDOWS\System32\IMM32.DLL
0x00000000612e0000 - 0x00000000613b2000 	C:\Program Files\Java\jdk1.8.0_161\jre\bin\msvcr100.dll
0x0000000060a40000 - 0x00000000612df000 	C:\Program Files\Java\jdk1.8.0_161\jre\bin\server\jvm.dll
0x00007ffccf940000 - 0x00007ffccf948000 	C:\WINDOWS\System32\PSAPI.DLL
0x00007ffcc27d0000 - 0x00007ffcc27f3000 	C:\WINDOWS\SYSTEM32\WINMM.dll
0x00007ffccb4e0000 - 0x00007ffccb4e9000 	C:\WINDOWS\SYSTEM32\WSOCK32.dll
0x00007ffcd02e0000 - 0x00007ffcd034c000 	C:\WINDOWS\System32\WS2_32.dll
0x00007ffcbeb90000 - 0x00007ffcbeb9a000 	C:\WINDOWS\SYSTEM32\VERSION.dll
0x00007ffcc27a0000 - 0x00007ffcc27ca000 	C:\WINDOWS\SYSTEM32\WINMMBASE.dll
0x00007ffcccc10000 - 0x00007ffcccc59000 	C:\WINDOWS\System32\cfgmgr32.dll
0x0000000060a30000 - 0x0000000060a3f000 	C:\Program Files\Java\jdk1.8.0_161\jre\bin\verify.dll
0x0000000060a00000 - 0x0000000060a29000 	C:\Program Files\Java\jdk1.8.0_161\jre\bin\java.dll
0x0000000060880000 - 0x00000000608b5000 	C:\Program Files\Java\jdk1.8.0_161\jre\bin\jdwp.dll
0x0000000060870000 - 0x0000000060878000 	C:\Program Files\Java\jdk1.8.0_161\jre\bin\npt.dll
0x00000000609e0000 - 0x00000000609f6000 	C:\Program Files\Java\jdk1.8.0_161\jre\bin\zip.dll
0x00007ffcce0c0000 - 0x00007ffccf500000 	C:\WINDOWS\System32\SHELL32.dll
0x00007ffccf690000 - 0x00007ffccf739000 	C:\WINDOWS\System32\shcore.dll
0x00007ffccd340000 - 0x00007ffccda4d000 	C:\WINDOWS\System32\windows.storage.dll
0x00007ffccda50000 - 0x00007ffccdaa1000 	C:\WINDOWS\System32\shlwapi.dll
0x00007ffccc930000 - 0x00007ffccc941000 	C:\WINDOWS\System32\kernel.appcore.dll
0x00007ffccc970000 - 0x00007ffccc98f000 	C:\WINDOWS\System32\profapi.dll
0x00007ffccc8d0000 - 0x00007ffccc91c000 	C:\WINDOWS\System32\powrprof.dll
0x00007ffccc920000 - 0x00007ffccc92a000 	C:\WINDOWS\System32\FLTLIB.DLL
0x0000000060830000 - 0x0000000060839000 	C:\Program Files\Java\jdk1.8.0_161\jre\bin\dt_socket.dll
0x00007ffccc0f0000 - 0x00007ffccc156000 	C:\WINDOWS\system32\mswsock.dll
0x0000000001380000 - 0x0000000001383000 	C:\Program Files\Java\jdk1.8.0_161\jre\bin\api-ms-win-core-console-l1-1-0.dll
0x0000000001390000 - 0x0000000001393000 	C:\Program Files\Java\jdk1.8.0_161\jre\bin\api-ms-win-core-datetime-l1-1-0.dll
0x00000000013a0000 - 0x00000000013a3000 	C:\Program Files\Java\jdk1.8.0_161\jre\bin\api-ms-win-core-debug-l1-1-0.dll
0x00000000013b0000 - 0x00000000013b3000 	C:\Program Files\Java\jdk1.8.0_161\jre\bin\api-ms-win-core-errorhandling-l1-1-0.dll
0x0000000003070000 - 0x0000000003074000 	C:\Program Files\Java\jdk1.8.0_161\jre\bin\api-ms-win-core-file-l1-1-0.dll
0x0000000003080000 - 0x0000000003083000 	C:\Program Files\Java\jdk1.8.0_161\jre\bin\api-ms-win-core-file-l1-2-0.dll
0x0000000003090000 - 0x0000000003093000 	C:\Program Files\Java\jdk1.8.0_161\jre\bin\api-ms-win-core-file-l2-1-0.dll
0x00000000030a0000 - 0x00000000030a3000 	C:\Program Files\Java\jdk1.8.0_161\jre\bin\api-ms-win-core-handle-l1-1-0.dll
0x00000000030b0000 - 0x00000000030b3000 	C:\Program Files\Java\jdk1.8.0_161\jre\bin\api-ms-win-core-heap-l1-1-0.dll
0x00000000030c0000 - 0x00000000030c3000 	C:\Program Files\Java\jdk1.8.0_161\jre\bin\api-ms-win-core-interlocked-l1-1-0.dll
0x00000000030d0000 - 0x00000000030d3000 	C:\Program Files\Java\jdk1.8.0_161\jre\bin\api-ms-win-core-libraryloader-l1-1-0.dll
0x000000001f230000 - 0x000000001f233000 	C:\Program Files\Java\jdk1.8.0_161\jre\bin\api-ms-win-core-localization-l1-2-0.dll
0x000000001f240000 - 0x000000001f243000 	C:\Program Files\Java\jdk1.8.0_161\jre\bin\api-ms-win-core-memory-l1-1-0.dll
0x000000001f250000 - 0x000000001f253000 	C:\Program Files\Java\jdk1.8.0_161\jre\bin\api-ms-win-core-namedpipe-l1-1-0.dll
0x000000001f260000 - 0x000000001f263000 	C:\Program Files\Java\jdk1.8.0_161\jre\bin\api-ms-win-core-processenvironment-l1-1-0.dll
0x000000001f270000 - 0x000000001f273000 	C:\Program Files\Java\jdk1.8.0_161\jre\bin\api-ms-win-core-processthreads-l1-1-0.dll
0x000000001f280000 - 0x000000001f283000 	C:\Program Files\Java\jdk1.8.0_161\jre\bin\api-ms-win-core-processthreads-l1-1-1.dll
0x000000001f290000 - 0x000000001f293000 	C:\Program Files\Java\jdk1.8.0_161\jre\bin\api-ms-win-core-profile-l1-1-0.dll
0x000000001f2a0000 - 0x000000001f2a3000 	C:\Program Files\Java\jdk1.8.0_161\jre\bin\api-ms-win-core-rtlsupport-l1-1-0.dll
0x000000001f2b0000 - 0x000000001f2b3000 	C:\Program Files\Java\jdk1.8.0_161\jre\bin\api-ms-win-core-string-l1-1-0.dll
0x000000001f2c0000 - 0x000000001f2c3000 	C:\Program Files\Java\jdk1.8.0_161\jre\bin\api-ms-win-core-synch-l1-1-0.dll
0x000000001f2d0000 - 0x000000001f2d3000 	C:\Program Files\Java\jdk1.8.0_161\jre\bin\api-ms-win-core-synch-l1-2-0.dll
0x000000001f2e0000 - 0x000000001f2e3000 	C:\Program Files\Java\jdk1.8.0_161\jre\bin\api-ms-win-core-sysinfo-l1-1-0.dll
0x000000001f2f0000 - 0x000000001f2f3000 	C:\Program Files\Java\jdk1.8.0_161\jre\bin\api-ms-win-core-timezone-l1-1-0.dll
0x000000001f300000 - 0x000000001f303000 	C:\Program Files\Java\jdk1.8.0_161\jre\bin\api-ms-win-core-util-l1-1-0.dll
0x000000001f310000 - 0x000000001f313000 	C:\Program Files\Java\jdk1.8.0_161\jre\bin\api-ms-win-crt-conio-l1-1-0.dll
0x000000001f320000 - 0x000000001f324000 	C:\Program Files\Java\jdk1.8.0_161\jre\bin\api-ms-win-crt-convert-l1-1-0.dll
0x000000001f330000 - 0x000000001f333000 	C:\Program Files\Java\jdk1.8.0_161\jre\bin\api-ms-win-crt-environment-l1-1-0.dll
0x000000001f340000 - 0x000000001f343000 	C:\Program Files\Java\jdk1.8.0_161\jre\bin\api-ms-win-crt-filesystem-l1-1-0.dll
0x000000001f350000 - 0x000000001f353000 	C:\Program Files\Java\jdk1.8.0_161\jre\bin\api-ms-win-crt-heap-l1-1-0.dll
0x000000001f360000 - 0x000000001f363000 	C:\Program Files\Java\jdk1.8.0_161\jre\bin\api-ms-win-crt-locale-l1-1-0.dll
0x000000001f370000 - 0x000000001f375000 	C:\Program Files\Java\jdk1.8.0_161\jre\bin\api-ms-win-crt-math-l1-1-0.dll
0x000000001f380000 - 0x000000001f385000 	C:\Program Files\Java\jdk1.8.0_161\jre\bin\api-ms-win-crt-multibyte-l1-1-0.dll
0x000000001f390000 - 0x000000001f3a0000 	C:\Program Files\Java\jdk1.8.0_161\jre\bin\api-ms-win-crt-private-l1-1-0.dll
0x000000001f3a0000 - 0x000000001f3a3000 	C:\Program Files\Java\jdk1.8.0_161\jre\bin\api-ms-win-crt-process-l1-1-0.dll
0x000000001f3b0000 - 0x000000001f3b4000 	C:\Program Files\Java\jdk1.8.0_161\jre\bin\api-ms-win-crt-runtime-l1-1-0.dll
0x000000001f3c0000 - 0x000000001f3c4000 	C:\Program Files\Java\jdk1.8.0_161\jre\bin\api-ms-win-crt-stdio-l1-1-0.dll
0x000000001f3d0000 - 0x000000001f3d4000 	C:\Program Files\Java\jdk1.8.0_161\jre\bin\api-ms-win-crt-string-l1-1-0.dll
0x000000001f3e0000 - 0x000000001f3e3000 	C:\Program Files\Java\jdk1.8.0_161\jre\bin\api-ms-win-crt-time-l1-1-0.dll
0x000000001f3f0000 - 0x000000001f3f3000 	C:\Program Files\Java\jdk1.8.0_161\jre\bin\api-ms-win-crt-utility-l1-1-0.dll
0x00007ffc9f100000 - 0x00007ffc9f1f6000 	C:\Program Files\Java\jdk1.8.0_161\jre\bin\ucrtbase.dll
0x00007ffcb8a10000 - 0x00007ffcb8a61000 	C:\Program Files\Java\jdk1.8.0_161\jre\bin\concrt140.dll
0x00007ffcc5ec0000 - 0x00007ffcc5ed6000 	C:\WINDOWS\SYSTEM32\VCRUNTIME140.dll
0x00007ffcaf950000 - 0x00007ffcaf9f7000 	C:\WINDOWS\SYSTEM32\MSVCP140.dll
0x00007ffcc3280000 - 0x00007ffcc3296000 	C:\Program Files\Java\jdk1.8.0_161\jre\bin\vcruntime140.dll
0x00007ffcb16a0000 - 0x00007ffcb173c000 	C:\Program Files\Java\jdk1.8.0_161\jre\bin\msvcp140.dll
0x00000000607b0000 - 0x00000000607d3000 	C:\Program Files\Java\jdk1.8.0_161\jre\bin\prism_d3d.dll
0x00007ffc95d60000 - 0x00007ffc95ef7000 	C:\WINDOWS\system32\d3d9.dll
0x00007ffccaca0000 - 0x00007ffccacc9000 	C:\WINDOWS\SYSTEM32\dwmapi.dll
0x00007ffccabd0000 - 0x00007ffccac68000 	C:\WINDOWS\system32\uxtheme.dll
0x00007ffcd0360000 - 0x00007ffcd04b1000 	C:\WINDOWS\System32\ole32.dll
0x00007ffcd04c0000 - 0x00007ffcd0582000 	C:\WINDOWS\System32\OLEAUT32.dll
0x0000000060760000 - 0x00000000607a9000 	C:\Program Files\Java\jdk1.8.0_161\jre\bin\glass.dll
0x00007ffccfe00000 - 0x00007ffccfeed000 	C:\WINDOWS\System32\COMDLG32.dll
0x00007ffccf7c0000 - 0x00007ffccf935000 	C:\WINDOWS\System32\MSCTF.dll
0x0000000060740000 - 0x0000000060754000 	C:\Program Files\Java\jdk1.8.0_161\jre\bin\javafx_font.dll
0x00000000607f0000 - 0x0000000060814000 	C:\Program Files\Java\jdk1.8.0_161\jre\bin\sunec.dll
0x00000000609c0000 - 0x00000000609da000 	C:\Program Files\Java\jdk1.8.0_161\jre\bin\net.dll
0x00007ffccbe70000 - 0x00007ffccbea8000 	C:\WINDOWS\SYSTEM32\IPHLPAPI.DLL
0x00007ffccf950000 - 0x00007ffccf958000 	C:\WINDOWS\System32\NSI.dll
0x00007ffcc90f0000 - 0x00007ffcc9106000 	C:\WINDOWS\SYSTEM32\dhcpcsvc6.DLL
0x00007ffcc9300000 - 0x00007ffcc931a000 	C:\WINDOWS\SYSTEM32\dhcpcsvc.DLL
0x00000000609a0000 - 0x00000000609b1000 	C:\Program Files\Java\jdk1.8.0_161\jre\bin\nio.dll
0x00007ffccc2a0000 - 0x00007ffccc2b7000 	C:\WINDOWS\SYSTEM32\CRYPTSP.dll
0x00007ffccbcd0000 - 0x00007ffccbd03000 	C:\WINDOWS\system32\rsaenh.dll
0x00007ffccc3d0000 - 0x00007ffccc3f5000 	C:\WINDOWS\SYSTEM32\bcrypt.dll
0x00007ffccc7d0000 - 0x00007ffccc7f8000 	C:\WINDOWS\SYSTEM32\USERENV.dll
0x00007ffccc2c0000 - 0x00007ffccc2cb000 	C:\WINDOWS\SYSTEM32\CRYPTBASE.dll
0x00007ffccbeb0000 - 0x00007ffccbf6e000 	C:\WINDOWS\SYSTEM32\DNSAPI.dll
0x00007ffcc3aa0000 - 0x00007ffcc3aaa000 	C:\Windows\System32\rasadhlp.dll
0x00007ffcc9cb0000 - 0x00007ffcc9d22000 	C:\WINDOWS\System32\fwpuclnt.dll
0x00007ffcb4360000 - 0x00007ffcb467c000 	C:\WINDOWS\SYSTEM32\dwrite.dll
0x00007ffccfef0000 - 0x00007ffccff90000 	C:\WINDOWS\System32\clbcatq.dll
0x00007ffcca7b0000 - 0x00007ffcca95e000 	C:\WINDOWS\SYSTEM32\WindowsCodecs.dll
0x00007ffc9f740000 - 0x00007ffc9f798000 	C:\WINDOWS\system32\dataexchange.dll
0x00007ffcc7b90000 - 0x00007ffcc7e9b000 	C:\WINDOWS\system32\d3d11.dll
0x00007ffccb700000 - 0x00007ffccb7bb000 	C:\WINDOWS\system32\dxgi.dll
0x00007ffcc89c0000 - 0x00007ffcc8b5c000 	C:\WINDOWS\system32\dcomp.dll
0x00007ffccae30000 - 0x00007ffccafe8000 	C:\WINDOWS\system32\twinapi.appcore.dll
0x00007ffccad80000 - 0x00007ffccada1000 	C:\WINDOWS\system32\RMCLIENT.dll
0x00007ffcb8aa0000 - 0x00007ffcb8ad4000 	C:\Program Files\Common Files\Microsoft Shared\Ink\rtscom.dll
0x0000000060720000 - 0x0000000060732000 	C:\Program Files\Java\jdk1.8.0_161\jre\bin\prism_common.dll
0x00007ffcb77d0000 - 0x00007ffcb7867000 	C:\WINDOWS\System32\TextInputFramework.dll
0x00007ffcc9010000 - 0x00007ffcc90ea000 	C:\WINDOWS\System32\CoreMessaging.dll
0x00007ffcb3720000 - 0x00007ffcb3a3e000 	C:\WINDOWS\System32\CoreUIComponents.dll
0x00007ffcc9320000 - 0x00007ffcc946d000 	C:\WINDOWS\SYSTEM32\wintypes.dll

VM Arguments:
jvm_args: -agentlib:jdwp=transport=dt_socket,address=127.0.0.1:49787,suspend=y,server=n -Dfile.encoding=UTF-8 
java_command: com.zeiss.patient.client.app.Main
java_class_path (initial): C:\Program Files\Java\jdk1.8.0_161\jre\lib\charsets.jar;C:\Program Files\Java\jdk1.8.0_161\jre\lib\deploy.jar;C:\Program Files\Java\jdk1.8.0_161\jre\lib\ext\access-bridge-64.jar;C:\Program Files\Java\jdk1.8.0_161\jre\lib\ext\cldrdata.jar;C:\Program Files\Java\jdk1.8.0_161\jre\lib\ext\dnsns.jar;C:\Program Files\Java\jdk1.8.0_161\jre\lib\ext\jaccess.jar;C:\Program Files\Java\jdk1.8.0_161\jre\lib\ext\jfxrt.jar;C:\Program Files\Java\jdk1.8.0_161\jre\lib\ext\localedata.jar;C:\Program Files\Java\jdk1.8.0_161\jre\lib\ext\nashorn.jar;C:\Program Files\Java\jdk1.8.0_161\jre\lib\ext\sunec.jar;C:\Program Files\Java\jdk1.8.0_161\jre\lib\ext\sunjce_provider.jar;C:\Program Files\Java\jdk1.8.0_161\jre\lib\ext\sunmscapi.jar;C:\Program Files\Java\jdk1.8.0_161\jre\lib\ext\sunpkcs11.jar;C:\Program Files\Java\jdk1.8.0_161\jre\lib\ext\zipfs.jar;C:\Program Files\Java\jdk1.8.0_161\jre\lib\javaws.jar;C:\Program Files\Java\jdk1.8.0_161\jre\lib\jce.jar;C:\Program Files\Java\jdk1.8.0_161\jre\lib\jfr.jar;C:\Program Files\Java\jdk1.8.0_161\jre\lib\jfxswt.jar;C:\Program Files\Java\jdk1.8.0_161\jre\lib\jsse.jar;C:\Program Files\Java\jdk1.8.0_161\jre\lib\management-agent.jar;C:\Program Files\Java\jdk1.8.0_161\jre\lib\plugin.jar;C:\Program Files\Java\jdk1.8.0_161\jre\lib\resources.jar;C:\Program Files\Java\jdk1.8.0_161\jre\lib\rt.jar;C:\Project\patientrepository\patientapplication\client\patient-client-app\target\classes;C:\Users\sbal\.m2\repository\org\controlsfx\controlsfx\8.0.1\controlsfx-8.0.1.jar;C:\Project\patientrepository\patientapplication\client\patient-client-gui\target\classes;C:\Users\sbal\.m2\repository\com\google\inject\guice\4.2.0\guice-4.2.0.jar;C:\Users\sbal\.m2\repository\javax\inject\javax.inject\1\javax.inject-1.jar;C:\Users\sbal\.m2\repository\aopalliance\aopalliance\1.0\aopalliance-1.0.jar;C:\Users\sbal\.m2\repository\com\google\guava\guava\23.6-android\guava-23.6-android.jar;C:\Users\sbal\.m2\repository\com\google\code\findbugs\jsr305\1.3.9\jsr305
Launcher Type: SUN_STANDARD

Environment Variables:
JAVA_HOME=C:\Program Files\Java\jdk1.8.0_161
PATH=C:\ProgramData\Oracle\Java\javapath;C:\Program Files (x86)\Intel\iCLS Client\;C:\Program Files\Intel\iCLS Client\;C:\WINDOWS\system32;C:\WINDOWS;C:\WINDOWS\System32\Wbem;C:\WINDOWS\System32\WindowsPowerShell\v1.0\;C:\Program Files\OpenVPN\bin;C:\Program Files (x86)\Intel\Intel(R) Management Engine Components\DAL;C:\Program Files\Intel\Intel(R) Management Engine Components\DAL;C:\Program Files (x86)\Intel\Intel(R) Management Engine Components\IPT;C:\Program Files\Intel\Intel(R) Management Engine Components\IPT;C:\Program Files\Intel\WiFi\bin\;C:\Program Files\Common Files\Intel\WirelessCommon\;C:\WINDOWS\System32\OpenSSH\;C:\Program Files\Git\cmd;C:\Users\sbal\AppData\Local\Microsoft\WindowsApps;C:\software\apache-maven-3.5.3\bin;C:\Users\sbal\AppData\Local\GitHubDesktop\bin
USERNAME=sbal
OS=Windows_NT
PROCESSOR_IDENTIFIER=Intel64 Family 6 Model 78 Stepping 3, GenuineIntel



---------------  S Y S T E M  ---------------

OS: Windows 10.0 , 64 bit Build 17134 (10.0.17134.1)

CPU:total 4 (initial active 4) (2 cores per cpu, 2 threads per core) family 6 model 78 stepping 3, cmov, cx8, fxsr, mmx, sse, sse2, sse3, ssse3, sse4.1, sse4.2, popcnt, avx, avx2, aes, clmul, erms, rtm, 3dnowpref, lzcnt, ht, tsc, tscinvbit, bmi1, bmi2, adx

Memory: 4k page, physical 16657356k(7453448k free), swap 26618828k(8885908k free)

vm_info: Java HotSpot(TM) 64-Bit Server VM (25.161-b12) for windows-amd64 JRE (1.8.0_161-b12), built on Dec 19 2017 17:52:25 by "java_re" with MS VC++ 10.0 (VS2010)

time: Tue Sep 18 10:12:24 2018
elapsed time: 11 seconds (0d 0h 0m 11s)

