#
# A fatal error has been detected by the Java Runtime Environment:
#
#  EXCEPTION_ACCESS_VIOLATION (0xc0000005) at pc=0x00000000623478b0, pid=6592, tid=0x00000000000033dc
#
# JRE version: Java(TM) SE Runtime Environment (8.0_161-b12) (build 1.8.0_161-b12)
# Java VM: Java HotSpot(TM) 64-Bit Server VM (25.161-b12 mixed mode windows-amd64 compressed oops)
# Problematic frame:
# C  [glass.dll+0x278b0]
#
# Failed to write core dump. Minidumps are not enabled by default on client versions of Windows
#
# If you would like to submit a bug report, please visit:
#   http://bugreport.java.com/bugreport/crash.jsp
#

---------------  T H R E A D  ---------------

Current thread (0x000000001bfa7000):  VMThread [stack: 0x000000001d060000,0x000000001d160000] [id=13276]

siginfo: ExceptionCode=0xc0000005, reading address 0x0000000000000000

Registers:
RAX=0x0000000000000000, RBX=0x000000001e166818, RCX=0x000000001bfa7000, RDX=0x000000006378dc78
RSP=0x000000001d15ed70, RBP=0x000000000097d718, RSI=0x000000000097d6f0, RDI=0x0000d1ab9e3efef6
R8 =0x0000000000010002, R9 =0x0000000000000036, R10=0x0000d1ab9e3efef6, R11=0x000000001d15ec80
R12=0x0000000000000000, R13=0x0000000000000040, R14=0x000000001d15ee88, R15=0x000000000097d6f0
RIP=0x00000000623478b0, EFLAGS=0x0000000000010202

Top of Stack: (sp=0x000000001d15ed70)
0x000000001d15ed70:   0000000000000000 00007ffdeb80e52b
0x000000001d15ed80:   000000000097d700 000000000097d700
0x000000001d15ed90:   fffffffffffffffe 000000000097d718
0x000000001d15eda0:   000000000097d6f8 00007ffdeb807013
0x000000001d15edb0:   000000006235c1b0 00007ffd00000000
0x000000001d15edc0:   000046cb2b25e618 00007ffde9ef71f0
0x000000001d15edd0:   fffffffffffffffe 00007ffdeb8072ad
0x000000001d15ede0:   0000000000000001 0000000062320000
0x000000001d15edf0:   0000000002901638 00000000623448dc
0x000000001d15ee00:   000000001d15ee78 00007ffdeb80da67
0x000000001d15ee10:   0000000000000000 000000001d15ee88
0x000000001d15ee20:   000000001beb5400 00007ffdeb8eb090
0x000000001d15ee30:   0000000000000000 00007ffdeb807204
0x000000001d15ee40:   0000000000000000 0000000000000001
0x000000001d15ee50:   000000000000000d 000000001d15ee78
0x000000001d15ee60:   0000000000000000 0000000062344752 

Instructions: (pc=0x00000000623478b0)
0x0000000062347890:   40 53 48 83 ec 30 48 c7 44 24 20 fe ff ff ff 48
0x00000000623478a0:   8b 1d 7a 72 01 00 48 85 db 74 16 e8 00 81 ff ff
0x00000000623478b0:   4c 8b 00 48 8b d3 48 8b c8 41 ff 90 b0 00 00 00
0x00000000623478c0:   90 48 83 c4 30 5b c3 cc cc cc cc cc cc cc cc cc 


Register to memory mapping:

RAX=0x0000000000000000 is an unknown value
RBX=0x000000001e166818 is a global jni handle
RCX=0x000000001bfa7000 is an unknown value
RDX=0x000000006378dc78 is an unknown value
RSP=0x000000001d15ed70 is an unknown value
RBP=0x000000000097d718 is an unknown value
RSI=0x000000000097d6f0 is an unknown value
RDI=0x0000d1ab9e3efef6 is an unknown value
R8 =0x0000000000010002 is an unknown value
R9 =0x0000000000000036 is an unknown value
R10=0x0000d1ab9e3efef6 is an unknown value
R11=0x000000001d15ec80 is an unknown value
R12=0x0000000000000000 is an unknown value
R13=0x0000000000000040 is an unknown value
R14=0x000000001d15ee88 is an unknown value
R15=0x000000000097d6f0 is an unknown value


Stack: [0x000000001d060000,0x000000001d160000],  sp=0x000000001d15ed70,  free space=1019k
Native frames: (J=compiled Java code, j=interpreted, Vv=VM code, C=native code)
C  [glass.dll+0x278b0]
C  [ucrtbase.dll+0x7013]
C  [ucrtbase.dll+0xda67]
C  [ucrtbase.dll+0x7204]
C  [glass.dll+0x24752]
C  [glass.dll+0x24850]
C  [ntdll.dll+0x34143]
C  [ntdll.dll+0x40af5]
C  [ntdll.dll+0x409b8]
C  [KERNEL32.DLL+0x1b19a]
C  [msvcr100.dll+0x20ccd]
V  [jvm.dll+0x212e95]
V  [jvm.dll+0x24c227]
V  [jvm.dll+0x24b4c6]
V  [jvm.dll+0x24b961]
V  [jvm.dll+0x24bb7e]
V  [jvm.dll+0x29cc4a]
C  [msvcr100.dll+0x21d9f]
C  [msvcr100.dll+0x21e3b]
C  [KERNEL32.DLL+0x13034]
C  [ntdll.dll+0x71551]

VM_Operation (0x000000001f87a660): Exit, mode: safepoint, requested by thread 0x000000001e165000


---------------  P R O C E S S  ---------------

Java Threads: ( => current thread )
  0x000000001e5f2800 JavaThread "Glass/Prism Shutdown Hook" [_thread_blocked, id=6628, stack(0x000000002a8e0000,0x000000002a9e0000)]
  0x000000001e7c9800 JavaThread "Prism Font Disposer" daemon [_thread_blocked, id=10324, stack(0x00000000298e0000,0x00000000299e0000)]
  0x000000001e1d8000 JavaThread "Thread-3" daemon [_thread_in_native, id=12120, stack(0x0000000026460000,0x0000000026560000)]
  0x000000001e1ad800 JavaThread "JavaFX-Launcher" [_thread_blocked, id=11444, stack(0x0000000026560000,0x0000000026660000)]
  0x000000001e165000 JavaThread "JavaFX Application Thread" [_thread_blocked, id=8964, stack(0x000000001f780000,0x000000001f880000)]
  0x000000001e159800 JavaThread "Thread-1" daemon [_thread_blocked, id=18472, stack(0x000000001f680000,0x000000001f780000)]
  0x000000001e0f4000 JavaThread "QuantumRenderer-0" daemon [_thread_blocked, id=4668, stack(0x000000001ea20000,0x000000001eb20000)]
  0x000000001d84b000 JavaThread "Service Thread" daemon [_thread_blocked, id=12444, stack(0x000000001de50000,0x000000001df50000)]
  0x000000001d814800 JavaThread "C1 CompilerThread2" daemon [_thread_blocked, id=16896, stack(0x000000001dd50000,0x000000001de50000)]
  0x000000001d7ba000 JavaThread "C2 CompilerThread1" daemon [_thread_blocked, id=15300, stack(0x000000001dc50000,0x000000001dd50000)]
  0x000000001d7b9000 JavaThread "C2 CompilerThread0" daemon [_thread_blocked, id=11964, stack(0x000000001db50000,0x000000001dc50000)]
  0x000000001d7af800 JavaThread "Monitor Ctrl-Break" daemon [_thread_in_native, id=8648, stack(0x000000001da50000,0x000000001db50000)]
  0x000000001bfdf800 JavaThread "Attach Listener" daemon [_thread_blocked, id=16648, stack(0x000000001d550000,0x000000001d650000)]
  0x000000001bfde000 JavaThread "Signal Dispatcher" daemon [_thread_blocked, id=17712, stack(0x000000001d450000,0x000000001d550000)]
  0x000000001bfc9000 JavaThread "Finalizer" daemon [_thread_blocked, id=9596, stack(0x000000001d260000,0x000000001d360000)]
  0x0000000002a04000 JavaThread "Reference Handler" daemon [_thread_blocked, id=13868, stack(0x000000001d160000,0x000000001d260000)]
  0x0000000002914000 JavaThread "main" [_thread_blocked, id=5024, stack(0x00000000025a0000,0x00000000026a0000)]

Other Threads:
=>0x000000001bfa7000 VMThread [stack: 0x000000001d060000,0x000000001d160000] [id=13276]

VM state:at safepoint (shutting down)

VM Mutex/Monitor currently owned by a thread:  ([mutex/lock_event])
[0x00000000029104d0] Threads_lock - owner thread: 0x000000001bfa7000

Heap:
 PSYoungGen      total 76288K, used 49631K [0x000000076b400000, 0x0000000770900000, 0x00000007c0000000)
  eden space 65536K, 75% used [0x000000076b400000,0x000000076e477cf8,0x000000076f400000)
  from space 10752K, 0% used [0x000000076fe80000,0x000000076fe80000,0x0000000770900000)
  to   space 10752K, 0% used [0x000000076f400000,0x000000076f400000,0x000000076fe80000)
 ParOldGen       total 175104K, used 0K [0x00000006c1c00000, 0x00000006cc700000, 0x000000076b400000)
  object space 175104K, 0% used [0x00000006c1c00000,0x00000006c1c00000,0x00000006cc700000)
 Metaspace       used 15282K, capacity 16052K, committed 16384K, reserved 1062912K
  class space    used 2271K, capacity 2476K, committed 2560K, reserved 1048576K

Card table byte_map: [0x0000000011dd0000,0x00000000125d0000] byte_map_base: 0x000000000e7c2000

Marking Bits: (ParMarkBitMap*) 0x000000006397f860
 Begin Bits: [0x0000000012f20000, 0x0000000016eb0000)
 End Bits:   [0x0000000016eb0000, 0x000000001ae40000)

Polling page: 0x00000000008d0000

CodeCache: size=245760Kb used=4949Kb max_used=4949Kb free=240810Kb
 bounds [0x0000000002a10000, 0x0000000002ef0000, 0x0000000011a10000]
 total_blobs=2120 nmethods=1482 adapters=548
 compilation: enabled

Compilation events (10 events):
Event: 3.159 Thread 0x000000001d814800 1479       3       java.util.WeakHashMap::<init> (133 bytes)
Event: 3.160 Thread 0x000000001d814800 nmethod 1479 0x0000000002ede290 code [0x0000000002ede580, 0x0000000002edfd08]
Event: 3.177 Thread 0x000000001d814800 1480       1       com.sun.javafx.event.BasicEventDispatcher::getPreviousDispatcher (5 bytes)
Event: 3.177 Thread 0x000000001d814800 nmethod 1480 0x0000000002ee0910 code [0x0000000002ee0a60, 0x0000000002ee0b70]
Event: 3.177 Thread 0x000000001d814800 1481       3       com.sun.javafx.event.EventHandlerManager::dispatchBubblingEvent (34 bytes)
Event: 3.177 Thread 0x000000001d814800 nmethod 1481 0x0000000002ee0bd0 code [0x0000000002ee0d80, 0x0000000002ee1468]
Event: 3.177 Thread 0x000000001d814800 1482       3       com.sun.javafx.geom.transform.Translate2D::inverseTransform (48 bytes)
Event: 3.177 Thread 0x000000001d814800 nmethod 1482 0x0000000002ee1650 code [0x0000000002ee17c0, 0x0000000002ee1ab0]
Event: 3.194 Thread 0x000000001d814800 1483       3       java.util.concurrent.locks.LockSupport::setBlocker (12 bytes)
Event: 3.195 Thread 0x000000001d814800 nmethod 1483 0x0000000002ee6ad0 code [0x0000000002ee6c20, 0x0000000002ee6d70]

GC Heap History (0 events):
No events

Deoptimization events (10 events):
Event: 1.129 Thread 0x000000001e165000 Uncommon trap: reason=class_check action=maybe_recompile pc=0x0000000002c6c5e8 method=java.io.DataInputStream.readShort()S @ 4
Event: 1.129 Thread 0x000000001e165000 Uncommon trap: reason=class_check action=maybe_recompile pc=0x0000000002c6c5e8 method=java.io.DataInputStream.readShort()S @ 4
Event: 1.129 Thread 0x000000001e165000 Uncommon trap: reason=class_check action=maybe_recompile pc=0x0000000002c6c5e8 method=java.io.DataInputStream.readShort()S @ 4
Event: 1.132 Thread 0x000000001e165000 Uncommon trap: reason=class_check action=maybe_recompile pc=0x0000000002ba0d80 method=java.lang.String.equals(Ljava/lang/Object;)Z @ 8
Event: 1.132 Thread 0x000000001e165000 Uncommon trap: reason=class_check action=maybe_recompile pc=0x0000000002ba0d80 method=java.lang.String.equals(Ljava/lang/Object;)Z @ 8
Event: 1.132 Thread 0x000000001e165000 Uncommon trap: reason=class_check action=maybe_recompile pc=0x0000000002ba0d80 method=java.lang.String.equals(Ljava/lang/Object;)Z @ 8
Event: 1.137 Thread 0x000000001e165000 Uncommon trap: reason=class_check action=maybe_recompile pc=0x0000000002ba0d80 method=java.lang.String.equals(Ljava/lang/Object;)Z @ 8
Event: 1.193 Thread 0x000000001e165000 Uncommon trap: reason=unstable_if action=reinterpret pc=0x0000000002d4378c method=java.lang.String.regionMatches(ZILjava/lang/String;II)Z @ 123
Event: 1.328 Thread 0x000000001e165000 Uncommon trap: reason=unstable_if action=reinterpret pc=0x0000000002ce4708 method=sun.misc.MetaIndex.mayContain(Ljava/lang/String;)Z @ 38
Event: 1.390 Thread 0x000000001e165000 Uncommon trap: reason=unstable_if action=reinterpret pc=0x0000000002d35928 method=jdk.internal.org.objectweb.asm.Type.getArgumentsAndReturnSizes(Ljava/lang/String;)I @ 47

Classes redefined (0 events):
No events

Internal exceptions (10 events):
Event: 0.303 Thread 0x0000000002914000 Exception <a 'java/security/PrivilegedActionException'> (0x000000076ba78200) thrown at [C:\re\workspace\8-2-build-windows-amd64-cygwin\jdk8u161\10277\hotspot\src\share\vm\prims\jvm.cpp, line 1390]
Event: 0.303 Thread 0x0000000002914000 Exception <a 'java/security/PrivilegedActionException'> (0x000000076ba78410) thrown at [C:\re\workspace\8-2-build-windows-amd64-cygwin\jdk8u161\10277\hotspot\src\share\vm\prims\jvm.cpp, line 1390]
Event: 0.304 Thread 0x0000000002914000 Exception <a 'java/security/PrivilegedActionException'> (0x000000076ba7c320) thrown at [C:\re\workspace\8-2-build-windows-amd64-cygwin\jdk8u161\10277\hotspot\src\share\vm\prims\jvm.cpp, line 1390]
Event: 0.304 Thread 0x0000000002914000 Exception <a 'java/security/PrivilegedActionException'> (0x000000076ba7c530) thrown at [C:\re\workspace\8-2-build-windows-amd64-cygwin\jdk8u161\10277\hotspot\src\share\vm\prims\jvm.cpp, line 1390]
Event: 0.304 Thread 0x0000000002914000 Exception <a 'java/lang/NullPointerException'> (0x000000076ba7cf38) thrown at [C:\re\workspace\8-2-build-windows-amd64-cygwin\jdk8u161\10277\hotspot\src\share\vm\interpreter\linkResolver.cpp, line 1185]
Event: 0.331 Thread 0x0000000002914000 Implicit null exception at 0x0000000002b26955 to 0x0000000002b26b2d
Event: 0.662 Thread 0x000000001e165000 Exception <a 'java/lang/NullPointerException'> (0x000000076c709868) thrown at [C:\re\workspace\8-2-build-windows-amd64-cygwin\jdk8u161\10277\hotspot\src\share\vm\interpreter\linkResolver.cpp, line 1185]
Event: 0.662 Thread 0x000000001e165000 Exception <a 'java/lang/NullPointerException'> (0x000000076c709868) thrown at [C:\re\workspace\8-2-build-windows-amd64-cygwin\jdk8u161\10277\hotspot\src\share\vm\prims\jvm.cpp, line 1394]
Event: 0.876 Thread 0x000000001e165000 Implicit null exception at 0x0000000002c8ab75 to 0x0000000002c8ada1
Event: 3.196 Thread 0x000000001e5f2800 Exception <a 'java/lang/IllegalStateException'> (0x000000076e336f48) thrown at [C:\re\workspace\8-2-build-windows-amd64-cygwin\jdk8u161\10277\hotspot\src\share\vm\prims\jvm.cpp, line 1394]

Events (10 events):
Event: 3.184 Thread 0x000000001e5f2800 Thread added: 0x000000001e5f2800
Event: 3.194 loading class com/sun/javafx/tk/quantum/QuantumRenderer
Event: 3.194 loading class com/sun/javafx/tk/quantum/QuantumRenderer done
Event: 3.194 loading class java/util/HashMap$KeyIterator
Event: 3.194 loading class java/util/HashMap$KeyIterator done
Event: 3.195 loading class java/util/LinkedList$ListItr
Event: 3.195 loading class java/util/LinkedList$ListItr done
Event: 3.195 loading class com/sun/javafx/tk/quantum/QuantumToolkit
Event: 3.195 loading class com/sun/javafx/tk/quantum/QuantumToolkit done
Event: 3.196 Executing VM operation: Exit


Dynamic libraries:
0x00007ff60f750000 - 0x00007ff60f787000 	C:\Program Files\Java\jdk1.8.0_161\bin\java.exe
0x00007ffdeea40000 - 0x00007ffdeec21000 	C:\WINDOWS\SYSTEM32\ntdll.dll
0x00007ffdec310000 - 0x00007ffdec3c2000 	C:\WINDOWS\System32\KERNEL32.DLL
0x00007ffdeb580000 - 0x00007ffdeb7f3000 	C:\WINDOWS\System32\KERNELBASE.dll
0x00007ffdec120000 - 0x00007ffdec1c1000 	C:\WINDOWS\System32\ADVAPI32.dll
0x00007ffdece40000 - 0x00007ffdecede000 	C:\WINDOWS\System32\msvcrt.dll
0x00007ffdec440000 - 0x00007ffdec49b000 	C:\WINDOWS\System32\sechost.dll
0x00007ffded440000 - 0x00007ffded564000 	C:\WINDOWS\System32\RPCRT4.dll
0x00007ffdec500000 - 0x00007ffdec690000 	C:\WINDOWS\System32\USER32.dll
0x00007ffdebd10000 - 0x00007ffdebd30000 	C:\WINDOWS\System32\win32u.dll
0x00007ffded570000 - 0x00007ffded598000 	C:\WINDOWS\System32\GDI32.dll
0x00007ffdebd30000 - 0x00007ffdebec2000 	C:\WINDOWS\System32\gdi32full.dll
0x00007ffdebb40000 - 0x00007ffdebbdf000 	C:\WINDOWS\System32\msvcp_win.dll
0x00007ffdeb800000 - 0x00007ffdeb8fa000 	C:\WINDOWS\System32\ucrtbase.dll
0x00007ffdd8190000 - 0x00007ffdd83f9000 	C:\WINDOWS\WinSxS\amd64_microsoft.windows.common-controls_6595b64144ccf1df_6.0.17134.81_none_b4b229fe3cb4cfa3\COMCTL32.dll
0x00007ffded040000 - 0x00007ffded363000 	C:\WINDOWS\System32\combase.dll
0x00007ffdebbe0000 - 0x00007ffdebc5a000 	C:\WINDOWS\System32\bcryptPrimitives.dll
0x00007ffdee9e0000 - 0x00007ffdeea0d000 	C:\WINDOWS\System32\IMM32.DLL
0x0000000063a00000 - 0x0000000063ad2000 	C:\Program Files\Java\jdk1.8.0_161\jre\bin\msvcr100.dll
0x0000000063160000 - 0x00000000639ff000 	C:\Program Files\Java\jdk1.8.0_161\jre\bin\server\jvm.dll
0x00007ffdec1d0000 - 0x00007ffdec1d8000 	C:\WINDOWS\System32\PSAPI.DLL
0x00007ffde9960000 - 0x00007ffde9969000 	C:\WINDOWS\SYSTEM32\WSOCK32.dll
0x00007ffdec2a0000 - 0x00007ffdec30c000 	C:\WINDOWS\System32\WS2_32.dll
0x00007ffddc240000 - 0x00007ffddc263000 	C:\WINDOWS\SYSTEM32\WINMM.dll
0x00007ffde2380000 - 0x00007ffde238a000 	C:\WINDOWS\SYSTEM32\VERSION.dll
0x00007ffddc1b0000 - 0x00007ffddc1da000 	C:\WINDOWS\SYSTEM32\WINMMBASE.dll
0x00007ffdeb900000 - 0x00007ffdeb949000 	C:\WINDOWS\System32\cfgmgr32.dll
0x0000000063150000 - 0x000000006315f000 	C:\Program Files\Java\jdk1.8.0_161\jre\bin\verify.dll
0x0000000063120000 - 0x0000000063149000 	C:\Program Files\Java\jdk1.8.0_161\jre\bin\java.dll
0x00000000623a0000 - 0x00000000623c3000 	C:\Program Files\Java\jdk1.8.0_161\jre\bin\instrument.dll
0x0000000063100000 - 0x0000000063116000 	C:\Program Files\Java\jdk1.8.0_161\jre\bin\zip.dll
0x00007ffded5a0000 - 0x00007ffdee9e0000 	C:\WINDOWS\System32\SHELL32.dll
0x00007ffdec070000 - 0x00007ffdec119000 	C:\WINDOWS\System32\shcore.dll
0x00007ffdeae10000 - 0x00007ffdeb51d000 	C:\WINDOWS\System32\windows.storage.dll
0x00007ffdec4a0000 - 0x00007ffdec4f1000 	C:\WINDOWS\System32\shlwapi.dll
0x00007ffdeadf0000 - 0x00007ffdeae01000 	C:\WINDOWS\System32\kernel.appcore.dll
0x00007ffdeadb0000 - 0x00007ffdeadcf000 	C:\WINDOWS\System32\profapi.dll
0x00007ffdead60000 - 0x00007ffdeadac000 	C:\WINDOWS\System32\powrprof.dll
0x00007ffdead50000 - 0x00007ffdead5a000 	C:\WINDOWS\System32\FLTLIB.DLL
0x00007ffdde3a0000 - 0x00007ffdde3ba000 	C:\Program Files\JetBrains\IntelliJ IDEA Community Edition 2017.3.4\bin\breakgen64.dll
0x00000000630e0000 - 0x00000000630fa000 	C:\Program Files\Java\jdk1.8.0_161\jre\bin\net.dll
0x00007ffdea570000 - 0x00007ffdea5d6000 	C:\WINDOWS\system32\mswsock.dll
0x0000000002730000 - 0x0000000002733000 	C:\Program Files\Java\jdk1.8.0_161\jre\bin\api-ms-win-core-console-l1-1-0.dll
0x0000000002850000 - 0x0000000002853000 	C:\Program Files\Java\jdk1.8.0_161\jre\bin\api-ms-win-core-datetime-l1-1-0.dll
0x0000000002860000 - 0x0000000002863000 	C:\Program Files\Java\jdk1.8.0_161\jre\bin\api-ms-win-core-debug-l1-1-0.dll
0x0000000002870000 - 0x0000000002873000 	C:\Program Files\Java\jdk1.8.0_161\jre\bin\api-ms-win-core-errorhandling-l1-1-0.dll
0x0000000002880000 - 0x0000000002884000 	C:\Program Files\Java\jdk1.8.0_161\jre\bin\api-ms-win-core-file-l1-1-0.dll
0x0000000002890000 - 0x0000000002893000 	C:\Program Files\Java\jdk1.8.0_161\jre\bin\api-ms-win-core-file-l1-2-0.dll
0x00000000028a0000 - 0x00000000028a3000 	C:\Program Files\Java\jdk1.8.0_161\jre\bin\api-ms-win-core-file-l2-1-0.dll
0x00000000028b0000 - 0x00000000028b3000 	C:\Program Files\Java\jdk1.8.0_161\jre\bin\api-ms-win-core-handle-l1-1-0.dll
0x00000000028c0000 - 0x00000000028c3000 	C:\Program Files\Java\jdk1.8.0_161\jre\bin\api-ms-win-core-heap-l1-1-0.dll
0x00000000028d0000 - 0x00000000028d3000 	C:\Program Files\Java\jdk1.8.0_161\jre\bin\api-ms-win-core-interlocked-l1-1-0.dll
0x00000000028e0000 - 0x00000000028e3000 	C:\Program Files\Java\jdk1.8.0_161\jre\bin\api-ms-win-core-libraryloader-l1-1-0.dll
0x000000001e850000 - 0x000000001e853000 	C:\Program Files\Java\jdk1.8.0_161\jre\bin\api-ms-win-core-localization-l1-2-0.dll
0x000000001e860000 - 0x000000001e863000 	C:\Program Files\Java\jdk1.8.0_161\jre\bin\api-ms-win-core-memory-l1-1-0.dll
0x000000001e870000 - 0x000000001e873000 	C:\Program Files\Java\jdk1.8.0_161\jre\bin\api-ms-win-core-namedpipe-l1-1-0.dll
0x000000001e880000 - 0x000000001e883000 	C:\Program Files\Java\jdk1.8.0_161\jre\bin\api-ms-win-core-processenvironment-l1-1-0.dll
0x000000001e890000 - 0x000000001e893000 	C:\Program Files\Java\jdk1.8.0_161\jre\bin\api-ms-win-core-processthreads-l1-1-0.dll
0x000000001e8a0000 - 0x000000001e8a3000 	C:\Program Files\Java\jdk1.8.0_161\jre\bin\api-ms-win-core-processthreads-l1-1-1.dll
0x000000001e8b0000 - 0x000000001e8b3000 	C:\Program Files\Java\jdk1.8.0_161\jre\bin\api-ms-win-core-profile-l1-1-0.dll
0x000000001e8c0000 - 0x000000001e8c3000 	C:\Program Files\Java\jdk1.8.0_161\jre\bin\api-ms-win-core-rtlsupport-l1-1-0.dll
0x000000001e8d0000 - 0x000000001e8d3000 	C:\Program Files\Java\jdk1.8.0_161\jre\bin\api-ms-win-core-string-l1-1-0.dll
0x000000001e8e0000 - 0x000000001e8e3000 	C:\Program Files\Java\jdk1.8.0_161\jre\bin\api-ms-win-core-synch-l1-1-0.dll
0x000000001e8f0000 - 0x000000001e8f3000 	C:\Program Files\Java\jdk1.8.0_161\jre\bin\api-ms-win-core-synch-l1-2-0.dll
0x000000001e900000 - 0x000000001e903000 	C:\Program Files\Java\jdk1.8.0_161\jre\bin\api-ms-win-core-sysinfo-l1-1-0.dll
0x000000001e910000 - 0x000000001e913000 	C:\Program Files\Java\jdk1.8.0_161\jre\bin\api-ms-win-core-timezone-l1-1-0.dll
0x000000001e920000 - 0x000000001e923000 	C:\Program Files\Java\jdk1.8.0_161\jre\bin\api-ms-win-core-util-l1-1-0.dll
0x000000001e930000 - 0x000000001e933000 	C:\Program Files\Java\jdk1.8.0_161\jre\bin\api-ms-win-crt-conio-l1-1-0.dll
0x000000001e940000 - 0x000000001e944000 	C:\Program Files\Java\jdk1.8.0_161\jre\bin\api-ms-win-crt-convert-l1-1-0.dll
0x000000001e950000 - 0x000000001e953000 	C:\Program Files\Java\jdk1.8.0_161\jre\bin\api-ms-win-crt-environment-l1-1-0.dll
0x000000001e960000 - 0x000000001e963000 	C:\Program Files\Java\jdk1.8.0_161\jre\bin\api-ms-win-crt-filesystem-l1-1-0.dll
0x000000001e970000 - 0x000000001e973000 	C:\Program Files\Java\jdk1.8.0_161\jre\bin\api-ms-win-crt-heap-l1-1-0.dll
0x000000001e980000 - 0x000000001e983000 	C:\Program Files\Java\jdk1.8.0_161\jre\bin\api-ms-win-crt-locale-l1-1-0.dll
0x000000001e990000 - 0x000000001e995000 	C:\Program Files\Java\jdk1.8.0_161\jre\bin\api-ms-win-crt-math-l1-1-0.dll
0x000000001e9a0000 - 0x000000001e9a5000 	C:\Program Files\Java\jdk1.8.0_161\jre\bin\api-ms-win-crt-multibyte-l1-1-0.dll
0x000000001e9b0000 - 0x000000001e9c0000 	C:\Program Files\Java\jdk1.8.0_161\jre\bin\api-ms-win-crt-private-l1-1-0.dll
0x000000001e9c0000 - 0x000000001e9c3000 	C:\Program Files\Java\jdk1.8.0_161\jre\bin\api-ms-win-crt-process-l1-1-0.dll
0x000000001e9d0000 - 0x000000001e9d4000 	C:\Program Files\Java\jdk1.8.0_161\jre\bin\api-ms-win-crt-runtime-l1-1-0.dll
0x000000001e9e0000 - 0x000000001e9e4000 	C:\Program Files\Java\jdk1.8.0_161\jre\bin\api-ms-win-crt-stdio-l1-1-0.dll
0x000000001e9f0000 - 0x000000001e9f4000 	C:\Program Files\Java\jdk1.8.0_161\jre\bin\api-ms-win-crt-string-l1-1-0.dll
0x000000001ea00000 - 0x000000001ea03000 	C:\Program Files\Java\jdk1.8.0_161\jre\bin\api-ms-win-crt-time-l1-1-0.dll
0x000000001ea10000 - 0x000000001ea13000 	C:\Program Files\Java\jdk1.8.0_161\jre\bin\api-ms-win-crt-utility-l1-1-0.dll
0x00007ffdd4920000 - 0x00007ffdd4a16000 	C:\Program Files\Java\jdk1.8.0_161\jre\bin\ucrtbase.dll
0x00007ffdd47f0000 - 0x00007ffdd4841000 	C:\Program Files\Java\jdk1.8.0_161\jre\bin\concrt140.dll
0x00007ffdd87b0000 - 0x00007ffdd884f000 	C:\WINDOWS\SYSTEM32\MSVCP140.dll
0x00007ffdd8a20000 - 0x00007ffdd8a36000 	C:\WINDOWS\SYSTEM32\VCRUNTIME140.dll
0x00007ffdd4900000 - 0x00007ffdd4916000 	C:\Program Files\Java\jdk1.8.0_161\jre\bin\vcruntime140.dll
0x00007ffdc3ed0000 - 0x00007ffdc3f6c000 	C:\Program Files\Java\jdk1.8.0_161\jre\bin\msvcp140.dll
0x0000000062370000 - 0x0000000062393000 	C:\Program Files\Java\jdk1.8.0_161\jre\bin\prism_d3d.dll
0x00007ffda1270000 - 0x00007ffda1407000 	C:\WINDOWS\system32\d3d9.dll
0x00007ffde9470000 - 0x00007ffde9499000 	C:\WINDOWS\SYSTEM32\dwmapi.dll
0x00007ffde93a0000 - 0x00007ffde9438000 	C:\WINDOWS\system32\uxtheme.dll
0x00007ffdecee0000 - 0x00007ffded031000 	C:\WINDOWS\System32\ole32.dll
0x00007ffded370000 - 0x00007ffded432000 	C:\WINDOWS\System32\OLEAUT32.dll
0x0000000062320000 - 0x0000000062369000 	C:\Program Files\Java\jdk1.8.0_161\jre\bin\glass.dll
0x00007ffdecd50000 - 0x00007ffdece3d000 	C:\WINDOWS\System32\COMDLG32.dll
0x00007ffdecb60000 - 0x00007ffdeccd5000 	C:\WINDOWS\System32\MSCTF.dll
0x0000000062300000 - 0x0000000062314000 	C:\Program Files\Java\jdk1.8.0_161\jre\bin\javafx_font.dll
0x00007ffdc9a30000 - 0x00007ffdc9d4c000 	C:\WINDOWS\SYSTEM32\dwrite.dll
0x00007ffdec200000 - 0x00007ffdec2a0000 	C:\WINDOWS\System32\clbcatq.dll
0x00007ffde91b0000 - 0x00007ffde935e000 	C:\WINDOWS\SYSTEM32\WindowsCodecs.dll
0x00007ffde2540000 - 0x00007ffde2598000 	C:\WINDOWS\system32\dataexchange.dll
0x00007ffde7d10000 - 0x00007ffde7eac000 	C:\WINDOWS\system32\dcomp.dll
0x00007ffde7000000 - 0x00007ffde730b000 	C:\WINDOWS\system32\d3d11.dll
0x00007ffde9b40000 - 0x00007ffde9bfb000 	C:\WINDOWS\system32\dxgi.dll
0x00007ffde65a0000 - 0x00007ffde6758000 	C:\WINDOWS\system32\twinapi.appcore.dll
0x00007ffde8520000 - 0x00007ffde8541000 	C:\WINDOWS\system32\RMCLIENT.dll
0x00007ffdc33f0000 - 0x00007ffdc3424000 	C:\Program Files\Common Files\Microsoft Shared\Ink\rtscom.dll
0x00007ffdcef10000 - 0x00007ffdcefa8000 	C:\WINDOWS\System32\TextInputFramework.dll
0x00007ffde83a0000 - 0x00007ffde847a000 	C:\WINDOWS\System32\CoreMessaging.dll
0x00007ffde69d0000 - 0x00007ffde6cee000 	C:\WINDOWS\System32\CoreUIComponents.dll
0x00007ffde9ef0000 - 0x00007ffde9f21000 	C:\WINDOWS\SYSTEM32\ntmarta.dll
0x00007ffde6880000 - 0x00007ffde69cd000 	C:\WINDOWS\SYSTEM32\wintypes.dll
0x0000000062290000 - 0x00000000622a2000 	C:\Program Files\Java\jdk1.8.0_161\jre\bin\prism_common.dll
0x00007ffde9760000 - 0x00007ffde9929000 	C:\WINDOWS\SYSTEM32\dbghelp.dll

VM Arguments:
jvm_args: -javaagent:C:\Program Files\JetBrains\IntelliJ IDEA Community Edition 2017.3.4\lib\idea_rt.jar=49594:C:\Program Files\JetBrains\IntelliJ IDEA Community Edition 2017.3.4\bin -Dfile.encoding=UTF-8 
java_command: com.zeiss.gui.Main
java_class_path (initial): C:\Program Files\Java\jdk1.8.0_161\jre\lib\charsets.jar;C:\Program Files\Java\jdk1.8.0_161\jre\lib\deploy.jar;C:\Program Files\Java\jdk1.8.0_161\jre\lib\ext\access-bridge-64.jar;C:\Program Files\Java\jdk1.8.0_161\jre\lib\ext\cldrdata.jar;C:\Program Files\Java\jdk1.8.0_161\jre\lib\ext\dnsns.jar;C:\Program Files\Java\jdk1.8.0_161\jre\lib\ext\jaccess.jar;C:\Program Files\Java\jdk1.8.0_161\jre\lib\ext\jfxrt.jar;C:\Program Files\Java\jdk1.8.0_161\jre\lib\ext\localedata.jar;C:\Program Files\Java\jdk1.8.0_161\jre\lib\ext\nashorn.jar;C:\Program Files\Java\jdk1.8.0_161\jre\lib\ext\sunec.jar;C:\Program Files\Java\jdk1.8.0_161\jre\lib\ext\sunjce_provider.jar;C:\Program Files\Java\jdk1.8.0_161\jre\lib\ext\sunmscapi.jar;C:\Program Files\Java\jdk1.8.0_161\jre\lib\ext\sunpkcs11.jar;C:\Program Files\Java\jdk1.8.0_161\jre\lib\ext\zipfs.jar;C:\Program Files\Java\jdk1.8.0_161\jre\lib\javaws.jar;C:\Program Files\Java\jdk1.8.0_161\jre\lib\jce.jar;C:\Program Files\Java\jdk1.8.0_161\jre\lib\jfr.jar;C:\Program Files\Java\jdk1.8.0_161\jre\lib\jfxswt.jar;C:\Program Files\Java\jdk1.8.0_161\jre\lib\jsse.jar;C:\Program Files\Java\jdk1.8.0_161\jre\lib\management-agent.jar;C:\Program Files\Java\jdk1.8.0_161\jre\lib\plugin.jar;C:\Program Files\Java\jdk1.8.0_161\jre\lib\resources.jar;C:\Program Files\Java\jdk1.8.0_161\jre\lib\rt.jar;C:\Project\patientrepository\patientapplication\client\target\classes;C:\Users\sbal\Downloads\controlsfx-8.0.1.jar;C:\Users\sbal\.m2\repository\io\github\openfeign\feign-core\9.4.0\feign-core-9.4.0.jar;C:\Users\sbal\.m2\repository\org\jvnet\animal-sniffer-annotation\1.0\animal-sniffer-annotation-1.0.jar;C:\Users\sbal\.m2\repository\io\github\openfeign\feign-jackson\9.4.0\feign-jackson-9.4.0.jar;C:\Users\sbal\.m2\repository\com\fasterxml\jackson\core\jackson-databind\2.6.4\jackson-databind-2.6.4.jar;C:\Users\sbal\.m2\repository\com\fasterxml\jackson\core\jackson-annotations\2.6.0\jackson-annotations-2.6.0.jar;C:\Users\sbal\.m2\repository\com\
Launcher Type: SUN_STANDARD

Environment Variables:
JAVA_HOME=C:\Program Files\Java\jdk1.8.0_161
PATH=C:\ProgramData\Oracle\Java\javapath;C:\Program Files (x86)\Intel\iCLS Client\;C:\Program Files\Intel\iCLS Client\;C:\WINDOWS\system32;C:\WINDOWS;C:\WINDOWS\System32\Wbem;C:\WINDOWS\System32\WindowsPowerShell\v1.0\;C:\Program Files\OpenVPN\bin;C:\Program Files (x86)\Intel\Intel(R) Management Engine Components\DAL;C:\Program Files\Intel\Intel(R) Management Engine Components\DAL;C:\Program Files (x86)\Intel\Intel(R) Management Engine Components\IPT;C:\Program Files\Intel\Intel(R) Management Engine Components\IPT;C:\Program Files\Intel\WiFi\bin\;C:\Program Files\Common Files\Intel\WirelessCommon\;C:\WINDOWS\System32\OpenSSH\;C:\Program Files\Git\cmd;C:\Users\sbal\AppData\Local\Microsoft\WindowsApps;C:\software\apache-maven-3.5.3\bin;
USERNAME=sbal
OS=Windows_NT
PROCESSOR_IDENTIFIER=Intel64 Family 6 Model 78 Stepping 3, GenuineIntel



---------------  S Y S T E M  ---------------

OS: Windows 10.0 , 64 bit Build 17134 (10.0.17134.1)

CPU:total 4 (initial active 4) (2 cores per cpu, 2 threads per core) family 6 model 78 stepping 3, cmov, cx8, fxsr, mmx, sse, sse2, sse3, ssse3, sse4.1, sse4.2, popcnt, avx, avx2, aes, clmul, erms, rtm, 3dnowpref, lzcnt, ht, tsc, tscinvbit, bmi1, bmi2, adx

Memory: 4k page, physical 16657356k(8304736k free), swap 19672012k(4998912k free)

vm_info: Java HotSpot(TM) 64-Bit Server VM (25.161-b12) for windows-amd64 JRE (1.8.0_161-b12), built on Dec 19 2017 17:52:25 by "java_re" with MS VC++ 10.0 (VS2010)

time: Sun Jun 17 10:43:46 2018
elapsed time: 3 seconds (0d 0h 0m 3s)

