#
# A fatal error has been detected by the Java Runtime Environment:
#
#  EXCEPTION_ACCESS_VIOLATION (0xc0000005) at pc=0x000000005ad578b0, pid=22520, tid=0x0000000000002a70
#
# JRE version: Java(TM) SE Runtime Environment (8.0_161-b12) (build 1.8.0_161-b12)
# Java VM: Java HotSpot(TM) 64-Bit Server VM (25.161-b12 mixed mode windows-amd64 compressed oops)
# Problematic frame:
# C  [glass.dll+0x278b0]
#
# Failed to write core dump. Minidumps are not enabled by default on client versions of Windows
#
# If you would like to submit a bug report, please visit:
#   http://bugreport.java.com/bugreport/crash.jsp
#

---------------  T H R E A D  ---------------

Current thread (0x000000001c5b8000):  VMThread [stack: 0x000000001d660000,0x000000001d760000] [id=10864]

siginfo: ExceptionCode=0xc0000005, reading address 0x0000000000000000

Registers:
RAX=0x0000000000000000, RBX=0x000000001c5e0008, RCX=0x000000001c5b8000, RDX=0x000000005bd7dc78
RSP=0x000000001d75f0d0, RBP=0x0000000000f58688, RSI=0x0000000000f58660, RDI=0x0000e2ddd889bc4a
R8 =0x0000000000010002, R9 =0x000000000000000a, R10=0x0000e2ddd889bc4a, R11=0x000000001d75efe0
R12=0x0000000000000000, R13=0x0000000000000040, R14=0x000000001d75f1e8, R15=0x0000000000f58660
RIP=0x000000005ad578b0, EFLAGS=0x0000000000010202

Top of Stack: (sp=0x000000001d75f0d0)
0x000000001d75f0d0:   0000000000000000 00007ff95a8dd92b
0x000000001d75f0e0:   0000000000f58670 0000000000f58670
0x000000001d75f0f0:   fffffffffffffffe 0000000000f58688
0x000000001d75f100:   0000000000f58668 00007ff95a8e1243
0x000000001d75f110:   000000005ad6c1b0 00007ff900000000
0x000000001d75f120:   0000c4e6ba0f872d 0000000000000000
0x000000001d75f130:   fffffffffffffffe 00007ff95a8e0f0d
0x000000001d75f140:   0000000000000001 000000005ad30000
0x000000001d75f150:   0000000002d91638 000000005ad548dc
0x000000001d75f160:   000000001d75f1d8 00007ff95a8e1017
0x000000001d75f170:   0000000000000000 000000001d75f1e8
0x000000001d75f180:   000000001c4c5500 00007ff95a9bb080
0x000000001d75f190:   0000000000000000 00007ff95a8e0fd4
0x000000001d75f1a0:   0000000000000000 0000000000000001
0x000000001d75f1b0:   000000001ef51290 000000001d75f1d8
0x000000001d75f1c0:   0000000000000000 000000005ad54752 

Instructions: (pc=0x000000005ad578b0)
0x000000005ad57890:   40 53 48 83 ec 30 48 c7 44 24 20 fe ff ff ff 48
0x000000005ad578a0:   8b 1d 7a 72 01 00 48 85 db 74 16 e8 00 81 ff ff
0x000000005ad578b0:   4c 8b 00 48 8b d3 48 8b c8 41 ff 90 b0 00 00 00
0x000000005ad578c0:   90 48 83 c4 30 5b c3 cc cc cc cc cc cc cc cc cc 


Register to memory mapping:

RAX=0x0000000000000000 is an unknown value
RBX=0x000000001c5e0008 is a global jni handle
RCX=0x000000001c5b8000 is an unknown value
RDX=0x000000005bd7dc78 is an unknown value
RSP=0x000000001d75f0d0 is an unknown value
RBP=0x0000000000f58688 is an unknown value
RSI=0x0000000000f58660 is an unknown value
RDI=0x0000e2ddd889bc4a is an unknown value
R8 =0x0000000000010002 is an unknown value
R9 =0x000000000000000a is an unknown value
R10=0x0000e2ddd889bc4a is an unknown value
R11=0x000000001d75efe0 is an unknown value
R12=0x0000000000000000 is an unknown value
R13=0x0000000000000040 is an unknown value
R14=0x000000001d75f1e8 is an unknown value
R15=0x0000000000f58660 is an unknown value


Stack: [0x000000001d660000,0x000000001d760000],  sp=0x000000001d75f0d0,  free space=1020k
Native frames: (J=compiled Java code, j=interpreted, Vv=VM code, C=native code)
C  [glass.dll+0x278b0]
C  [ucrtbase.dll+0x11243]
C  [ucrtbase.dll+0x11017]
C  [ucrtbase.dll+0x10fd4]
C  [glass.dll+0x24752]
C  [glass.dll+0x24850]
C  [ntdll.dll+0x34023]
C  [ntdll.dll+0x409d5]
C  [ntdll.dll+0x40898]
C  [KERNEL32.DLL+0x1b19a]
C  [msvcr100.dll+0x20ccd]
V  [jvm.dll+0x212e95]
V  [jvm.dll+0x24c227]
V  [jvm.dll+0x24b4c6]
V  [jvm.dll+0x24b961]
V  [jvm.dll+0x24bb7e]
V  [jvm.dll+0x29cc4a]
C  [msvcr100.dll+0x21d9f]
C  [msvcr100.dll+0x21e3b]
C  [KERNEL32.DLL+0x13034]
C  [ntdll.dll+0x71431]

VM_Operation (0x000000001f82a750): Exit, mode: safepoint, requested by thread 0x000000001e8e8800


---------------  P R O C E S S  ---------------

Java Threads: ( => current thread )
  0x0000000027127000 JavaThread "Prism Font Disposer" daemon [_thread_blocked, id=11720, stack(0x000000002af00000,0x000000002b000000)]
  0x000000001ea06800 JavaThread "Thread-3" daemon [_thread_in_native, id=19204, stack(0x00000000263f0000,0x00000000264f0000)]
  0x000000001e979000 JavaThread "JavaFX-Launcher" [_thread_blocked, id=22180, stack(0x00000000264f0000,0x00000000265f0000)]
  0x000000001e8e8800 JavaThread "JavaFX Application Thread" [_thread_blocked, id=5640, stack(0x000000001f730000,0x000000001f830000)]
  0x000000001e8dd000 JavaThread "Thread-1" daemon [_thread_blocked, id=16972, stack(0x000000001f630000,0x000000001f730000)]
  0x000000001e8b4000 JavaThread "QuantumRenderer-0" daemon [_thread_blocked, id=16944, stack(0x000000001f280000,0x000000001f380000)]
  0x000000001e2a3800 JavaThread "Service Thread" daemon [_thread_blocked, id=19800, stack(0x000000001e650000,0x000000001e750000)]
  0x000000001c624000 JavaThread "C1 CompilerThread2" daemon [_thread_blocked, id=18192, stack(0x000000001e150000,0x000000001e250000)]
  0x000000001c621000 JavaThread "C2 CompilerThread1" daemon [_thread_blocked, id=21320, stack(0x000000001e050000,0x000000001e150000)]
  0x000000001c62a000 JavaThread "C2 CompilerThread0" daemon [_thread_blocked, id=9440, stack(0x000000001df50000,0x000000001e050000)]
  0x000000001c60d800 JavaThread "JDWP Event Helper Thread" daemon [_thread_blocked, id=12488, stack(0x000000001dd50000,0x000000001de50000)]
  0x000000001c5f6000 JavaThread "Attach Listener" daemon [_thread_blocked, id=13508, stack(0x000000001db50000,0x000000001dc50000)]
  0x000000001c5e0800 JavaThread "Finalizer" daemon [_thread_blocked, id=10980, stack(0x000000001d860000,0x000000001d960000)]
  0x0000000003016000 JavaThread "Reference Handler" daemon [_thread_blocked, id=13528, stack(0x000000001d760000,0x000000001d860000)]
  0x0000000002f26000 JavaThread "main" [_thread_blocked, id=11088, stack(0x0000000002e20000,0x0000000002f20000)]

Other Threads:
=>0x000000001c5b8000 VMThread [stack: 0x000000001d660000,0x000000001d760000] [id=10864]

VM state:at safepoint (shutting down)

VM Mutex/Monitor currently owned by a thread:  ([mutex/lock_event])
[0x0000000002f22a60] Threads_lock - owner thread: 0x000000001c5b8000

Heap:
 PSYoungGen      total 76288K, used 47559K [0x000000076b400000, 0x0000000774900000, 0x00000007c0000000)
  eden space 65536K, 72% used [0x000000076b400000,0x000000076e271c58,0x000000076f400000)
  from space 10752K, 0% used [0x000000076fe80000,0x000000076fe80000,0x0000000770900000)
  to   space 10752K, 0% used [0x000000076f400000,0x000000076f400000,0x000000076fe80000)
 ParOldGen       total 105472K, used 9622K [0x00000006c1c00000, 0x00000006c8300000, 0x000000076b400000)
  object space 105472K, 9% used [0x00000006c1c00000,0x00000006c2565b38,0x00000006c8300000)
 Metaspace       used 31050K, capacity 32382K, committed 32512K, reserved 1077248K
  class space    used 4193K, capacity 4488K, committed 4608K, reserved 1048576K

Card table byte_map: [0x00000000123e0000,0x0000000012be0000] byte_map_base: 0x000000000edd2000

Marking Bits: (ParMarkBitMap*) 0x000000005bf6f860
 Begin Bits: [0x0000000013530000, 0x00000000174c0000)
 End Bits:   [0x00000000174c0000, 0x000000001b450000)

Polling page: 0x0000000002d20000

CodeCache: size=245760Kb used=11295Kb max_used=11301Kb free=234464Kb
 bounds [0x0000000003020000, 0x0000000003b40000, 0x0000000012020000]
 total_blobs=4143 nmethods=3406 adapters=657
 compilation: enabled

Compilation events (10 events):
Event: 18.982 Thread 0x000000001c624000 nmethod 3434 0x0000000003b2f550 code [0x0000000003b2f6a0, 0x0000000003b2f7f0]
Event: 18.982 Thread 0x000000001c62a000 nmethod 3433 0x00000000031b76d0 code [0x00000000031b7800, 0x00000000031b7898]
Event: 18.982 Thread 0x000000001c624000 3435       3       com.sun.prism.paint.Color::getGreen (5 bytes)
Event: 18.982 Thread 0x000000001c624000 nmethod 3435 0x0000000003b2f210 code [0x0000000003b2f360, 0x0000000003b2f4b0]
Event: 18.982 Thread 0x000000001c624000 3436       3       com.sun.prism.paint.Color::getBlue (5 bytes)
Event: 18.982 Thread 0x000000001c624000 nmethod 3436 0x0000000003b2eed0 code [0x0000000003b2f020, 0x0000000003b2f170]
Event: 18.982 Thread 0x000000001c624000 3437       3       com.sun.javafx.geom.Rectangle::reshape (22 bytes)
Event: 18.983 Thread 0x000000001c624000 nmethod 3437 0x0000000003b2eb90 code [0x0000000003b2ece0, 0x0000000003b2ee50]
Event: 19.102 Thread 0x000000001c624000 3438       3       java.util.logging.LogManager$LoggerContext::ensureDefaultLogger (70 bytes)
Event: 19.102 Thread 0x000000001c624000 nmethod 3438 0x0000000003b30350 code [0x0000000003b30500, 0x0000000003b30dc8]

GC Heap History (6 events):
Event: 3.784 GC heap before
{Heap before GC invocations=1 (full 0):
 PSYoungGen      total 76288K, used 65536K [0x000000076b400000, 0x0000000770900000, 0x00000007c0000000)
  eden space 65536K, 100% used [0x000000076b400000,0x000000076f400000,0x000000076f400000)
  from space 10752K, 0% used [0x000000076fe80000,0x000000076fe80000,0x0000000770900000)
  to   space 10752K, 0% used [0x000000076f400000,0x000000076f400000,0x000000076fe80000)
 ParOldGen       total 175104K, used 0K [0x00000006c1c00000, 0x00000006cc700000, 0x000000076b400000)
  object space 175104K, 0% used [0x00000006c1c00000,0x00000006c1c00000,0x00000006cc700000)
 Metaspace       used 16564K, capacity 16918K, committed 17152K, reserved 1064960K
  class space    used 2042K, capacity 2177K, committed 2304K, reserved 1048576K
Event: 3.800 GC heap after
Heap after GC invocations=1 (full 0):
 PSYoungGen      total 76288K, used 8938K [0x000000076b400000, 0x0000000770900000, 0x00000007c0000000)
  eden space 65536K, 0% used [0x000000076b400000,0x000000076b400000,0x000000076f400000)
  from space 10752K, 83% used [0x000000076f400000,0x000000076fcbaab0,0x000000076fe80000)
  to   space 10752K, 0% used [0x000000076fe80000,0x000000076fe80000,0x0000000770900000)
 ParOldGen       total 175104K, used 16K [0x00000006c1c00000, 0x00000006cc700000, 0x000000076b400000)
  object space 175104K, 0% used [0x00000006c1c00000,0x00000006c1c04000,0x00000006cc700000)
 Metaspace       used 16564K, capacity 16918K, committed 17152K, reserved 1064960K
  class space    used 2042K, capacity 2177K, committed 2304K, reserved 1048576K
}
Event: 4.535 GC heap before
{Heap before GC invocations=2 (full 0):
 PSYoungGen      total 76288K, used 43775K [0x000000076b400000, 0x0000000770900000, 0x00000007c0000000)
  eden space 65536K, 53% used [0x000000076b400000,0x000000076d6054b0,0x000000076f400000)
  from space 10752K, 83% used [0x000000076f400000,0x000000076fcbaab0,0x000000076fe80000)
  to   space 10752K, 0% used [0x000000076fe80000,0x000000076fe80000,0x0000000770900000)
 ParOldGen       total 175104K, used 16K [0x00000006c1c00000, 0x00000006cc700000, 0x000000076b400000)
  object space 175104K, 0% used [0x00000006c1c00000,0x00000006c1c04000,0x00000006cc700000)
 Metaspace       used 20579K, capacity 20990K, committed 21296K, reserved 1069056K
  class space    used 2487K, capacity 2605K, committed 2688K, reserved 1048576K
Event: 4.549 GC heap after
Heap after GC invocations=2 (full 0):
 PSYoungGen      total 76288K, used 9882K [0x000000076b400000, 0x0000000774900000, 0x00000007c0000000)
  eden space 65536K, 0% used [0x000000076b400000,0x000000076b400000,0x000000076f400000)
  from space 10752K, 91% used [0x000000076fe80000,0x0000000770826ba8,0x0000000770900000)
  to   space 10752K, 0% used [0x000000076f400000,0x000000076f400000,0x000000076fe80000)
 ParOldGen       total 175104K, used 24K [0x00000006c1c00000, 0x00000006cc700000, 0x000000076b400000)
  object space 175104K, 0% used [0x00000006c1c00000,0x00000006c1c06000,0x00000006cc700000)
 Metaspace       used 20579K, capacity 20990K, committed 21296K, reserved 1069056K
  class space    used 2487K, capacity 2605K, committed 2688K, reserved 1048576K
}
Event: 4.549 GC heap before
{Heap before GC invocations=3 (full 1):
 PSYoungGen      total 76288K, used 9882K [0x000000076b400000, 0x0000000774900000, 0x00000007c0000000)
  eden space 65536K, 0% used [0x000000076b400000,0x000000076b400000,0x000000076f400000)
  from space 10752K, 91% used [0x000000076fe80000,0x0000000770826ba8,0x0000000770900000)
  to   space 10752K, 0% used [0x000000076f400000,0x000000076f400000,0x000000076fe80000)
 ParOldGen       total 175104K, used 24K [0x00000006c1c00000, 0x00000006cc700000, 0x000000076b400000)
  object space 175104K, 0% used [0x00000006c1c00000,0x00000006c1c06000,0x00000006cc700000)
 Metaspace       used 20579K, capacity 20990K, committed 21296K, reserved 1069056K
  class space    used 2487K, capacity 2605K, committed 2688K, reserved 1048576K
Event: 4.590 GC heap after
Heap after GC invocations=3 (full 1):
 PSYoungGen      total 76288K, used 0K [0x000000076b400000, 0x0000000774900000, 0x00000007c0000000)
  eden space 65536K, 0% used [0x000000076b400000,0x000000076b400000,0x000000076f400000)
  from space 10752K, 0% used [0x000000076fe80000,0x000000076fe80000,0x0000000770900000)
  to   space 10752K, 0% used [0x000000076f400000,0x000000076f400000,0x000000076fe80000)
 ParOldGen       total 105472K, used 9622K [0x00000006c1c00000, 0x00000006c8300000, 0x000000076b400000)
  object space 105472K, 9% used [0x00000006c1c00000,0x00000006c2565b38,0x00000006c8300000)
 Metaspace       used 20579K, capacity 20990K, committed 21296K, reserved 1069056K
  class space    used 2487K, capacity 2605K, committed 2688K, reserved 1048576K
}

Deoptimization events (10 events):
Event: 6.811 Thread 0x000000001e8e8800 Uncommon trap: reason=unstable_if action=reinterpret pc=0x00000000038ca20c method=java.io.BufferedReader.read()I @ 19
Event: 6.889 Thread 0x000000001e8e8800 Uncommon trap: reason=unstable_if action=reinterpret pc=0x00000000038753a4 method=java.lang.ClassLoader.checkName(Ljava/lang/String;)Z @ 20
Event: 6.889 Thread 0x000000001e8e8800 Uncommon trap: reason=unstable_if action=reinterpret pc=0x00000000034ed214 method=java.lang.ClassLoader.checkName(Ljava/lang/String;)Z @ 20
Event: 6.973 Thread 0x000000001e8e8800 Uncommon trap: reason=unstable_if action=reinterpret pc=0x000000000358125c method=java.net.URL.<init>(Ljava/net/URL;Ljava/lang/String;Ljava/net/URLStreamHandler;)V @ 347
Event: 7.079 Thread 0x000000001e8e8800 Uncommon trap: reason=array_check action=maybe_recompile pc=0x00000000039574cc method=com.sun.javafx.css.SimpleSelector.applies(Ljavafx/css/Styleable;[Ljava/util/Set;I)Z @ 37
Event: 7.079 Thread 0x000000001e8e8800 Uncommon trap: reason=array_check action=maybe_recompile pc=0x00000000039574cc method=com.sun.javafx.css.SimpleSelector.applies(Ljavafx/css/Styleable;[Ljava/util/Set;I)Z @ 37
Event: 7.079 Thread 0x000000001e8e8800 Uncommon trap: reason=array_check action=maybe_recompile pc=0x00000000039574cc method=com.sun.javafx.css.SimpleSelector.applies(Ljavafx/css/Styleable;[Ljava/util/Set;I)Z @ 37
Event: 7.079 Thread 0x000000001e8e8800 Uncommon trap: reason=array_check action=maybe_recompile pc=0x00000000039574cc method=com.sun.javafx.css.SimpleSelector.applies(Ljavafx/css/Styleable;[Ljava/util/Set;I)Z @ 37
Event: 7.189 Thread 0x000000001e8e8800 Uncommon trap: reason=unstable_if action=reinterpret pc=0x0000000003770e4c method=jdk.internal.org.objectweb.asm.Type.getArgumentsAndReturnSizes(Ljava/lang/String;)I @ 47
Event: 18.665 Thread 0x000000001e8b4000 Uncommon trap: reason=unstable_if action=reinterpret pc=0x000000000311f908 method=com.sun.javafx.geom.RectBounds.isEmpty()Z @ 21

Classes redefined (0 events):
No events

Internal exceptions (10 events):
Event: 1.555 Thread 0x000000001e8e8800 Exception <a 'java/lang/ArrayIndexOutOfBoundsException'> (0x000000076d1e4d80) thrown at [C:\re\workspace\8-2-build-windows-amd64-cygwin\jdk8u161\10277\hotspot\src\share\vm\runtime\sharedRuntime.cpp, line 605]
Event: 1.572 Thread 0x000000001e8e8800 Exception <a 'java/lang/ArrayIndexOutOfBoundsException'> (0x000000076d240960) thrown at [C:\re\workspace\8-2-build-windows-amd64-cygwin\jdk8u161\10277\hotspot\src\share\vm\runtime\sharedRuntime.cpp, line 605]
Event: 1.649 Thread 0x000000001e8e8800 Exception <a 'java/lang/ArrayIndexOutOfBoundsException': 40> (0x000000076d321130) thrown at [C:\re\workspace\8-2-build-windows-amd64-cygwin\jdk8u161\10277\hotspot\src\share\vm\interpreter\interpreterRuntime.cpp, line 366]
Event: 3.021 Thread 0x000000001e8e8800 Exception <a 'java/lang/NullPointerException'> (0x000000076e99a6b8) thrown at [C:\re\workspace\8-2-build-windows-amd64-cygwin\jdk8u161\10277\hotspot\src\share\vm\interpreter\linkResolver.cpp, line 1185]
Event: 3.021 Thread 0x000000001e8e8800 Exception <a 'java/lang/NullPointerException'> (0x000000076e99a6b8) thrown at [C:\re\workspace\8-2-build-windows-amd64-cygwin\jdk8u161\10277\hotspot\src\share\vm\prims\jvm.cpp, line 1394]
Event: 3.494 Thread 0x000000001e8e8800 Exception <a 'java/lang/NoClassDefFoundError': org/apache/log4j/Priority> (0x000000076f1ad640) thrown at [C:\re\workspace\8-2-build-windows-amd64-cygwin\jdk8u161\10277\hotspot\src\share\vm\classfile\systemDictionary.cpp, line 199]
Event: 6.155 Thread 0x000000001e8e8800 Implicit null exception at 0x0000000003740057 to 0x00000000037405ad
Event: 6.169 Thread 0x000000001e8e8800 Implicit null exception at 0x000000000363fb34 to 0x000000000363fe79
Event: 6.169 Thread 0x000000001e8e8800 Implicit null exception at 0x000000000342a018 to 0x000000000342a0a6
Event: 19.104 Thread 0x0000000027122800 Exception <a 'java/lang/IllegalStateException'> (0x000000076e1d4250) thrown at [C:\re\workspace\8-2-build-windows-amd64-cygwin\jdk8u161\10277\hotspot\src\share\vm\prims\jvm.cpp, line 1394]

Events (10 events):
Event: 19.102 Thread 0x0000000027126800 Thread exited: 0x0000000027126800
Event: 19.103 Thread 0x000000001e8b4000 DEOPT PACKING pc=0x0000000003aa71cc sp=0x000000001f37ee10
Event: 19.103 Thread 0x000000001e8b4000 DEOPT UNPACKING pc=0x0000000003067890 sp=0x000000001f37eb68 mode 1
Event: 19.103 loading class com/sun/javafx/tk/quantum/QuantumToolkit
Event: 19.103 loading class com/sun/javafx/tk/quantum/QuantumToolkit done
Event: 19.105 Thread 0x0000000027122800 Thread exited: 0x0000000027122800
Event: 19.106 Thread 0x000000001c600000 Thread exited: 0x000000001c600000
Event: 19.106 Thread 0x000000001c611000 Thread exited: 0x000000001c611000
Event: 19.105 Executing VM operation: Exit
Event: 19.105 Thread 0x000000001c5f5000 Thread exited: 0x000000001c5f5000


Dynamic libraries:
0x00007ff79eda0000 - 0x00007ff79edd7000 	C:\Program Files\Java\jdk1.8.0_161\bin\java.exe
0x00007ff95d5e0000 - 0x00007ff95d7c1000 	C:\WINDOWS\SYSTEM32\ntdll.dll
0x00007ff95bbd0000 - 0x00007ff95bc82000 	C:\WINDOWS\System32\KERNEL32.DLL
0x00007ff95a4f0000 - 0x00007ff95a763000 	C:\WINDOWS\System32\KERNELBASE.dll
0x00007ff95aed0000 - 0x00007ff95af71000 	C:\WINDOWS\System32\ADVAPI32.dll
0x00007ff95b9b0000 - 0x00007ff95ba4e000 	C:\WINDOWS\System32\msvcrt.dll
0x00007ff95b3b0000 - 0x00007ff95b40b000 	C:\WINDOWS\System32\sechost.dll
0x00007ff95be20000 - 0x00007ff95bf44000 	C:\WINDOWS\System32\RPCRT4.dll
0x00007ff95bc90000 - 0x00007ff95be20000 	C:\WINDOWS\System32\USER32.dll
0x00007ff95aa50000 - 0x00007ff95aa70000 	C:\WINDOWS\System32\win32u.dll
0x00007ff95b870000 - 0x00007ff95b898000 	C:\WINDOWS\System32\GDI32.dll
0x00007ff95a0c0000 - 0x00007ff95a252000 	C:\WINDOWS\System32\gdi32full.dll
0x00007ff95a450000 - 0x00007ff95a4ef000 	C:\WINDOWS\System32\msvcp_win.dll
0x00007ff95a8d0000 - 0x00007ff95a9ca000 	C:\WINDOWS\System32\ucrtbase.dll
0x00007ff94c160000 - 0x00007ff94c3c9000 	C:\WINDOWS\WinSxS\amd64_microsoft.windows.common-controls_6595b64144ccf1df_6.0.17134.228_none_fb4599993062b194\COMCTL32.dll
0x00007ff95afb0000 - 0x00007ff95b2d3000 	C:\WINDOWS\System32\combase.dll
0x00007ff95a9d0000 - 0x00007ff95aa4a000 	C:\WINDOWS\System32\bcryptPrimitives.dll
0x00007ff95af80000 - 0x00007ff95afad000 	C:\WINDOWS\System32\IMM32.DLL
0x000000005bff0000 - 0x000000005c0c2000 	C:\Program Files\Java\jdk1.8.0_161\jre\bin\msvcr100.dll
0x000000005b750000 - 0x000000005bfef000 	C:\Program Files\Java\jdk1.8.0_161\jre\bin\server\jvm.dll
0x00007ff95b940000 - 0x00007ff95b948000 	C:\WINDOWS\System32\PSAPI.DLL
0x00007ff94b630000 - 0x00007ff94b639000 	C:\WINDOWS\SYSTEM32\WSOCK32.dll
0x00007ff95b660000 - 0x00007ff95b6cc000 	C:\WINDOWS\System32\WS2_32.dll
0x00007ff94a680000 - 0x00007ff94a68a000 	C:\WINDOWS\SYSTEM32\VERSION.dll
0x00007ff957bf0000 - 0x00007ff957c13000 	C:\WINDOWS\SYSTEM32\WINMM.dll
0x00007ff957bc0000 - 0x00007ff957bea000 	C:\WINDOWS\SYSTEM32\winmmbase.dll
0x00007ff95a820000 - 0x00007ff95a869000 	C:\WINDOWS\System32\cfgmgr32.dll
0x000000005b740000 - 0x000000005b74f000 	C:\Program Files\Java\jdk1.8.0_161\jre\bin\verify.dll
0x000000005b710000 - 0x000000005b739000 	C:\Program Files\Java\jdk1.8.0_161\jre\bin\java.dll
0x000000005b590000 - 0x000000005b5c5000 	C:\Program Files\Java\jdk1.8.0_161\jre\bin\jdwp.dll
0x000000005b580000 - 0x000000005b588000 	C:\Program Files\Java\jdk1.8.0_161\jre\bin\npt.dll
0x000000005b6f0000 - 0x000000005b706000 	C:\Program Files\Java\jdk1.8.0_161\jre\bin\zip.dll
0x00007ff95c170000 - 0x00007ff95d5b0000 	C:\WINDOWS\System32\SHELL32.dll
0x00007ff95b490000 - 0x00007ff95b539000 	C:\WINDOWS\System32\shcore.dll
0x00007ff9599b0000 - 0x00007ff95a0bd000 	C:\WINDOWS\System32\windows.storage.dll
0x00007ff95c110000 - 0x00007ff95c161000 	C:\WINDOWS\System32\shlwapi.dll
0x00007ff959970000 - 0x00007ff959981000 	C:\WINDOWS\System32\kernel.appcore.dll
0x00007ff959990000 - 0x00007ff9599af000 	C:\WINDOWS\System32\profapi.dll
0x00007ff9598f0000 - 0x00007ff95993c000 	C:\WINDOWS\System32\powrprof.dll
0x00007ff959940000 - 0x00007ff95994a000 	C:\WINDOWS\System32\FLTLIB.DLL
0x000000005b540000 - 0x000000005b549000 	C:\Program Files\Java\jdk1.8.0_161\jre\bin\dt_socket.dll
0x00007ff959170000 - 0x00007ff9591d6000 	C:\WINDOWS\system32\mswsock.dll
0x0000000002d60000 - 0x0000000002d63000 	C:\Program Files\Java\jdk1.8.0_161\jre\bin\api-ms-win-core-console-l1-1-0.dll
0x0000000002d70000 - 0x0000000002d73000 	C:\Program Files\Java\jdk1.8.0_161\jre\bin\api-ms-win-core-datetime-l1-1-0.dll
0x0000000002d80000 - 0x0000000002d83000 	C:\Program Files\Java\jdk1.8.0_161\jre\bin\api-ms-win-core-debug-l1-1-0.dll
0x0000000002df0000 - 0x0000000002df3000 	C:\Program Files\Java\jdk1.8.0_161\jre\bin\api-ms-win-core-errorhandling-l1-1-0.dll
0x0000000002e00000 - 0x0000000002e04000 	C:\Program Files\Java\jdk1.8.0_161\jre\bin\api-ms-win-core-file-l1-1-0.dll
0x000000001f050000 - 0x000000001f053000 	C:\Program Files\Java\jdk1.8.0_161\jre\bin\api-ms-win-core-file-l1-2-0.dll
0x000000001f060000 - 0x000000001f063000 	C:\Program Files\Java\jdk1.8.0_161\jre\bin\api-ms-win-core-file-l2-1-0.dll
0x000000001f070000 - 0x000000001f073000 	C:\Program Files\Java\jdk1.8.0_161\jre\bin\api-ms-win-core-handle-l1-1-0.dll
0x000000001f080000 - 0x000000001f083000 	C:\Program Files\Java\jdk1.8.0_161\jre\bin\api-ms-win-core-heap-l1-1-0.dll
0x000000001f090000 - 0x000000001f093000 	C:\Program Files\Java\jdk1.8.0_161\jre\bin\api-ms-win-core-interlocked-l1-1-0.dll
0x000000001f0a0000 - 0x000000001f0a3000 	C:\Program Files\Java\jdk1.8.0_161\jre\bin\api-ms-win-core-libraryloader-l1-1-0.dll
0x000000001f0b0000 - 0x000000001f0b3000 	C:\Program Files\Java\jdk1.8.0_161\jre\bin\api-ms-win-core-localization-l1-2-0.dll
0x000000001f0c0000 - 0x000000001f0c3000 	C:\Program Files\Java\jdk1.8.0_161\jre\bin\api-ms-win-core-memory-l1-1-0.dll
0x000000001f0d0000 - 0x000000001f0d3000 	C:\Program Files\Java\jdk1.8.0_161\jre\bin\api-ms-win-core-namedpipe-l1-1-0.dll
0x000000001f0e0000 - 0x000000001f0e3000 	C:\Program Files\Java\jdk1.8.0_161\jre\bin\api-ms-win-core-processenvironment-l1-1-0.dll
0x000000001f0f0000 - 0x000000001f0f3000 	C:\Program Files\Java\jdk1.8.0_161\jre\bin\api-ms-win-core-processthreads-l1-1-0.dll
0x000000001f100000 - 0x000000001f103000 	C:\Program Files\Java\jdk1.8.0_161\jre\bin\api-ms-win-core-processthreads-l1-1-1.dll
0x000000001f110000 - 0x000000001f113000 	C:\Program Files\Java\jdk1.8.0_161\jre\bin\api-ms-win-core-profile-l1-1-0.dll
0x000000001f120000 - 0x000000001f123000 	C:\Program Files\Java\jdk1.8.0_161\jre\bin\api-ms-win-core-rtlsupport-l1-1-0.dll
0x000000001f130000 - 0x000000001f133000 	C:\Program Files\Java\jdk1.8.0_161\jre\bin\api-ms-win-core-string-l1-1-0.dll
0x000000001f140000 - 0x000000001f143000 	C:\Program Files\Java\jdk1.8.0_161\jre\bin\api-ms-win-core-synch-l1-1-0.dll
0x000000001f150000 - 0x000000001f153000 	C:\Program Files\Java\jdk1.8.0_161\jre\bin\api-ms-win-core-synch-l1-2-0.dll
0x000000001f160000 - 0x000000001f163000 	C:\Program Files\Java\jdk1.8.0_161\jre\bin\api-ms-win-core-sysinfo-l1-1-0.dll
0x000000001f170000 - 0x000000001f173000 	C:\Program Files\Java\jdk1.8.0_161\jre\bin\api-ms-win-core-timezone-l1-1-0.dll
0x000000001f180000 - 0x000000001f183000 	C:\Program Files\Java\jdk1.8.0_161\jre\bin\api-ms-win-core-util-l1-1-0.dll
0x000000001f190000 - 0x000000001f193000 	C:\Program Files\Java\jdk1.8.0_161\jre\bin\api-ms-win-crt-conio-l1-1-0.dll
0x000000001f1a0000 - 0x000000001f1a4000 	C:\Program Files\Java\jdk1.8.0_161\jre\bin\api-ms-win-crt-convert-l1-1-0.dll
0x000000001f1b0000 - 0x000000001f1b3000 	C:\Program Files\Java\jdk1.8.0_161\jre\bin\api-ms-win-crt-environment-l1-1-0.dll
0x000000001f1c0000 - 0x000000001f1c3000 	C:\Program Files\Java\jdk1.8.0_161\jre\bin\api-ms-win-crt-filesystem-l1-1-0.dll
0x000000001f1d0000 - 0x000000001f1d3000 	C:\Program Files\Java\jdk1.8.0_161\jre\bin\api-ms-win-crt-heap-l1-1-0.dll
0x000000001f1e0000 - 0x000000001f1e3000 	C:\Program Files\Java\jdk1.8.0_161\jre\bin\api-ms-win-crt-locale-l1-1-0.dll
0x000000001f1f0000 - 0x000000001f1f5000 	C:\Program Files\Java\jdk1.8.0_161\jre\bin\api-ms-win-crt-math-l1-1-0.dll
0x000000001f200000 - 0x000000001f205000 	C:\Program Files\Java\jdk1.8.0_161\jre\bin\api-ms-win-crt-multibyte-l1-1-0.dll
0x000000001f210000 - 0x000000001f220000 	C:\Program Files\Java\jdk1.8.0_161\jre\bin\api-ms-win-crt-private-l1-1-0.dll
0x000000001f220000 - 0x000000001f223000 	C:\Program Files\Java\jdk1.8.0_161\jre\bin\api-ms-win-crt-process-l1-1-0.dll
0x000000001f230000 - 0x000000001f234000 	C:\Program Files\Java\jdk1.8.0_161\jre\bin\api-ms-win-crt-runtime-l1-1-0.dll
0x000000001f240000 - 0x000000001f244000 	C:\Program Files\Java\jdk1.8.0_161\jre\bin\api-ms-win-crt-stdio-l1-1-0.dll
0x000000001f250000 - 0x000000001f254000 	C:\Program Files\Java\jdk1.8.0_161\jre\bin\api-ms-win-crt-string-l1-1-0.dll
0x000000001f260000 - 0x000000001f263000 	C:\Program Files\Java\jdk1.8.0_161\jre\bin\api-ms-win-crt-time-l1-1-0.dll
0x000000001f270000 - 0x000000001f273000 	C:\Program Files\Java\jdk1.8.0_161\jre\bin\api-ms-win-crt-utility-l1-1-0.dll
0x00007ff927790000 - 0x00007ff927886000 	C:\Program Files\Java\jdk1.8.0_161\jre\bin\ucrtbase.dll
0x00007ff93e5e0000 - 0x00007ff93e631000 	C:\Program Files\Java\jdk1.8.0_161\jre\bin\concrt140.dll
0x00007ff9491e0000 - 0x00007ff94927f000 	C:\WINDOWS\SYSTEM32\MSVCP140.dll
0x00007ff949280000 - 0x00007ff949296000 	C:\WINDOWS\SYSTEM32\VCRUNTIME140.dll
0x00007ff94d1f0000 - 0x00007ff94d206000 	C:\Program Files\Java\jdk1.8.0_161\jre\bin\vcruntime140.dll
0x00007ff9318d0000 - 0x00007ff93196c000 	C:\Program Files\Java\jdk1.8.0_161\jre\bin\msvcp140.dll
0x000000005ad80000 - 0x000000005ada3000 	C:\Program Files\Java\jdk1.8.0_161\jre\bin\prism_d3d.dll
0x00007ff916790000 - 0x00007ff916927000 	C:\WINDOWS\system32\d3d9.dll
0x00007ff958060000 - 0x00007ff958089000 	C:\WINDOWS\SYSTEM32\dwmapi.dll
0x00007ff957f80000 - 0x00007ff958018000 	C:\WINDOWS\system32\uxtheme.dll
0x00007ff95bf50000 - 0x00007ff95c0a1000 	C:\WINDOWS\System32\ole32.dll
0x00007ff95b2e0000 - 0x00007ff95b3a2000 	C:\WINDOWS\System32\OLEAUT32.dll
0x000000005ad30000 - 0x000000005ad79000 	C:\Program Files\Java\jdk1.8.0_161\jre\bin\glass.dll
0x00007ff95b540000 - 0x00007ff95b62d000 	C:\WINDOWS\System32\COMDLG32.dll
0x00007ff95ba50000 - 0x00007ff95bbc5000 	C:\WINDOWS\System32\MSCTF.dll
0x000000005ad10000 - 0x000000005ad24000 	C:\Program Files\Java\jdk1.8.0_161\jre\bin\javafx_font.dll
0x000000005adb0000 - 0x000000005add4000 	C:\Program Files\Java\jdk1.8.0_161\jre\bin\sunec.dll
0x000000005b6d0000 - 0x000000005b6ea000 	C:\Program Files\Java\jdk1.8.0_161\jre\bin\net.dll
0x00007ff958ef0000 - 0x00007ff958f28000 	C:\WINDOWS\SYSTEM32\IPHLPAPI.DLL
0x00007ff95aec0000 - 0x00007ff95aec8000 	C:\WINDOWS\System32\NSI.dll
0x00007ff954fa0000 - 0x00007ff954fb6000 	C:\WINDOWS\SYSTEM32\dhcpcsvc6.DLL
0x00007ff954f80000 - 0x00007ff954f9a000 	C:\WINDOWS\SYSTEM32\dhcpcsvc.DLL
0x000000005b6b0000 - 0x000000005b6c1000 	C:\Program Files\Java\jdk1.8.0_161\jre\bin\nio.dll
0x00007ff959320000 - 0x00007ff959337000 	C:\WINDOWS\SYSTEM32\CRYPTSP.dll
0x00007ff958d50000 - 0x00007ff958d83000 	C:\WINDOWS\system32\rsaenh.dll
0x00007ff959450000 - 0x00007ff959475000 	C:\WINDOWS\SYSTEM32\bcrypt.dll
0x00007ff9597f0000 - 0x00007ff959818000 	C:\WINDOWS\SYSTEM32\USERENV.dll
0x00007ff959340000 - 0x00007ff95934b000 	C:\WINDOWS\SYSTEM32\CRYPTBASE.dll
0x00007ff958f30000 - 0x00007ff958fee000 	C:\WINDOWS\SYSTEM32\DNSAPI.dll
0x00007ff951c50000 - 0x00007ff951c5a000 	C:\Windows\System32\rasadhlp.dll
0x00007ff9559c0000 - 0x00007ff955a32000 	C:\WINDOWS\System32\fwpuclnt.dll
0x00007ff942d60000 - 0x00007ff94307c000 	C:\WINDOWS\SYSTEM32\dwrite.dll
0x00007ff95b8a0000 - 0x00007ff95b940000 	C:\WINDOWS\System32\clbcatq.dll
0x00007ff954690000 - 0x00007ff95483e000 	C:\WINDOWS\SYSTEM32\WindowsCodecs.dll
0x00007ff931d20000 - 0x00007ff931d78000 	C:\WINDOWS\system32\dataexchange.dll
0x00007ff957040000 - 0x00007ff9571dc000 	C:\WINDOWS\system32\dcomp.dll
0x00007ff958770000 - 0x00007ff95882b000 	C:\WINDOWS\system32\dxgi.dll
0x00007ff9568e0000 - 0x00007ff956beb000 	C:\WINDOWS\system32\d3d11.dll
0x00007ff9581f0000 - 0x00007ff9583a8000 	C:\WINDOWS\system32\twinapi.appcore.dll
0x00007ff958090000 - 0x00007ff9580b1000 	C:\WINDOWS\system32\RMCLIENT.dll
0x00007ff90f3b0000 - 0x00007ff90f3e4000 	C:\Program Files\Common Files\Microsoft Shared\Ink\rtscom.dll
0x000000005acf0000 - 0x000000005ad02000 	C:\Program Files\Java\jdk1.8.0_161\jre\bin\prism_common.dll
0x00007ff945c00000 - 0x00007ff945c97000 	C:\WINDOWS\System32\TextInputFramework.dll
0x00007ff9540f0000 - 0x00007ff95440e000 	C:\WINDOWS\System32\CoreUIComponents.dll
0x00007ff957770000 - 0x00007ff95784a000 	C:\WINDOWS\System32\CoreMessaging.dll
0x00007ff955a40000 - 0x00007ff955b8d000 	C:\WINDOWS\SYSTEM32\wintypes.dll

VM Arguments:
jvm_args: -agentlib:jdwp=transport=dt_socket,address=127.0.0.1:55075,suspend=y,server=n -Dfile.encoding=UTF-8 
java_command: com.zeiss.patient.client.app.Main
java_class_path (initial): C:\Program Files\Java\jdk1.8.0_161\jre\lib\charsets.jar;C:\Program Files\Java\jdk1.8.0_161\jre\lib\deploy.jar;C:\Program Files\Java\jdk1.8.0_161\jre\lib\ext\access-bridge-64.jar;C:\Program Files\Java\jdk1.8.0_161\jre\lib\ext\cldrdata.jar;C:\Program Files\Java\jdk1.8.0_161\jre\lib\ext\dnsns.jar;C:\Program Files\Java\jdk1.8.0_161\jre\lib\ext\jaccess.jar;C:\Program Files\Java\jdk1.8.0_161\jre\lib\ext\jfxrt.jar;C:\Program Files\Java\jdk1.8.0_161\jre\lib\ext\localedata.jar;C:\Program Files\Java\jdk1.8.0_161\jre\lib\ext\nashorn.jar;C:\Program Files\Java\jdk1.8.0_161\jre\lib\ext\sunec.jar;C:\Program Files\Java\jdk1.8.0_161\jre\lib\ext\sunjce_provider.jar;C:\Program Files\Java\jdk1.8.0_161\jre\lib\ext\sunmscapi.jar;C:\Program Files\Java\jdk1.8.0_161\jre\lib\ext\sunpkcs11.jar;C:\Program Files\Java\jdk1.8.0_161\jre\lib\ext\zipfs.jar;C:\Program Files\Java\jdk1.8.0_161\jre\lib\javaws.jar;C:\Program Files\Java\jdk1.8.0_161\jre\lib\jce.jar;C:\Program Files\Java\jdk1.8.0_161\jre\lib\jfr.jar;C:\Program Files\Java\jdk1.8.0_161\jre\lib\jfxswt.jar;C:\Program Files\Java\jdk1.8.0_161\jre\lib\jsse.jar;C:\Program Files\Java\jdk1.8.0_161\jre\lib\management-agent.jar;C:\Program Files\Java\jdk1.8.0_161\jre\lib\plugin.jar;C:\Program Files\Java\jdk1.8.0_161\jre\lib\resources.jar;C:\Program Files\Java\jdk1.8.0_161\jre\lib\rt.jar;C:\Project\patientrepository\patientapplication\client\patient-client-app\target\classes;C:\Users\sbal\.m2\repository\org\controlsfx\controlsfx\8.0.1\controlsfx-8.0.1.jar;C:\Project\patientrepository\patientapplication\client\patient-client-gui\target\classes;C:\Users\sbal\.m2\repository\com\google\inject\guice\4.2.0\guice-4.2.0.jar;C:\Users\sbal\.m2\repository\javax\inject\javax.inject\1\javax.inject-1.jar;C:\Users\sbal\.m2\repository\aopalliance\aopalliance\1.0\aopalliance-1.0.jar;C:\Users\sbal\.m2\repository\com\google\guava\guava\23.6-android\guava-23.6-android.jar;C:\Users\sbal\.m2\repository\com\google\code\findbugs\jsr305\1.3.9\jsr305
Launcher Type: SUN_STANDARD

Environment Variables:
JAVA_HOME=C:\Program Files\Java\jdk1.8.0_161
PATH=C:\ProgramData\Oracle\Java\javapath;C:\Program Files (x86)\Intel\iCLS Client\;C:\Program Files\Intel\iCLS Client\;C:\WINDOWS\system32;C:\WINDOWS;C:\WINDOWS\System32\Wbem;C:\WINDOWS\System32\WindowsPowerShell\v1.0\;C:\Program Files\OpenVPN\bin;C:\Program Files (x86)\Intel\Intel(R) Management Engine Components\DAL;C:\Program Files\Intel\Intel(R) Management Engine Components\DAL;C:\Program Files (x86)\Intel\Intel(R) Management Engine Components\IPT;C:\Program Files\Intel\Intel(R) Management Engine Components\IPT;C:\Program Files\Intel\WiFi\bin\;C:\Program Files\Common Files\Intel\WirelessCommon\;C:\WINDOWS\System32\OpenSSH\;C:\Program Files\Git\cmd;C:\Users\sbal\AppData\Local\Microsoft\WindowsApps;C:\software\apache-maven-3.5.3\bin;C:\Users\sbal\AppData\Local\GitHubDesktop\bin
USERNAME=sbal
OS=Windows_NT
PROCESSOR_IDENTIFIER=Intel64 Family 6 Model 78 Stepping 3, GenuineIntel



---------------  S Y S T E M  ---------------

OS: Windows 10.0 , 64 bit Build 17134 (10.0.17134.1)

CPU:total 4 (initial active 4) (2 cores per cpu, 2 threads per core) family 6 model 78 stepping 3, cmov, cx8, fxsr, mmx, sse, sse2, sse3, ssse3, sse4.1, sse4.2, popcnt, avx, avx2, aes, clmul, erms, rtm, 3dnowpref, lzcnt, ht, tsc, tscinvbit, bmi1, bmi2, adx

Memory: 4k page, physical 16657356k(7174632k free), swap 26094540k(6870164k free)

vm_info: Java HotSpot(TM) 64-Bit Server VM (25.161-b12) for windows-amd64 JRE (1.8.0_161-b12), built on Dec 19 2017 17:52:25 by "java_re" with MS VC++ 10.0 (VS2010)

time: Wed Sep 12 10:05:34 2018
elapsed time: 19 seconds (0d 0h 0m 19s)

