#
# A fatal error has been detected by the Java Runtime Environment:
#
#  EXCEPTION_ACCESS_VIOLATION (0xc0000005) at pc=0x00000000623478b0, pid=10196, tid=0x0000000000004490
#
# JRE version: Java(TM) SE Runtime Environment (8.0_161-b12) (build 1.8.0_161-b12)
# Java VM: Java HotSpot(TM) 64-Bit Server VM (25.161-b12 mixed mode windows-amd64 compressed oops)
# Problematic frame:
# C  [glass.dll+0x278b0]
#
# Failed to write core dump. Minidumps are not enabled by default on client versions of Windows
#
# If you would like to submit a bug report, please visit:
#   http://bugreport.java.com/bugreport/crash.jsp
#

---------------  T H R E A D  ---------------

Current thread (0x000000001cab7000):  VMThread [stack: 0x000000001db60000,0x000000001dc60000] [id=17552]

siginfo: ExceptionCode=0xc0000005, reading address 0x0000000000000000

Registers:
RAX=0x0000000000000000, RBX=0x000000001ece12c8, RCX=0x000000001cab7000, RDX=0x000000006378dc78
RSP=0x000000001dc5ef30, RBP=0x00000000013d8288, RSI=0x00000000013d8260, RDI=0x0000143e0ffac38a
R8 =0x0000000000010002, R9 =0x000000000000000a, R10=0x0000143e0ffac38a, R11=0x000000001dc5ee40
R12=0x0000000000000000, R13=0x0000000000000040, R14=0x000000001dc5f048, R15=0x00000000013d8260
RIP=0x00000000623478b0, EFLAGS=0x0000000000010206

Top of Stack: (sp=0x000000001dc5ef30)
0x000000001dc5ef30:   0000000000000000 00007ffdeb80e52b
0x000000001dc5ef40:   00000000013d8270 00000000013d8270
0x000000001dc5ef50:   fffffffffffffffe 00000000013d8288
0x000000001dc5ef60:   00000000013d8268 00007ffdeb807013
0x000000001dc5ef70:   000000006235c1b0 00007ffd00000000
0x000000001dc5ef80:   0000b5e890d7c742 00007ffde3d85270
0x000000001dc5ef90:   fffffffffffffffe 00007ffdeb8072ad
0x000000001dc5efa0:   0000000000000001 0000000062320000
0x000000001dc5efb0:   0000000003131638 00000000623448dc
0x000000001dc5efc0:   000000001dc5f038 00007ffdeb80da67
0x000000001dc5efd0:   0000000000000000 000000001dc5f048
0x000000001dc5efe0:   000000001c9c5500 00007ffdeb8eb090
0x000000001dc5eff0:   0000000000000000 00007ffdeb807204
0x000000001dc5f000:   0000000000000000 0000000000000001
0x000000001dc5f010:   0000000000000000 000000001dc5f038
0x000000001dc5f020:   0000000000000000 0000000062344752 

Instructions: (pc=0x00000000623478b0)
0x0000000062347890:   40 53 48 83 ec 30 48 c7 44 24 20 fe ff ff ff 48
0x00000000623478a0:   8b 1d 7a 72 01 00 48 85 db 74 16 e8 00 81 ff ff
0x00000000623478b0:   4c 8b 00 48 8b d3 48 8b c8 41 ff 90 b0 00 00 00
0x00000000623478c0:   90 48 83 c4 30 5b c3 cc cc cc cc cc cc cc cc cc 


Register to memory mapping:

RAX=0x0000000000000000 is an unknown value
RBX=0x000000001ece12c8 is a global jni handle
RCX=0x000000001cab7000 is an unknown value
RDX=0x000000006378dc78 is an unknown value
RSP=0x000000001dc5ef30 is an unknown value
RBP=0x00000000013d8288 is an unknown value
RSI=0x00000000013d8260 is an unknown value
RDI=0x0000143e0ffac38a is an unknown value
R8 =0x0000000000010002 is an unknown value
R9 =0x000000000000000a is an unknown value
R10=0x0000143e0ffac38a is an unknown value
R11=0x000000001dc5ee40 is an unknown value
R12=0x0000000000000000 is an unknown value
R13=0x0000000000000040 is an unknown value
R14=0x000000001dc5f048 is an unknown value
R15=0x00000000013d8260 is an unknown value


Stack: [0x000000001db60000,0x000000001dc60000],  sp=0x000000001dc5ef30,  free space=1019k
Native frames: (J=compiled Java code, j=interpreted, Vv=VM code, C=native code)
C  [glass.dll+0x278b0]
C  [ucrtbase.dll+0x7013]
C  [ucrtbase.dll+0xda67]
C  [ucrtbase.dll+0x7204]
C  [glass.dll+0x24752]
C  [glass.dll+0x24850]
C  [ntdll.dll+0x34143]
C  [ntdll.dll+0x40af5]
C  [ntdll.dll+0x409b8]
C  [KERNEL32.DLL+0x1b19a]
C  [msvcr100.dll+0x20ccd]
V  [jvm.dll+0x212e95]
V  [jvm.dll+0x24c227]
V  [jvm.dll+0x24b4c6]
V  [jvm.dll+0x24b961]
V  [jvm.dll+0x24bb7e]
V  [jvm.dll+0x29cc4a]
C  [msvcr100.dll+0x21d9f]
C  [msvcr100.dll+0x21e3b]
C  [KERNEL32.DLL+0x13034]
C  [ntdll.dll+0x71551]

VM_Operation (0x0000000020309560): Exit, mode: safepoint, requested by thread 0x000000001ecd0000


---------------  P R O C E S S  ---------------

Java Threads: ( => current thread )
  0x0000000027c1d000 JavaThread "Prism Font Disposer" daemon [_thread_blocked, id=4872, stack(0x000000002b110000,0x000000002b210000)]
  0x000000001edb4800 JavaThread "JavaFX-Launcher" [_thread_blocked, id=15060, stack(0x0000000027060000,0x0000000027160000)]
  0x000000001ed61000 JavaThread "Thread-2" daemon [_thread_in_native, id=2712, stack(0x0000000026f60000,0x0000000027060000)]
  0x000000001ecd0000 JavaThread "JavaFX Application Thread" [_thread_blocked, id=14240, stack(0x0000000020210000,0x0000000020310000)]
  0x000000001ecd2000 JavaThread "Thread-1" daemon [_thread_blocked, id=7484, stack(0x0000000020110000,0x0000000020210000)]
  0x000000001ec6f800 JavaThread "QuantumRenderer-0" daemon [_thread_blocked, id=18504, stack(0x000000001f540000,0x000000001f640000)]
  0x000000001e344800 JavaThread "Service Thread" daemon [_thread_blocked, id=11968, stack(0x000000001e950000,0x000000001ea50000)]
  0x000000001e2cb800 JavaThread "C1 CompilerThread2" daemon [_thread_blocked, id=18164, stack(0x000000001e850000,0x000000001e950000)]
  0x000000001e2bc800 JavaThread "C2 CompilerThread1" daemon [_thread_blocked, id=12340, stack(0x000000001e750000,0x000000001e850000)]
  0x000000001e2bb800 JavaThread "C2 CompilerThread0" daemon [_thread_blocked, id=19208, stack(0x000000001e650000,0x000000001e750000)]
  0x000000001e256000 JavaThread "Monitor Ctrl-Break" daemon [_thread_in_native, id=4688, stack(0x000000001e550000,0x000000001e650000)]
  0x000000001caee800 JavaThread "Attach Listener" daemon [_thread_blocked, id=13032, stack(0x000000001e050000,0x000000001e150000)]
  0x000000001cad9000 JavaThread "Finalizer" daemon [_thread_blocked, id=12920, stack(0x000000001dd60000,0x000000001de60000)]
  0x0000000003514000 JavaThread "Reference Handler" daemon [_thread_blocked, id=4884, stack(0x000000001dc60000,0x000000001dd60000)]
  0x0000000003424000 JavaThread "main" [_thread_blocked, id=11604, stack(0x0000000003220000,0x0000000003320000)]

Other Threads:
=>0x000000001cab7000 VMThread [stack: 0x000000001db60000,0x000000001dc60000] [id=17552]

VM state:at safepoint (shutting down)

VM Mutex/Monitor currently owned by a thread:  ([mutex/lock_event])
[0x00000000034209d0] Threads_lock - owner thread: 0x000000001cab7000

Heap:
 PSYoungGen      total 76288K, used 30123K [0x000000076b400000, 0x0000000772500000, 0x00000007c0000000)
  eden space 65536K, 29% used [0x000000076b400000,0x000000076c6f2e58,0x000000076f400000)
  from space 10752K, 99% used [0x000000076f400000,0x000000076fe77de0,0x000000076fe80000)
  to   space 10752K, 0% used [0x0000000771a80000,0x0000000771a80000,0x0000000772500000)
 ParOldGen       total 105472K, used 9067K [0x00000006c1c00000, 0x00000006c8300000, 0x000000076b400000)
  object space 105472K, 8% used [0x00000006c1c00000,0x00000006c24dad28,0x00000006c8300000)
 Metaspace       used 31184K, capacity 32746K, committed 32944K, reserved 1077248K
  class space    used 4235K, capacity 4524K, committed 4528K, reserved 1048576K

Card table byte_map: [0x00000000128e0000,0x00000000130e0000] byte_map_base: 0x000000000f2d2000

Marking Bits: (ParMarkBitMap*) 0x000000006397f860
 Begin Bits: [0x0000000013a30000, 0x00000000179c0000)
 End Bits:   [0x00000000179c0000, 0x000000001b950000)

Polling page: 0x0000000001320000

CodeCache: size=245760Kb used=14610Kb max_used=14610Kb free=231149Kb
 bounds [0x0000000003520000, 0x0000000004380000, 0x0000000012520000]
 total_blobs=5343 nmethods=4590 adapters=664
 compilation: enabled

Compilation events (10 events):
Event: 92.402 Thread 0x000000001e2cb800 4802       1       com.sun.javafx.tk.quantum.PaintRenderJob::getScene (5 bytes)
Event: 92.403 Thread 0x000000001e2cb800 nmethod 4802 0x000000000436ef90 code [0x000000000436f0e0, 0x000000000436f1f0]
Event: 92.483 Thread 0x000000001e2cb800 4803       3       java.util.HashMap$KeySet::contains (9 bytes)
Event: 92.484 Thread 0x000000001e2cb800 nmethod 4803 0x000000000436f250 code [0x000000000436f3c0, 0x000000000436f5e8]
Event: 92.487 Thread 0x000000001e2cb800 4804       3       com.sun.javafx.util.Logging::getInputLogger (18 bytes)
Event: 92.487 Thread 0x000000001e2cb800 nmethod 4804 0x000000000436f690 code [0x000000000436f800, 0x000000000436f9e8]
Event: 92.504 Thread 0x000000001e2cb800 4805       3       java.util.logging.LogManager$LoggerContext::ensureDefaultLogger (70 bytes)
Event: 92.504 Thread 0x000000001e2cb800 nmethod 4805 0x000000000436fa90 code [0x000000000436fc40, 0x00000000043704e8]
Event: 92.505 Thread 0x000000001e2cb800 4806       3       java.util.concurrent.ConcurrentHashMap::addCount (292 bytes)
Event: 92.506 Thread 0x000000001e2cb800 nmethod 4806 0x0000000004370710 code [0x0000000004370920, 0x0000000004371448]

GC Heap History (8 events):
Event: 2.175 GC heap before
{Heap before GC invocations=1 (full 0):
 PSYoungGen      total 76288K, used 65536K [0x000000076b400000, 0x0000000770900000, 0x00000007c0000000)
  eden space 65536K, 100% used [0x000000076b400000,0x000000076f400000,0x000000076f400000)
  from space 10752K, 0% used [0x000000076fe80000,0x000000076fe80000,0x0000000770900000)
  to   space 10752K, 0% used [0x000000076f400000,0x000000076f400000,0x000000076fe80000)
 ParOldGen       total 175104K, used 0K [0x00000006c1c00000, 0x00000006cc700000, 0x000000076b400000)
  object space 175104K, 0% used [0x00000006c1c00000,0x00000006c1c00000,0x00000006cc700000)
 Metaspace       used 16169K, capacity 16598K, committed 16896K, reserved 1064960K
  class space    used 2075K, capacity 2187K, committed 2304K, reserved 1048576K
Event: 2.183 GC heap after
Heap after GC invocations=1 (full 0):
 PSYoungGen      total 76288K, used 9121K [0x000000076b400000, 0x0000000770900000, 0x00000007c0000000)
  eden space 65536K, 0% used [0x000000076b400000,0x000000076b400000,0x000000076f400000)
  from space 10752K, 84% used [0x000000076f400000,0x000000076fce8788,0x000000076fe80000)
  to   space 10752K, 0% used [0x000000076fe80000,0x000000076fe80000,0x0000000770900000)
 ParOldGen       total 175104K, used 16K [0x00000006c1c00000, 0x00000006cc700000, 0x000000076b400000)
  object space 175104K, 0% used [0x00000006c1c00000,0x00000006c1c04000,0x00000006cc700000)
 Metaspace       used 16169K, capacity 16598K, committed 16896K, reserved 1064960K
  class space    used 2075K, capacity 2187K, committed 2304K, reserved 1048576K
}
Event: 2.507 GC heap before
{Heap before GC invocations=2 (full 0):
 PSYoungGen      total 76288K, used 36695K [0x000000076b400000, 0x0000000770900000, 0x00000007c0000000)
  eden space 65536K, 42% used [0x000000076b400000,0x000000076ceed4e0,0x000000076f400000)
  from space 10752K, 84% used [0x000000076f400000,0x000000076fce8788,0x000000076fe80000)
  to   space 10752K, 0% used [0x000000076fe80000,0x000000076fe80000,0x0000000770900000)
 ParOldGen       total 175104K, used 16K [0x00000006c1c00000, 0x00000006cc700000, 0x000000076b400000)
  object space 175104K, 0% used [0x00000006c1c00000,0x00000006c1c04000,0x00000006cc700000)
 Metaspace       used 20822K, capacity 21180K, committed 21296K, reserved 1067008K
  class space    used 2703K, capacity 2835K, committed 2864K, reserved 1048576K
Event: 2.517 GC heap after
Heap after GC invocations=2 (full 0):
 PSYoungGen      total 76288K, used 9305K [0x000000076b400000, 0x0000000774900000, 0x00000007c0000000)
  eden space 65536K, 0% used [0x000000076b400000,0x000000076b400000,0x000000076f400000)
  from space 10752K, 86% used [0x000000076fe80000,0x0000000770796708,0x0000000770900000)
  to   space 10752K, 0% used [0x000000076f400000,0x000000076f400000,0x000000076fe80000)
 ParOldGen       total 175104K, used 88K [0x00000006c1c00000, 0x00000006cc700000, 0x000000076b400000)
  object space 175104K, 0% used [0x00000006c1c00000,0x00000006c1c16010,0x00000006cc700000)
 Metaspace       used 20822K, capacity 21180K, committed 21296K, reserved 1067008K
  class space    used 2703K, capacity 2835K, committed 2864K, reserved 1048576K
}
Event: 2.517 GC heap before
{Heap before GC invocations=3 (full 1):
 PSYoungGen      total 76288K, used 9305K [0x000000076b400000, 0x0000000774900000, 0x00000007c0000000)
  eden space 65536K, 0% used [0x000000076b400000,0x000000076b400000,0x000000076f400000)
  from space 10752K, 86% used [0x000000076fe80000,0x0000000770796708,0x0000000770900000)
  to   space 10752K, 0% used [0x000000076f400000,0x000000076f400000,0x000000076fe80000)
 ParOldGen       total 175104K, used 88K [0x00000006c1c00000, 0x00000006cc700000, 0x000000076b400000)
  object space 175104K, 0% used [0x00000006c1c00000,0x00000006c1c16010,0x00000006cc700000)
 Metaspace       used 20822K, capacity 21180K, committed 21296K, reserved 1067008K
  class space    used 2703K, capacity 2835K, committed 2864K, reserved 1048576K
Event: 2.553 GC heap after
Heap after GC invocations=3 (full 1):
 PSYoungGen      total 76288K, used 0K [0x000000076b400000, 0x0000000774900000, 0x00000007c0000000)
  eden space 65536K, 0% used [0x000000076b400000,0x000000076b400000,0x000000076f400000)
  from space 10752K, 0% used [0x000000076fe80000,0x000000076fe80000,0x0000000770900000)
  to   space 10752K, 0% used [0x000000076f400000,0x000000076f400000,0x000000076fe80000)
 ParOldGen       total 105472K, used 9059K [0x00000006c1c00000, 0x00000006c8300000, 0x000000076b400000)
  object space 105472K, 8% used [0x00000006c1c00000,0x00000006c24d8d28,0x00000006c8300000)
 Metaspace       used 20822K, capacity 21180K, committed 21296K, reserved 1067008K
  class space    used 2703K, capacity 2835K, committed 2864K, reserved 1048576K
}
Event: 43.013 GC heap before
{Heap before GC invocations=4 (full 1):
 PSYoungGen      total 76288K, used 65536K [0x000000076b400000, 0x0000000774900000, 0x00000007c0000000)
  eden space 65536K, 100% used [0x000000076b400000,0x000000076f400000,0x000000076f400000)
  from space 10752K, 0% used [0x000000076fe80000,0x000000076fe80000,0x0000000770900000)
  to   space 10752K, 0% used [0x000000076f400000,0x000000076f400000,0x000000076fe80000)
 ParOldGen       total 105472K, used 9059K [0x00000006c1c00000, 0x00000006c8300000, 0x000000076b400000)
  object space 105472K, 8% used [0x00000006c1c00000,0x00000006c24d8d28,0x00000006c8300000)
 Metaspace       used 30883K, capacity 32398K, committed 32432K, reserved 1077248K
  class space    used 4230K, capacity 4520K, committed 4528K, reserved 1048576K
Event: 43.024 GC heap after
Heap after GC invocations=4 (full 1):
 PSYoungGen      total 76288K, used 10719K [0x000000076b400000, 0x0000000772500000, 0x00000007c0000000)
  eden space 65536K, 0% used [0x000000076b400000,0x000000076b400000,0x000000076f400000)
  from space 10752K, 99% used [0x000000076f400000,0x000000076fe77de0,0x000000076fe80000)
  to   space 10752K, 0% used [0x0000000771a80000,0x0000000771a80000,0x0000000772500000)
 ParOldGen       total 105472K, used 9067K [0x00000006c1c00000, 0x00000006c8300000, 0x000000076b400000)
  object space 105472K, 8% used [0x00000006c1c00000,0x00000006c24dad28,0x00000006c8300000)
 Metaspace       used 30883K, capacity 32398K, committed 32432K, reserved 1077248K
  class space    used 4230K, capacity 4520K, committed 4528K, reserved 1048576K
}

Deoptimization events (10 events):
Event: 11.962 Thread 0x000000001ecd0000 Uncommon trap: reason=class_check action=maybe_recompile pc=0x0000000003ff5494 method=javafx.scene.Node.updateLocalToParentTransform()V @ 11
Event: 11.963 Thread 0x000000001ecd0000 Uncommon trap: reason=class_check action=maybe_recompile pc=0x0000000003ff5494 method=javafx.scene.Node.updateLocalToParentTransform()V @ 11
Event: 11.963 Thread 0x000000001ecd0000 Uncommon trap: reason=class_check action=maybe_recompile pc=0x0000000003ff5494 method=javafx.scene.Node.updateLocalToParentTransform()V @ 11
Event: 12.623 Thread 0x000000001ecd0000 Uncommon trap: reason=unstable_if action=reinterpret pc=0x0000000003d11520 method=java.util.HashMap.removeNode(ILjava/lang/Object;Ljava/lang/Object;ZZ)Ljava/util/HashMap$Node; @ 234
Event: 14.157 Thread 0x000000001ecd0000 Uncommon trap: reason=unstable_if action=reinterpret pc=0x0000000003f31238 method=com.sun.javafx.css.StyleManager$CacheContainer.getStyleMap(I)Lcom/sun/javafx/css/StyleMap; @ 22
Event: 14.165 Thread 0x000000001ecd0000 Uncommon trap: reason=bimorphic action=maybe_recompile pc=0x0000000003e702f8 method=java.util.WeakHashMap.eq(Ljava/lang/Object;Ljava/lang/Object;)Z @ 7
Event: 14.169 Thread 0x000000001ecd0000 Uncommon trap: reason=bimorphic action=maybe_recompile pc=0x0000000003e702f8 method=java.util.WeakHashMap.eq(Ljava/lang/Object;Ljava/lang/Object;)Z @ 7
Event: 14.183 Thread 0x000000001ecd0000 Uncommon trap: reason=class_check action=maybe_recompile pc=0x0000000003ff5494 method=javafx.scene.Node.updateLocalToParentTransform()V @ 11
Event: 43.028 Thread 0x000000001ecd0000 Uncommon trap: reason=unstable_if action=reinterpret pc=0x0000000003a4e7d4 method=java.util.WeakHashMap.expungeStaleEntries()V @ 9
Event: 43.194 Thread 0x000000001ec6f800 Uncommon trap: reason=unstable_if action=reinterpret pc=0x0000000003927314 method=java.lang.ref.ReferenceQueue.poll()Ljava/lang/ref/Reference; @ 4

Classes redefined (0 events):
No events

Internal exceptions (10 events):
Event: 1.084 Thread 0x000000001ecd0000 Exception <a 'java/lang/ArrayIndexOutOfBoundsException'> (0x000000076dabf140) thrown at [C:\re\workspace\8-2-build-windows-amd64-cygwin\jdk8u161\10277\hotspot\src\share\vm\runtime\sharedRuntime.cpp, line 605]
Event: 1.212 Thread 0x000000001ecd0000 Exception <a 'java/lang/ArrayIndexOutOfBoundsException'> (0x000000076e172898) thrown at [C:\re\workspace\8-2-build-windows-amd64-cygwin\jdk8u161\10277\hotspot\src\share\vm\runtime\sharedRuntime.cpp, line 605]
Event: 1.601 Thread 0x000000001ecd0000 Exception <a 'java/lang/NoClassDefFoundError': org/apache/log4j/Priority> (0x000000076e8200f0) thrown at [C:\re\workspace\8-2-build-windows-amd64-cygwin\jdk8u161\10277\hotspot\src\share\vm\classfile\systemDictionary.cpp, line 199]
Event: 2.412 Thread 0x000000001ecd0000 Exception <a 'java/lang/ArrayIndexOutOfBoundsException': 48> (0x000000076c6cefd8) thrown at [C:\re\workspace\8-2-build-windows-amd64-cygwin\jdk8u161\10277\hotspot\src\share\vm\interpreter\interpreterRuntime.cpp, line 366]
Event: 2.413 Thread 0x000000001ecd0000 Exception <a 'java/lang/ArrayIndexOutOfBoundsException': 67> (0x000000076c6d0f08) thrown at [C:\re\workspace\8-2-build-windows-amd64-cygwin\jdk8u161\10277\hotspot\src\share\vm\interpreter\interpreterRuntime.cpp, line 366]
Event: 2.413 Thread 0x000000001ecd0000 Exception <a 'java/lang/ArrayIndexOutOfBoundsException': 84> (0x000000076c6d3148) thrown at [C:\re\workspace\8-2-build-windows-amd64-cygwin\jdk8u161\10277\hotspot\src\share\vm\interpreter\interpreterRuntime.cpp, line 366]
Event: 2.805 Thread 0x000000001ecd0000 Implicit null exception at 0x0000000003a4ef14 to 0x0000000003a4f311
Event: 2.813 Thread 0x000000001ecd0000 Implicit null exception at 0x0000000003792f35 to 0x0000000003793125
Event: 2.813 Thread 0x000000001ecd0000 Implicit null exception at 0x00000000038d783b to 0x00000000038d7d09
Event: 92.505 Thread 0x000000001ec14800 Exception <a 'java/lang/IllegalStateException'> (0x000000076c6b7f58) thrown at [C:\re\workspace\8-2-build-windows-amd64-cygwin\jdk8u161\10277\hotspot\src\share\vm\prims\jvm.cpp, line 1394]

Events (10 events):
Event: 92.494 Thread 0x000000001ec18800 Thread added: 0x000000001ec18800
Event: 92.494 Thread 0x000000001ec14800 Thread added: 0x000000001ec14800
Event: 92.504 Thread 0x000000001ec18800 Thread exited: 0x000000001ec18800
Event: 92.505 loading class com/sun/javafx/tk/quantum/QuantumRenderer
Event: 92.505 loading class com/sun/javafx/tk/quantum/QuantumRenderer done
Event: 92.505 loading class com/sun/javafx/tk/quantum/QuantumToolkit
Event: 92.505 loading class com/sun/javafx/tk/quantum/QuantumToolkit done
Event: 92.505 Thread 0x000000001ec14800 Thread exited: 0x000000001ec14800
Event: 92.506 Thread 0x000000001caed000 Thread exited: 0x000000001caed000
Event: 92.506 Executing VM operation: Exit


Dynamic libraries:
0x00007ff60f750000 - 0x00007ff60f787000 	C:\Program Files\Java\jdk1.8.0_161\bin\java.exe
0x00007ffdeea40000 - 0x00007ffdeec21000 	C:\WINDOWS\SYSTEM32\ntdll.dll
0x00007ffdec310000 - 0x00007ffdec3c2000 	C:\WINDOWS\System32\KERNEL32.DLL
0x00007ffdeb580000 - 0x00007ffdeb7f3000 	C:\WINDOWS\System32\KERNELBASE.dll
0x00007ffdec120000 - 0x00007ffdec1c1000 	C:\WINDOWS\System32\ADVAPI32.dll
0x00007ffdece40000 - 0x00007ffdecede000 	C:\WINDOWS\System32\msvcrt.dll
0x00007ffdec440000 - 0x00007ffdec49b000 	C:\WINDOWS\System32\sechost.dll
0x00007ffded440000 - 0x00007ffded564000 	C:\WINDOWS\System32\RPCRT4.dll
0x00007ffdec500000 - 0x00007ffdec690000 	C:\WINDOWS\System32\USER32.dll
0x00007ffdebd10000 - 0x00007ffdebd30000 	C:\WINDOWS\System32\win32u.dll
0x00007ffded570000 - 0x00007ffded598000 	C:\WINDOWS\System32\GDI32.dll
0x00007ffdebd30000 - 0x00007ffdebec2000 	C:\WINDOWS\System32\gdi32full.dll
0x00007ffdebb40000 - 0x00007ffdebbdf000 	C:\WINDOWS\System32\msvcp_win.dll
0x00007ffdeb800000 - 0x00007ffdeb8fa000 	C:\WINDOWS\System32\ucrtbase.dll
0x00007ffdd8190000 - 0x00007ffdd83f9000 	C:\WINDOWS\WinSxS\amd64_microsoft.windows.common-controls_6595b64144ccf1df_6.0.17134.81_none_b4b229fe3cb4cfa3\COMCTL32.dll
0x00007ffded040000 - 0x00007ffded363000 	C:\WINDOWS\System32\combase.dll
0x00007ffdebbe0000 - 0x00007ffdebc5a000 	C:\WINDOWS\System32\bcryptPrimitives.dll
0x00007ffdee9e0000 - 0x00007ffdeea0d000 	C:\WINDOWS\System32\IMM32.DLL
0x0000000063a00000 - 0x0000000063ad2000 	C:\Program Files\Java\jdk1.8.0_161\jre\bin\msvcr100.dll
0x0000000063160000 - 0x00000000639ff000 	C:\Program Files\Java\jdk1.8.0_161\jre\bin\server\jvm.dll
0x00007ffdec1d0000 - 0x00007ffdec1d8000 	C:\WINDOWS\System32\PSAPI.DLL
0x00007ffde9960000 - 0x00007ffde9969000 	C:\WINDOWS\SYSTEM32\WSOCK32.dll
0x00007ffddc240000 - 0x00007ffddc263000 	C:\WINDOWS\SYSTEM32\WINMM.dll
0x00007ffdec2a0000 - 0x00007ffdec30c000 	C:\WINDOWS\System32\WS2_32.dll
0x00007ffde2380000 - 0x00007ffde238a000 	C:\WINDOWS\SYSTEM32\VERSION.dll
0x00007ffddc1b0000 - 0x00007ffddc1da000 	C:\WINDOWS\SYSTEM32\winmmbase.dll
0x00007ffdeb900000 - 0x00007ffdeb949000 	C:\WINDOWS\System32\cfgmgr32.dll
0x0000000063150000 - 0x000000006315f000 	C:\Program Files\Java\jdk1.8.0_161\jre\bin\verify.dll
0x0000000063120000 - 0x0000000063149000 	C:\Program Files\Java\jdk1.8.0_161\jre\bin\java.dll
0x00000000623a0000 - 0x00000000623c3000 	C:\Program Files\Java\jdk1.8.0_161\jre\bin\instrument.dll
0x0000000063100000 - 0x0000000063116000 	C:\Program Files\Java\jdk1.8.0_161\jre\bin\zip.dll
0x00007ffded5a0000 - 0x00007ffdee9e0000 	C:\WINDOWS\System32\SHELL32.dll
0x00007ffdec070000 - 0x00007ffdec119000 	C:\WINDOWS\System32\shcore.dll
0x00007ffdeae10000 - 0x00007ffdeb51d000 	C:\WINDOWS\System32\windows.storage.dll
0x00007ffdec4a0000 - 0x00007ffdec4f1000 	C:\WINDOWS\System32\shlwapi.dll
0x00007ffdeadf0000 - 0x00007ffdeae01000 	C:\WINDOWS\System32\kernel.appcore.dll
0x00007ffdeadb0000 - 0x00007ffdeadcf000 	C:\WINDOWS\System32\profapi.dll
0x00007ffdead60000 - 0x00007ffdeadac000 	C:\WINDOWS\System32\powrprof.dll
0x00007ffdead50000 - 0x00007ffdead5a000 	C:\WINDOWS\System32\FLTLIB.DLL
0x00007ffde17d0000 - 0x00007ffde17ea000 	C:\Program Files\JetBrains\IntelliJ IDEA Community Edition 2017.3.4\bin\breakgen64.dll
0x00000000630e0000 - 0x00000000630fa000 	C:\Program Files\Java\jdk1.8.0_161\jre\bin\net.dll
0x00007ffdea570000 - 0x00007ffdea5d6000 	C:\WINDOWS\system32\mswsock.dll
0x0000000003110000 - 0x0000000003113000 	C:\Program Files\Java\jdk1.8.0_161\jre\bin\api-ms-win-core-console-l1-1-0.dll
0x0000000003120000 - 0x0000000003123000 	C:\Program Files\Java\jdk1.8.0_161\jre\bin\api-ms-win-core-datetime-l1-1-0.dll
0x0000000003190000 - 0x0000000003193000 	C:\Program Files\Java\jdk1.8.0_161\jre\bin\api-ms-win-core-debug-l1-1-0.dll
0x00000000031b0000 - 0x00000000031b3000 	C:\Program Files\Java\jdk1.8.0_161\jre\bin\api-ms-win-core-errorhandling-l1-1-0.dll
0x00000000031c0000 - 0x00000000031c4000 	C:\Program Files\Java\jdk1.8.0_161\jre\bin\api-ms-win-core-file-l1-1-0.dll
0x00000000031d0000 - 0x00000000031d3000 	C:\Program Files\Java\jdk1.8.0_161\jre\bin\api-ms-win-core-file-l1-2-0.dll
0x00000000031e0000 - 0x00000000031e3000 	C:\Program Files\Java\jdk1.8.0_161\jre\bin\api-ms-win-core-file-l2-1-0.dll
0x00000000031f0000 - 0x00000000031f3000 	C:\Program Files\Java\jdk1.8.0_161\jre\bin\api-ms-win-core-handle-l1-1-0.dll
0x0000000003200000 - 0x0000000003203000 	C:\Program Files\Java\jdk1.8.0_161\jre\bin\api-ms-win-core-heap-l1-1-0.dll
0x000000001f350000 - 0x000000001f353000 	C:\Program Files\Java\jdk1.8.0_161\jre\bin\api-ms-win-core-interlocked-l1-1-0.dll
0x000000001f360000 - 0x000000001f363000 	C:\Program Files\Java\jdk1.8.0_161\jre\bin\api-ms-win-core-libraryloader-l1-1-0.dll
0x000000001f370000 - 0x000000001f373000 	C:\Program Files\Java\jdk1.8.0_161\jre\bin\api-ms-win-core-localization-l1-2-0.dll
0x000000001f380000 - 0x000000001f383000 	C:\Program Files\Java\jdk1.8.0_161\jre\bin\api-ms-win-core-memory-l1-1-0.dll
0x000000001f390000 - 0x000000001f393000 	C:\Program Files\Java\jdk1.8.0_161\jre\bin\api-ms-win-core-namedpipe-l1-1-0.dll
0x000000001f3a0000 - 0x000000001f3a3000 	C:\Program Files\Java\jdk1.8.0_161\jre\bin\api-ms-win-core-processenvironment-l1-1-0.dll
0x000000001f3b0000 - 0x000000001f3b3000 	C:\Program Files\Java\jdk1.8.0_161\jre\bin\api-ms-win-core-processthreads-l1-1-0.dll
0x000000001f3c0000 - 0x000000001f3c3000 	C:\Program Files\Java\jdk1.8.0_161\jre\bin\api-ms-win-core-processthreads-l1-1-1.dll
0x000000001f3d0000 - 0x000000001f3d3000 	C:\Program Files\Java\jdk1.8.0_161\jre\bin\api-ms-win-core-profile-l1-1-0.dll
0x000000001f3e0000 - 0x000000001f3e3000 	C:\Program Files\Java\jdk1.8.0_161\jre\bin\api-ms-win-core-rtlsupport-l1-1-0.dll
0x000000001f3f0000 - 0x000000001f3f3000 	C:\Program Files\Java\jdk1.8.0_161\jre\bin\api-ms-win-core-string-l1-1-0.dll
0x000000001f400000 - 0x000000001f403000 	C:\Program Files\Java\jdk1.8.0_161\jre\bin\api-ms-win-core-synch-l1-1-0.dll
0x000000001f410000 - 0x000000001f413000 	C:\Program Files\Java\jdk1.8.0_161\jre\bin\api-ms-win-core-synch-l1-2-0.dll
0x000000001f420000 - 0x000000001f423000 	C:\Program Files\Java\jdk1.8.0_161\jre\bin\api-ms-win-core-sysinfo-l1-1-0.dll
0x000000001f430000 - 0x000000001f433000 	C:\Program Files\Java\jdk1.8.0_161\jre\bin\api-ms-win-core-timezone-l1-1-0.dll
0x000000001f440000 - 0x000000001f443000 	C:\Program Files\Java\jdk1.8.0_161\jre\bin\api-ms-win-core-util-l1-1-0.dll
0x000000001f450000 - 0x000000001f453000 	C:\Program Files\Java\jdk1.8.0_161\jre\bin\api-ms-win-crt-conio-l1-1-0.dll
0x000000001f460000 - 0x000000001f464000 	C:\Program Files\Java\jdk1.8.0_161\jre\bin\api-ms-win-crt-convert-l1-1-0.dll
0x000000001f470000 - 0x000000001f473000 	C:\Program Files\Java\jdk1.8.0_161\jre\bin\api-ms-win-crt-environment-l1-1-0.dll
0x000000001f480000 - 0x000000001f483000 	C:\Program Files\Java\jdk1.8.0_161\jre\bin\api-ms-win-crt-filesystem-l1-1-0.dll
0x000000001f490000 - 0x000000001f493000 	C:\Program Files\Java\jdk1.8.0_161\jre\bin\api-ms-win-crt-heap-l1-1-0.dll
0x000000001f4a0000 - 0x000000001f4a3000 	C:\Program Files\Java\jdk1.8.0_161\jre\bin\api-ms-win-crt-locale-l1-1-0.dll
0x000000001f4b0000 - 0x000000001f4b5000 	C:\Program Files\Java\jdk1.8.0_161\jre\bin\api-ms-win-crt-math-l1-1-0.dll
0x000000001f4c0000 - 0x000000001f4c5000 	C:\Program Files\Java\jdk1.8.0_161\jre\bin\api-ms-win-crt-multibyte-l1-1-0.dll
0x000000001f4d0000 - 0x000000001f4e0000 	C:\Program Files\Java\jdk1.8.0_161\jre\bin\api-ms-win-crt-private-l1-1-0.dll
0x000000001f4e0000 - 0x000000001f4e3000 	C:\Program Files\Java\jdk1.8.0_161\jre\bin\api-ms-win-crt-process-l1-1-0.dll
0x000000001f4f0000 - 0x000000001f4f4000 	C:\Program Files\Java\jdk1.8.0_161\jre\bin\api-ms-win-crt-runtime-l1-1-0.dll
0x000000001f500000 - 0x000000001f504000 	C:\Program Files\Java\jdk1.8.0_161\jre\bin\api-ms-win-crt-stdio-l1-1-0.dll
0x000000001f510000 - 0x000000001f514000 	C:\Program Files\Java\jdk1.8.0_161\jre\bin\api-ms-win-crt-string-l1-1-0.dll
0x000000001f520000 - 0x000000001f523000 	C:\Program Files\Java\jdk1.8.0_161\jre\bin\api-ms-win-crt-time-l1-1-0.dll
0x000000001f530000 - 0x000000001f533000 	C:\Program Files\Java\jdk1.8.0_161\jre\bin\api-ms-win-crt-utility-l1-1-0.dll
0x00007ffdd4920000 - 0x00007ffdd4a16000 	C:\Program Files\Java\jdk1.8.0_161\jre\bin\ucrtbase.dll
0x00007ffdd47f0000 - 0x00007ffdd4841000 	C:\Program Files\Java\jdk1.8.0_161\jre\bin\concrt140.dll
0x00007ffdd8a20000 - 0x00007ffdd8a36000 	C:\WINDOWS\SYSTEM32\VCRUNTIME140.dll
0x00007ffdd87b0000 - 0x00007ffdd884f000 	C:\WINDOWS\SYSTEM32\MSVCP140.dll
0x00007ffde07a0000 - 0x00007ffde07b6000 	C:\Program Files\Java\jdk1.8.0_161\jre\bin\vcruntime140.dll
0x00007ffdc4080000 - 0x00007ffdc411c000 	C:\Program Files\Java\jdk1.8.0_161\jre\bin\msvcp140.dll
0x0000000062370000 - 0x0000000062393000 	C:\Program Files\Java\jdk1.8.0_161\jre\bin\prism_d3d.dll
0x00007ffda1270000 - 0x00007ffda1407000 	C:\WINDOWS\system32\d3d9.dll
0x00007ffde9470000 - 0x00007ffde9499000 	C:\WINDOWS\SYSTEM32\dwmapi.dll
0x00007ffde93a0000 - 0x00007ffde9438000 	C:\WINDOWS\system32\uxtheme.dll
0x00007ffd808c0000 - 0x00007ffd845cb000 	C:\WINDOWS\System32\DriverStore\FileRepository\ki125177.inf_amd64_d9d520fc51d8a7f4\igdumdim64.dll
0x00007ffdec690000 - 0x00007ffdecadb000 	C:\WINDOWS\System32\SETUPAPI.dll
0x00007ffdecee0000 - 0x00007ffded031000 	C:\WINDOWS\System32\ole32.dll
0x00007ffded370000 - 0x00007ffded432000 	C:\WINDOWS\System32\OLEAUT32.dll
0x0000000062320000 - 0x0000000062369000 	C:\Program Files\Java\jdk1.8.0_161\jre\bin\glass.dll
0x00007ffdecd50000 - 0x00007ffdece3d000 	C:\WINDOWS\System32\COMDLG32.dll
0x00007ffdecb60000 - 0x00007ffdeccd5000 	C:\WINDOWS\System32\MSCTF.dll
0x00007ffde31a0000 - 0x00007ffde47ac000 	C:\WINDOWS\System32\DriverStore\FileRepository\ki125177.inf_amd64_d9d520fc51d8a7f4\igc64.dll
0x0000000062300000 - 0x0000000062314000 	C:\Program Files\Java\jdk1.8.0_161\jre\bin\javafx_font.dll
0x0000000063040000 - 0x0000000063064000 	C:\Program Files\Java\jdk1.8.0_161\jre\bin\sunec.dll
0x00007ffdea2f0000 - 0x00007ffdea328000 	C:\WINDOWS\SYSTEM32\IPHLPAPI.DLL
0x00007ffdecd40000 - 0x00007ffdecd48000 	C:\WINDOWS\System32\NSI.dll
0x00007ffddeca0000 - 0x00007ffddecb6000 	C:\WINDOWS\SYSTEM32\dhcpcsvc6.DLL
0x00007ffddec00000 - 0x00007ffddec1a000 	C:\WINDOWS\SYSTEM32\dhcpcsvc.DLL
0x00000000630c0000 - 0x00000000630d1000 	C:\Program Files\Java\jdk1.8.0_161\jre\bin\nio.dll
0x00007ffdea720000 - 0x00007ffdea737000 	C:\WINDOWS\SYSTEM32\CRYPTSP.dll
0x00007ffdea150000 - 0x00007ffdea183000 	C:\WINDOWS\system32\rsaenh.dll
0x00007ffdea8b0000 - 0x00007ffdea8d5000 	C:\WINDOWS\SYSTEM32\bcrypt.dll
0x00007ffdeac50000 - 0x00007ffdeac78000 	C:\WINDOWS\SYSTEM32\USERENV.dll
0x00007ffdea740000 - 0x00007ffdea74b000 	C:\WINDOWS\SYSTEM32\CRYPTBASE.dll
0x00007ffdea330000 - 0x00007ffdea3ee000 	C:\WINDOWS\SYSTEM32\DNSAPI.dll
0x00007ffddfcd0000 - 0x00007ffddfcda000 	C:\Windows\System32\rasadhlp.dll
0x00007ffddf810000 - 0x00007ffddf882000 	C:\WINDOWS\System32\fwpuclnt.dll
0x00007ffdc9a30000 - 0x00007ffdc9d4c000 	C:\WINDOWS\SYSTEM32\dwrite.dll
0x00007ffdec200000 - 0x00007ffdec2a0000 	C:\WINDOWS\System32\clbcatq.dll
0x00007ffde91b0000 - 0x00007ffde935e000 	C:\WINDOWS\SYSTEM32\WindowsCodecs.dll
0x00007ffde2540000 - 0x00007ffde2598000 	C:\WINDOWS\system32\dataexchange.dll
0x00007ffde7d10000 - 0x00007ffde7eac000 	C:\WINDOWS\system32\dcomp.dll
0x00007ffde7000000 - 0x00007ffde730b000 	C:\WINDOWS\system32\d3d11.dll
0x00007ffde9b40000 - 0x00007ffde9bfb000 	C:\WINDOWS\system32\dxgi.dll
0x00007ffde65a0000 - 0x00007ffde6758000 	C:\WINDOWS\system32\twinapi.appcore.dll
0x00007ffde8520000 - 0x00007ffde8541000 	C:\WINDOWS\system32\RMCLIENT.dll
0x00007ffdc33f0000 - 0x00007ffdc3424000 	C:\Program Files\Common Files\Microsoft Shared\Ink\rtscom.dll
0x00007ffdcef10000 - 0x00007ffdcefa8000 	C:\WINDOWS\System32\TextInputFramework.dll
0x00007ffde69d0000 - 0x00007ffde6cee000 	C:\WINDOWS\System32\CoreUIComponents.dll
0x00007ffde83a0000 - 0x00007ffde847a000 	C:\WINDOWS\System32\CoreMessaging.dll

VM Arguments:
jvm_args: -javaagent:C:\Program Files\JetBrains\IntelliJ IDEA Community Edition 2017.3.4\lib\idea_rt.jar=50349:C:\Program Files\JetBrains\IntelliJ IDEA Community Edition 2017.3.4\bin -Dfile.encoding=UTF-8 
java_command: com.zeiss.gui.Main
java_class_path (initial): C:\Program Files\Java\jdk1.8.0_161\jre\lib\charsets.jar;C:\Program Files\Java\jdk1.8.0_161\jre\lib\deploy.jar;C:\Program Files\Java\jdk1.8.0_161\jre\lib\ext\access-bridge-64.jar;C:\Program Files\Java\jdk1.8.0_161\jre\lib\ext\cldrdata.jar;C:\Program Files\Java\jdk1.8.0_161\jre\lib\ext\dnsns.jar;C:\Program Files\Java\jdk1.8.0_161\jre\lib\ext\jaccess.jar;C:\Program Files\Java\jdk1.8.0_161\jre\lib\ext\jfxrt.jar;C:\Program Files\Java\jdk1.8.0_161\jre\lib\ext\localedata.jar;C:\Program Files\Java\jdk1.8.0_161\jre\lib\ext\nashorn.jar;C:\Program Files\Java\jdk1.8.0_161\jre\lib\ext\sunec.jar;C:\Program Files\Java\jdk1.8.0_161\jre\lib\ext\sunjce_provider.jar;C:\Program Files\Java\jdk1.8.0_161\jre\lib\ext\sunmscapi.jar;C:\Program Files\Java\jdk1.8.0_161\jre\lib\ext\sunpkcs11.jar;C:\Program Files\Java\jdk1.8.0_161\jre\lib\ext\zipfs.jar;C:\Program Files\Java\jdk1.8.0_161\jre\lib\javaws.jar;C:\Program Files\Java\jdk1.8.0_161\jre\lib\jce.jar;C:\Program Files\Java\jdk1.8.0_161\jre\lib\jfr.jar;C:\Program Files\Java\jdk1.8.0_161\jre\lib\jfxswt.jar;C:\Program Files\Java\jdk1.8.0_161\jre\lib\jsse.jar;C:\Program Files\Java\jdk1.8.0_161\jre\lib\management-agent.jar;C:\Program Files\Java\jdk1.8.0_161\jre\lib\plugin.jar;C:\Program Files\Java\jdk1.8.0_161\jre\lib\resources.jar;C:\Program Files\Java\jdk1.8.0_161\jre\lib\rt.jar;C:\Project\patientrepository\patientapplication\client\target\classes;C:\Users\sbal\Downloads\controlsfx-8.0.1.jar;C:\Users\sbal\.m2\repository\io\github\openfeign\feign-core\9.4.0\feign-core-9.4.0.jar;C:\Users\sbal\.m2\repository\org\jvnet\animal-sniffer-annotation\1.0\animal-sniffer-annotation-1.0.jar;C:\Users\sbal\.m2\repository\io\github\openfeign\feign-jackson\9.4.0\feign-jackson-9.4.0.jar;C:\Users\sbal\.m2\repository\com\fasterxml\jackson\core\jackson-databind\2.6.4\jackson-databind-2.6.4.jar;C:\Users\sbal\.m2\repository\com\fasterxml\jackson\core\jackson-annotations\2.6.0\jackson-annotations-2.6.0.jar;C:\Users\sbal\.m2\repository\com\
Launcher Type: SUN_STANDARD

Environment Variables:
JAVA_HOME=C:\Program Files\Java\jdk1.8.0_161
PATH=C:\ProgramData\Oracle\Java\javapath;C:\Program Files (x86)\Intel\iCLS Client\;C:\Program Files\Intel\iCLS Client\;C:\WINDOWS\system32;C:\WINDOWS;C:\WINDOWS\System32\Wbem;C:\WINDOWS\System32\WindowsPowerShell\v1.0\;C:\Program Files\OpenVPN\bin;C:\Program Files (x86)\Intel\Intel(R) Management Engine Components\DAL;C:\Program Files\Intel\Intel(R) Management Engine Components\DAL;C:\Program Files (x86)\Intel\Intel(R) Management Engine Components\IPT;C:\Program Files\Intel\Intel(R) Management Engine Components\IPT;C:\Program Files\Intel\WiFi\bin\;C:\Program Files\Common Files\Intel\WirelessCommon\;C:\WINDOWS\System32\OpenSSH\;C:\Program Files\Git\cmd;C:\Users\sbal\AppData\Local\Microsoft\WindowsApps;C:\software\apache-maven-3.5.3\bin;
USERNAME=sbal
OS=Windows_NT
PROCESSOR_IDENTIFIER=Intel64 Family 6 Model 78 Stepping 3, GenuineIntel



---------------  S Y S T E M  ---------------

OS: Windows 10.0 , 64 bit Build 17134 (10.0.17134.1)

CPU:total 4 (initial active 4) (2 cores per cpu, 2 threads per core) family 6 model 78 stepping 3, cmov, cx8, fxsr, mmx, sse, sse2, sse3, ssse3, sse4.1, sse4.2, popcnt, avx, avx2, aes, clmul, erms, rtm, 3dnowpref, lzcnt, ht, tsc, tscinvbit, bmi1, bmi2, adx

Memory: 4k page, physical 16657356k(8731032k free), swap 19672012k(4878904k free)

vm_info: Java HotSpot(TM) 64-Bit Server VM (25.161-b12) for windows-amd64 JRE (1.8.0_161-b12), built on Dec 19 2017 17:52:25 by "java_re" with MS VC++ 10.0 (VS2010)

time: Sun Jun 17 12:14:53 2018
elapsed time: 92 seconds (0d 0h 1m 32s)

